<?xml version="1.0" encoding="UTF-8"?>
<!-- Generated by org.testng.reporters.JUnitXMLReporter -->
<testsuite ignored="38" hostname="TIJO_PC" failures="0" tests="1" name="Default test" time="60.142" errors="0" timestamp="2020-10-18T13:11:49 IST">
  <testcase classname="com.share.testscript.Home" name="TC_Home_001" time="31.296"/>
  <testcase classname="com.share.testscript.Home" name="TC_Home_058_059_60_61_62" time="0.0">
    <ignored/>
  </testcase> <!-- TC_Home_058_059_60_61_62 -->
  <testcase classname="com.share.testscript.Home" name="TC_Home_041" time="0.0">
    <ignored/>
  </testcase> <!-- TC_Home_041 -->
  <testcase classname="com.share.testscript.Home" name="TC_Home_042" time="0.0">
    <ignored/>
  </testcase> <!-- TC_Home_042 -->
  <testcase classname="com.share.testscript.Home" name="TC_Home_064" time="0.0">
    <ignored/>
  </testcase> <!-- TC_Home_064 -->
  <testcase classname="com.share.testscript.Home" name="TC_Home_043" time="0.0">
    <ignored/>
  </testcase> <!-- TC_Home_043 -->
  <testcase classname="com.share.testscript.Home" name="TC_Home_065" time="0.0">
    <ignored/>
  </testcase> <!-- TC_Home_065 -->
  <testcase classname="com.share.testscript.Home" name="TC_Home_080" time="0.0">
    <ignored/>
  </testcase> <!-- TC_Home_080 -->
  <testcase classname="com.share.testscript.Home" name="TC_Home_N053" time="0.0">
    <ignored/>
  </testcase> <!-- TC_Home_N053 -->
  <testcase classname="com.share.testscript.Home" name="TC_Home_015" time="0.0">
    <ignored/>
  </testcase> <!-- TC_Home_015 -->
  <testcase classname="com.share.testscript.Home" name="TC_Home_016" time="0.0">
    <ignored/>
  </testcase> <!-- TC_Home_016 -->
  <testcase classname="com.share.testscript.Home" name="TC_Home_017" time="0.0">
    <ignored/>
  </testcase> <!-- TC_Home_017 -->
  <testcase classname="com.share.testscript.Home" name="TC_Home_011" time="0.0">
    <ignored/>
  </testcase> <!-- TC_Home_011 -->
  <testcase classname="com.share.testscript.Home" name="TC_Home_012" time="0.0">
    <ignored/>
  </testcase> <!-- TC_Home_012 -->
  <testcase classname="com.share.testscript.Home" name="TC_Home_056" time="0.0">
    <ignored/>
  </testcase> <!-- TC_Home_056 -->
  <testcase classname="com.share.testscript.Home" name="TC_Home_013" time="0.0">
    <ignored/>
  </testcase> <!-- TC_Home_013 -->
  <testcase classname="com.share.testscript.Home" name="TC_Home_014" time="0.0">
    <ignored/>
  </testcase> <!-- TC_Home_014 -->
  <testcase classname="com.share.testscript.Home" name="TC_Home_SO001" time="0.0">
    <ignored/>
  </testcase> <!-- TC_Home_SO001 -->
  <testcase classname="com.share.testscript.Home" name="TC_Home_073" time="0.0">
    <ignored/>
  </testcase> <!-- TC_Home_073 -->
  <testcase classname="com.share.testscript.Home" name="TC_Home_030" time="0.0">
    <ignored/>
  </testcase> <!-- TC_Home_030 -->
  <testcase classname="com.share.testscript.Home" name="TC_Home_074" time="0.0">
    <ignored/>
  </testcase> <!-- TC_Home_074 -->
  <testcase classname="com.share.testscript.Home" name="TC_Home_053" time="0.0">
    <ignored/>
  </testcase> <!-- TC_Home_053 -->
  <testcase classname="com.share.testscript.Home" name="TC_Home_010" time="0.0">
    <ignored/>
  </testcase> <!-- TC_Home_010 -->
  <testcase classname="com.share.testscript.Home" name="TC_Home_N064" time="0.0">
    <ignored/>
  </testcase> <!-- TC_Home_N064 -->
  <testcase classname="com.share.testscript.Home" name="TC_Home_070" time="0.0">
    <ignored/>
  </testcase> <!-- TC_Home_070 -->
  <testcase classname="com.share.testscript.Home" name="TC_Home_003_005" time="0.0">
    <ignored/>
  </testcase> <!-- TC_Home_003_005 -->
  <testcase classname="com.share.testscript.Home" name="TC_Home_071" time="0.0">
    <ignored/>
  </testcase> <!-- TC_Home_071 -->
  <testcase classname="com.share.testscript.Home" name="TC_Home_072" time="0.0">
    <ignored/>
  </testcase> <!-- TC_Home_072 -->
  <testcase classname="com.share.testscript.Home" name="TC_Home_004" time="0.0">
    <ignored/>
  </testcase> <!-- TC_Home_004 -->
  <testcase classname="com.share.testscript.Home" name="TC_Home_028" time="0.0">
    <ignored/>
  </testcase> <!-- TC_Home_028 -->
  <testcase classname="com.share.testscript.Home" name="TC_Home_006" time="0.0">
    <ignored/>
  </testcase> <!-- TC_Home_006 -->
  <testcase classname="com.share.testscript.Home" name="TC_Home_007" time="0.0">
    <ignored/>
  </testcase> <!-- TC_Home_007 -->
  <testcase classname="com.share.testscript.Home" name="TC_Home_029" time="0.0">
    <ignored/>
  </testcase> <!-- TC_Home_029 -->
  <testcase classname="com.share.testscript.Home" name="TC_Home_067" time="0.0">
    <ignored/>
  </testcase> <!-- TC_Home_067 -->
  <testcase classname="com.share.testscript.Home" name="TC_Home_068" time="0.0">
    <ignored/>
  </testcase> <!-- TC_Home_068 -->
  <testcase classname="com.share.testscript.Home" name="TC_Home_N063" time="0.0">
    <ignored/>
  </testcase> <!-- TC_Home_N063 -->
  <testcase classname="com.share.testscript.Home" name="TC_Home_002" time="0.0">
    <ignored/>
  </testcase> <!-- TC_Home_002 -->
  <testcase classname="com.share.testscript.Home" name="TC_Home_008" time="0.0">
    <ignored/>
  </testcase> <!-- TC_Home_008 -->
  <testcase classname="com.share.testscript.Home" name="TC_Home_009" time="0.0">
    <ignored/>
  </testcase> <!-- TC_Home_009 -->
</testsuite> <!-- Default test -->
