<?xml version="1.0" encoding="UTF-8"?>
<testng-results ignored="38" total="39" passed="1" failed="0" skipped="0">
  <reporter-output>
  </reporter-output>
  <suite started-at="2020-10-18T13:10:48 IST" name="Default suite" finished-at="2020-10-18T13:11:48 IST" duration-ms="60142">
    <groups>
    </groups>
    <test started-at="2020-10-18T13:10:48 IST" name="Default test" finished-at="2020-10-18T13:11:48 IST" duration-ms="60142">
      <class name="com.share.testscript.Home">
        <test-method is-config="true" signature="SetUp()[pri:0, instance:com.share.testscript.Home@6580cfdd]" started-at="2020-10-18T13:10:48 IST" name="SetUp" finished-at="2020-10-18T13:10:48 IST" duration-ms="258" status="PASS">
          <reporter-output>
          </reporter-output>
        </test-method> <!-- SetUp -->
        <test-method is-config="true" signature="CreateDriver()[pri:0, instance:com.share.testscript.Home@6580cfdd]" started-at="2020-10-18T13:10:48 IST" name="CreateDriver" finished-at="2020-10-18T13:11:16 IST" duration-ms="27925" status="PASS">
          <reporter-output>
          </reporter-output>
        </test-method> <!-- CreateDriver -->
        <test-method signature="TC_Home_001(java.lang.reflect.Method)[pri:1, instance:com.share.testscript.Home@6580cfdd]" started-at="2020-10-18T13:11:16 IST" name="TC_Home_001" finished-at="2020-10-18T13:11:48 IST" duration-ms="31296" status="PASS">
          <params>
            <param index="0">
              <value>
                <![CDATA[public void com.share.testscript.Home.TC_Home_001(java.lang.reflect.Method) throws java.lang.Exception]]>
              </value>
            </param>
          </params>
          <reporter-output>
          </reporter-output>
        </test-method> <!-- TC_Home_001 -->
        <test-method is-config="true" signature="setTestResult(org.testng.ITestResult)[pri:0, instance:com.share.testscript.Home@6580cfdd]" started-at="2020-10-18T13:11:48 IST" name="setTestResult" finished-at="2020-10-18T13:11:48 IST" duration-ms="851" status="PASS">
          <params>
            <param index="0">
              <value>
                <![CDATA[[TestResult name=TC_Home_001 status=SUCCESS method=Home.TC_Home_001(java.lang.reflect.Method)[pri:1, instance:com.share.testscript.Home@6580cfdd] output={null}]]]>
              </value>
            </param>
          </params>
          <reporter-output>
          </reporter-output>
        </test-method> <!-- setTestResult -->
        <test-method is-config="true" signature="reportClose()[pri:0, instance:com.share.testscript.Home@6580cfdd]" started-at="2020-10-18T13:11:49 IST" name="reportClose" finished-at="2020-10-18T13:11:49 IST" duration-ms="572" status="PASS">
          <reporter-output>
          </reporter-output>
        </test-method> <!-- reportClose -->
      </class> <!-- com.share.testscript.Home -->
    </test> <!-- Default test -->
  </suite> <!-- Default suite -->
</testng-results>
