<?xml version="1.0" encoding="UTF-8"?>
<!-- Generated by org.testng.reporters.JUnitReportReporter -->
<testsuite hostname="TIJO_PC" failures="0" tests="106" name="com.share.testscript.Registration" time="5.170" errors="53" timestamp="2020-10-15T13:10:52 IST" skipped="52">
  <testcase classname="com.share.testscript.Registration" name="TC_Registration_015_to_020" time="0.000">
    <skipped/>
  </testcase> <!-- TC_Registration_015_to_020 -->
  <testcase classname="com.share.testscript.Registration" name="TC_Registration_035_to_040" time="0.000">
    <skipped/>
  </testcase> <!-- TC_Registration_035_to_040 -->
  <testcase classname="com.share.testscript.Registration" name="TC_Registration_052" time="0.000">
    <skipped/>
  </testcase> <!-- TC_Registration_052 -->
  <testcase classname="com.share.testscript.Registration" name="setTestResult" time="0.029">
    <error message="An unknown server-side error occurred while processing the command. Original error: Could not proxy command to remote server. Original error: Error: socket hang up
Build info: version: &#039;3.141.59&#039;, revision: &#039;e82be7d358&#039;, time: &#039;2018-11-14T08:17:03&#039;
System info: host: &#039;TIJO_PC&#039;, ip: &#039;192.168.43.55&#039;, os.name: &#039;Windows 10&#039;, os.arch: &#039;amd64&#039;, os.version: &#039;10.0&#039;, java.version: &#039;13.0.2&#039;
Driver info: io.appium.java_client.android.AndroidDriver
Capabilities {adbExecTimeout: 50000, appActivity: com.maf.android.share.prese..., appPackage: com.maf.dl.sharesit, autoGrantPermissions: true, automationName: uiautomator2, databaseEnabled: false, desired: {adbExecTimeout: 50000, appActivity: com.maf.android.share.prese..., appPackage: com.maf.dl.sharesit, autoGrantPermissions: true, automationName: uiautomator2, device: Android, deviceName: DT89626EA1950609814, newCommandTimeout: 120, noReset: true, noSign: true, platformName: android}, device: Android, deviceApiLevel: 29, deviceManufacturer: HMD Global, deviceModel: Nokia 3.2, deviceName: DT89626EA1950609814, deviceScreenDensity: 320, deviceScreenSize: 720x1520, deviceUDID: DT89626EA1950609814, javascriptEnabled: true, locationContextEnabled: false, networkConnectionEnabled: true, newCommandTimeout: 120, noReset: true, noSign: true, pixelRatio: 2, platform: LINUX, platformName: Android, platformVersion: 10, statBarHeight: 56, takesScreenshot: true, viewportRect: {height: 1312, left: 0, top: 56, width: 720}, warnings: {}, webStorageEnabled: false}
Session ID: 86aac669-0e08-465b-80e4-c64a7dc9ab87" type="org.openqa.selenium.WebDriverException">
      <![CDATA[org.openqa.selenium.WebDriverException: An unknown server-side error occurred while processing the command. Original error: Could not proxy command to remote server. Original error: Error: socket hang up
Build info: version: '3.141.59', revision: 'e82be7d358', time: '2018-11-14T08:17:03'
System info: host: 'TIJO_PC', ip: '192.168.43.55', os.name: 'Windows 10', os.arch: 'amd64', os.version: '10.0', java.version: '13.0.2'
Driver info: io.appium.java_client.android.AndroidDriver
Capabilities {adbExecTimeout: 50000, appActivity: com.maf.android.share.prese..., appPackage: com.maf.dl.sharesit, autoGrantPermissions: true, automationName: uiautomator2, databaseEnabled: false, desired: {adbExecTimeout: 50000, appActivity: com.maf.android.share.prese..., appPackage: com.maf.dl.sharesit, autoGrantPermissions: true, automationName: uiautomator2, device: Android, deviceName: DT89626EA1950609814, newCommandTimeout: 120, noReset: true, noSign: true, platformName: android}, device: Android, deviceApiLevel: 29, deviceManufacturer: HMD Global, deviceModel: Nokia 3.2, deviceName: DT89626EA1950609814, deviceScreenDensity: 320, deviceScreenSize: 720x1520, deviceUDID: DT89626EA1950609814, javascriptEnabled: true, locationContextEnabled: false, networkConnectionEnabled: true, newCommandTimeout: 120, noReset: true, noSign: true, pixelRatio: 2, platform: LINUX, platformName: Android, platformVersion: 10, statBarHeight: 56, takesScreenshot: true, viewportRect: {height: 1312, left: 0, top: 56, width: 720}, warnings: {}, webStorageEnabled: false}
Session ID: 86aac669-0e08-465b-80e4-c64a7dc9ab87
at jdk.internal.reflect.GeneratedConstructorAccessor34.newInstance(Unknown Source)
at java.base/jdk.internal.reflect.DelegatingConstructorAccessorImpl.newInstance(DelegatingConstructorAccessorImpl.java:45)
at java.base/java.lang.reflect.Constructor.newInstanceWithCaller(Constructor.java:500)
at java.base/java.lang.reflect.Constructor.newInstance(Constructor.java:481)
at org.openqa.selenium.remote.http.W3CHttpResponseCodec.createException(W3CHttpResponseCodec.java:187)
at org.openqa.selenium.remote.http.W3CHttpResponseCodec.decode(W3CHttpResponseCodec.java:122)
at org.openqa.selenium.remote.http.W3CHttpResponseCodec.decode(W3CHttpResponseCodec.java:49)
at org.openqa.selenium.remote.HttpCommandExecutor.execute(HttpCommandExecutor.java:158)
at io.appium.java_client.remote.AppiumCommandExecutor.execute(AppiumCommandExecutor.java:239)
at org.openqa.selenium.remote.RemoteWebDriver.execute(RemoteWebDriver.java:552)
at io.appium.java_client.DefaultGenericMobileDriver.execute(DefaultGenericMobileDriver.java:45)
at io.appium.java_client.AppiumDriver.execute(AppiumDriver.java:1)
at io.appium.java_client.android.AndroidDriver.execute(AndroidDriver.java:1)
at org.openqa.selenium.remote.RemoteWebDriver.getScreenshotAs(RemoteWebDriver.java:295)
at com.share.utility.Utilities.getScreenshot(Utilities.java:22)
at com.share.general.DriverSetUp.setTestResult(DriverSetUp.java:184)
at java.base/jdk.internal.reflect.NativeMethodAccessorImpl.invoke0(Native Method)
at java.base/jdk.internal.reflect.NativeMethodAccessorImpl.invoke(NativeMethodAccessorImpl.java:62)
at java.base/jdk.internal.reflect.DelegatingMethodAccessorImpl.invoke(DelegatingMethodAccessorImpl.java:43)
at java.base/java.lang.reflect.Method.invoke(Method.java:567)
at org.testng.internal.MethodInvocationHelper.invokeMethod(MethodInvocationHelper.java:133)
at org.testng.internal.MethodInvocationHelper.invokeMethodConsideringTimeout(MethodInvocationHelper.java:62)
at org.testng.internal.ConfigInvoker.invokeConfigurationMethod(ConfigInvoker.java:340)
at org.testng.internal.ConfigInvoker.invokeConfigurations(ConfigInvoker.java:294)
at org.testng.internal.TestInvoker.runConfigMethods(TestInvoker.java:683)
at org.testng.internal.TestInvoker.runAfterGroupsConfigurations(TestInvoker.java:658)
at org.testng.internal.TestInvoker.invokeMethod(TestInvoker.java:530)
at org.testng.internal.TestInvoker.invokeTestMethod(TestInvoker.java:172)
at org.testng.internal.MethodRunner.runInSequence(MethodRunner.java:46)
at org.testng.internal.TestInvoker$MethodInvocationAgent.invoke(TestInvoker.java:804)
at org.testng.internal.TestInvoker.invokeTestMethods(TestInvoker.java:145)
at org.testng.internal.TestMethodWorker.invokeTestMethods(TestMethodWorker.java:146)
at org.testng.internal.TestMethodWorker.run(TestMethodWorker.java:128)
at java.base/java.util.ArrayList.forEach(ArrayList.java:1507)
at org.testng.TestRunner.privateRun(TestRunner.java:770)
at org.testng.TestRunner.run(TestRunner.java:591)
at org.testng.SuiteRunner.runTest(SuiteRunner.java:402)
at org.testng.SuiteRunner.runSequentially(SuiteRunner.java:396)
at org.testng.SuiteRunner.privateRun(SuiteRunner.java:355)
at org.testng.SuiteRunner.run(SuiteRunner.java:304)
at org.testng.SuiteRunnerWorker.runSuite(SuiteRunnerWorker.java:53)
at org.testng.SuiteRunnerWorker.run(SuiteRunnerWorker.java:96)
at org.testng.TestNG.runSuitesSequentially(TestNG.java:1180)
at org.testng.TestNG.runSuitesLocally(TestNG.java:1102)
at org.testng.TestNG.runSuites(TestNG.java:1032)
at org.testng.TestNG.run(TestNG.java:1000)
at org.testng.remote.AbstractRemoteTestNG.run(AbstractRemoteTestNG.java:115)
at org.testng.remote.RemoteTestNG.initAndRun(RemoteTestNG.java:251)
at org.testng.remote.RemoteTestNG.main(RemoteTestNG.java:77)
]]>
    </error>
  </testcase> <!-- setTestResult -->
  <testcase classname="com.share.testscript.Registration" name="TC_Registration_015_to_020" time="0.000">
    <skipped/>
  </testcase> <!-- TC_Registration_015_to_020 -->
  <testcase classname="com.share.testscript.Registration" name="TC_Registration_003_to_008" time="0.000">
    <skipped/>
  </testcase> <!-- TC_Registration_003_to_008 -->
  <testcase classname="com.share.testscript.Registration" name="setTestResult" time="0.037">
    <error message="An unknown server-side error occurred while processing the command. Original error: Could not proxy command to remote server. Original error: Error: socket hang up
Build info: version: &#039;3.141.59&#039;, revision: &#039;e82be7d358&#039;, time: &#039;2018-11-14T08:17:03&#039;
System info: host: &#039;TIJO_PC&#039;, ip: &#039;192.168.43.55&#039;, os.name: &#039;Windows 10&#039;, os.arch: &#039;amd64&#039;, os.version: &#039;10.0&#039;, java.version: &#039;13.0.2&#039;
Driver info: io.appium.java_client.android.AndroidDriver
Capabilities {adbExecTimeout: 50000, appActivity: com.maf.android.share.prese..., appPackage: com.maf.dl.sharesit, autoGrantPermissions: true, automationName: uiautomator2, databaseEnabled: false, desired: {adbExecTimeout: 50000, appActivity: com.maf.android.share.prese..., appPackage: com.maf.dl.sharesit, autoGrantPermissions: true, automationName: uiautomator2, device: Android, deviceName: DT89626EA1950609814, newCommandTimeout: 120, noReset: true, noSign: true, platformName: android}, device: Android, deviceApiLevel: 29, deviceManufacturer: HMD Global, deviceModel: Nokia 3.2, deviceName: DT89626EA1950609814, deviceScreenDensity: 320, deviceScreenSize: 720x1520, deviceUDID: DT89626EA1950609814, javascriptEnabled: true, locationContextEnabled: false, networkConnectionEnabled: true, newCommandTimeout: 120, noReset: true, noSign: true, pixelRatio: 2, platform: LINUX, platformName: Android, platformVersion: 10, statBarHeight: 56, takesScreenshot: true, viewportRect: {height: 1312, left: 0, top: 56, width: 720}, warnings: {}, webStorageEnabled: false}
Session ID: 86aac669-0e08-465b-80e4-c64a7dc9ab87" type="org.openqa.selenium.WebDriverException">
      <![CDATA[org.openqa.selenium.WebDriverException: An unknown server-side error occurred while processing the command. Original error: Could not proxy command to remote server. Original error: Error: socket hang up
Build info: version: '3.141.59', revision: 'e82be7d358', time: '2018-11-14T08:17:03'
System info: host: 'TIJO_PC', ip: '192.168.43.55', os.name: 'Windows 10', os.arch: 'amd64', os.version: '10.0', java.version: '13.0.2'
Driver info: io.appium.java_client.android.AndroidDriver
Capabilities {adbExecTimeout: 50000, appActivity: com.maf.android.share.prese..., appPackage: com.maf.dl.sharesit, autoGrantPermissions: true, automationName: uiautomator2, databaseEnabled: false, desired: {adbExecTimeout: 50000, appActivity: com.maf.android.share.prese..., appPackage: com.maf.dl.sharesit, autoGrantPermissions: true, automationName: uiautomator2, device: Android, deviceName: DT89626EA1950609814, newCommandTimeout: 120, noReset: true, noSign: true, platformName: android}, device: Android, deviceApiLevel: 29, deviceManufacturer: HMD Global, deviceModel: Nokia 3.2, deviceName: DT89626EA1950609814, deviceScreenDensity: 320, deviceScreenSize: 720x1520, deviceUDID: DT89626EA1950609814, javascriptEnabled: true, locationContextEnabled: false, networkConnectionEnabled: true, newCommandTimeout: 120, noReset: true, noSign: true, pixelRatio: 2, platform: LINUX, platformName: Android, platformVersion: 10, statBarHeight: 56, takesScreenshot: true, viewportRect: {height: 1312, left: 0, top: 56, width: 720}, warnings: {}, webStorageEnabled: false}
Session ID: 86aac669-0e08-465b-80e4-c64a7dc9ab87
at jdk.internal.reflect.GeneratedConstructorAccessor34.newInstance(Unknown Source)
at java.base/jdk.internal.reflect.DelegatingConstructorAccessorImpl.newInstance(DelegatingConstructorAccessorImpl.java:45)
at java.base/java.lang.reflect.Constructor.newInstanceWithCaller(Constructor.java:500)
at java.base/java.lang.reflect.Constructor.newInstance(Constructor.java:481)
at org.openqa.selenium.remote.http.W3CHttpResponseCodec.createException(W3CHttpResponseCodec.java:187)
at org.openqa.selenium.remote.http.W3CHttpResponseCodec.decode(W3CHttpResponseCodec.java:122)
at org.openqa.selenium.remote.http.W3CHttpResponseCodec.decode(W3CHttpResponseCodec.java:49)
at org.openqa.selenium.remote.HttpCommandExecutor.execute(HttpCommandExecutor.java:158)
at io.appium.java_client.remote.AppiumCommandExecutor.execute(AppiumCommandExecutor.java:239)
at org.openqa.selenium.remote.RemoteWebDriver.execute(RemoteWebDriver.java:552)
at io.appium.java_client.DefaultGenericMobileDriver.execute(DefaultGenericMobileDriver.java:45)
at io.appium.java_client.AppiumDriver.execute(AppiumDriver.java:1)
at io.appium.java_client.android.AndroidDriver.execute(AndroidDriver.java:1)
at org.openqa.selenium.remote.RemoteWebDriver.getScreenshotAs(RemoteWebDriver.java:295)
at com.share.utility.Utilities.getScreenshot(Utilities.java:22)
at com.share.general.DriverSetUp.setTestResult(DriverSetUp.java:184)
at java.base/jdk.internal.reflect.NativeMethodAccessorImpl.invoke0(Native Method)
at java.base/jdk.internal.reflect.NativeMethodAccessorImpl.invoke(NativeMethodAccessorImpl.java:62)
at java.base/jdk.internal.reflect.DelegatingMethodAccessorImpl.invoke(DelegatingMethodAccessorImpl.java:43)
at java.base/java.lang.reflect.Method.invoke(Method.java:567)
at org.testng.internal.MethodInvocationHelper.invokeMethod(MethodInvocationHelper.java:133)
at org.testng.internal.MethodInvocationHelper.invokeMethodConsideringTimeout(MethodInvocationHelper.java:62)
at org.testng.internal.ConfigInvoker.invokeConfigurationMethod(ConfigInvoker.java:340)
at org.testng.internal.ConfigInvoker.invokeConfigurations(ConfigInvoker.java:294)
at org.testng.internal.TestInvoker.runConfigMethods(TestInvoker.java:683)
at org.testng.internal.TestInvoker.runAfterGroupsConfigurations(TestInvoker.java:658)
at org.testng.internal.TestInvoker.invokeMethod(TestInvoker.java:530)
at org.testng.internal.TestInvoker.invokeTestMethod(TestInvoker.java:172)
at org.testng.internal.MethodRunner.runInSequence(MethodRunner.java:46)
at org.testng.internal.TestInvoker$MethodInvocationAgent.invoke(TestInvoker.java:804)
at org.testng.internal.TestInvoker.invokeTestMethods(TestInvoker.java:145)
at org.testng.internal.TestMethodWorker.invokeTestMethods(TestMethodWorker.java:146)
at org.testng.internal.TestMethodWorker.run(TestMethodWorker.java:128)
at java.base/java.util.ArrayList.forEach(ArrayList.java:1507)
at org.testng.TestRunner.privateRun(TestRunner.java:770)
at org.testng.TestRunner.run(TestRunner.java:591)
at org.testng.SuiteRunner.runTest(SuiteRunner.java:402)
at org.testng.SuiteRunner.runSequentially(SuiteRunner.java:396)
at org.testng.SuiteRunner.privateRun(SuiteRunner.java:355)
at org.testng.SuiteRunner.run(SuiteRunner.java:304)
at org.testng.SuiteRunnerWorker.runSuite(SuiteRunnerWorker.java:53)
at org.testng.SuiteRunnerWorker.run(SuiteRunnerWorker.java:96)
at org.testng.TestNG.runSuitesSequentially(TestNG.java:1180)
at org.testng.TestNG.runSuitesLocally(TestNG.java:1102)
at org.testng.TestNG.runSuites(TestNG.java:1032)
at org.testng.TestNG.run(TestNG.java:1000)
at org.testng.remote.AbstractRemoteTestNG.run(AbstractRemoteTestNG.java:115)
at org.testng.remote.RemoteTestNG.initAndRun(RemoteTestNG.java:251)
at org.testng.remote.RemoteTestNG.main(RemoteTestNG.java:77)
]]>
    </error>
  </testcase> <!-- setTestResult -->
  <testcase classname="com.share.testscript.Registration" name="setTestResult" time="0.029">
    <error message="An unknown server-side error occurred while processing the command. Original error: Could not proxy command to remote server. Original error: Error: socket hang up
Build info: version: &#039;3.141.59&#039;, revision: &#039;e82be7d358&#039;, time: &#039;2018-11-14T08:17:03&#039;
System info: host: &#039;TIJO_PC&#039;, ip: &#039;192.168.43.55&#039;, os.name: &#039;Windows 10&#039;, os.arch: &#039;amd64&#039;, os.version: &#039;10.0&#039;, java.version: &#039;13.0.2&#039;
Driver info: io.appium.java_client.android.AndroidDriver
Capabilities {adbExecTimeout: 50000, appActivity: com.maf.android.share.prese..., appPackage: com.maf.dl.sharesit, autoGrantPermissions: true, automationName: uiautomator2, databaseEnabled: false, desired: {adbExecTimeout: 50000, appActivity: com.maf.android.share.prese..., appPackage: com.maf.dl.sharesit, autoGrantPermissions: true, automationName: uiautomator2, device: Android, deviceName: DT89626EA1950609814, newCommandTimeout: 120, noReset: true, noSign: true, platformName: android}, device: Android, deviceApiLevel: 29, deviceManufacturer: HMD Global, deviceModel: Nokia 3.2, deviceName: DT89626EA1950609814, deviceScreenDensity: 320, deviceScreenSize: 720x1520, deviceUDID: DT89626EA1950609814, javascriptEnabled: true, locationContextEnabled: false, networkConnectionEnabled: true, newCommandTimeout: 120, noReset: true, noSign: true, pixelRatio: 2, platform: LINUX, platformName: Android, platformVersion: 10, statBarHeight: 56, takesScreenshot: true, viewportRect: {height: 1312, left: 0, top: 56, width: 720}, warnings: {}, webStorageEnabled: false}
Session ID: 86aac669-0e08-465b-80e4-c64a7dc9ab87" type="org.openqa.selenium.WebDriverException">
      <![CDATA[org.openqa.selenium.WebDriverException: An unknown server-side error occurred while processing the command. Original error: Could not proxy command to remote server. Original error: Error: socket hang up
Build info: version: '3.141.59', revision: 'e82be7d358', time: '2018-11-14T08:17:03'
System info: host: 'TIJO_PC', ip: '192.168.43.55', os.name: 'Windows 10', os.arch: 'amd64', os.version: '10.0', java.version: '13.0.2'
Driver info: io.appium.java_client.android.AndroidDriver
Capabilities {adbExecTimeout: 50000, appActivity: com.maf.android.share.prese..., appPackage: com.maf.dl.sharesit, autoGrantPermissions: true, automationName: uiautomator2, databaseEnabled: false, desired: {adbExecTimeout: 50000, appActivity: com.maf.android.share.prese..., appPackage: com.maf.dl.sharesit, autoGrantPermissions: true, automationName: uiautomator2, device: Android, deviceName: DT89626EA1950609814, newCommandTimeout: 120, noReset: true, noSign: true, platformName: android}, device: Android, deviceApiLevel: 29, deviceManufacturer: HMD Global, deviceModel: Nokia 3.2, deviceName: DT89626EA1950609814, deviceScreenDensity: 320, deviceScreenSize: 720x1520, deviceUDID: DT89626EA1950609814, javascriptEnabled: true, locationContextEnabled: false, networkConnectionEnabled: true, newCommandTimeout: 120, noReset: true, noSign: true, pixelRatio: 2, platform: LINUX, platformName: Android, platformVersion: 10, statBarHeight: 56, takesScreenshot: true, viewportRect: {height: 1312, left: 0, top: 56, width: 720}, warnings: {}, webStorageEnabled: false}
Session ID: 86aac669-0e08-465b-80e4-c64a7dc9ab87
at jdk.internal.reflect.GeneratedConstructorAccessor34.newInstance(Unknown Source)
at java.base/jdk.internal.reflect.DelegatingConstructorAccessorImpl.newInstance(DelegatingConstructorAccessorImpl.java:45)
at java.base/java.lang.reflect.Constructor.newInstanceWithCaller(Constructor.java:500)
at java.base/java.lang.reflect.Constructor.newInstance(Constructor.java:481)
at org.openqa.selenium.remote.http.W3CHttpResponseCodec.createException(W3CHttpResponseCodec.java:187)
at org.openqa.selenium.remote.http.W3CHttpResponseCodec.decode(W3CHttpResponseCodec.java:122)
at org.openqa.selenium.remote.http.W3CHttpResponseCodec.decode(W3CHttpResponseCodec.java:49)
at org.openqa.selenium.remote.HttpCommandExecutor.execute(HttpCommandExecutor.java:158)
at io.appium.java_client.remote.AppiumCommandExecutor.execute(AppiumCommandExecutor.java:239)
at org.openqa.selenium.remote.RemoteWebDriver.execute(RemoteWebDriver.java:552)
at io.appium.java_client.DefaultGenericMobileDriver.execute(DefaultGenericMobileDriver.java:45)
at io.appium.java_client.AppiumDriver.execute(AppiumDriver.java:1)
at io.appium.java_client.android.AndroidDriver.execute(AndroidDriver.java:1)
at org.openqa.selenium.remote.RemoteWebDriver.getScreenshotAs(RemoteWebDriver.java:295)
at com.share.utility.Utilities.getScreenshot(Utilities.java:22)
at com.share.general.DriverSetUp.setTestResult(DriverSetUp.java:184)
at jdk.internal.reflect.GeneratedMethodAccessor8.invoke(Unknown Source)
at java.base/jdk.internal.reflect.DelegatingMethodAccessorImpl.invoke(DelegatingMethodAccessorImpl.java:43)
at java.base/java.lang.reflect.Method.invoke(Method.java:567)
at org.testng.internal.MethodInvocationHelper.invokeMethod(MethodInvocationHelper.java:133)
at org.testng.internal.MethodInvocationHelper.invokeMethodConsideringTimeout(MethodInvocationHelper.java:62)
at org.testng.internal.ConfigInvoker.invokeConfigurationMethod(ConfigInvoker.java:340)
at org.testng.internal.ConfigInvoker.invokeConfigurations(ConfigInvoker.java:294)
at org.testng.internal.TestInvoker.runConfigMethods(TestInvoker.java:683)
at org.testng.internal.TestInvoker.runAfterGroupsConfigurations(TestInvoker.java:658)
at org.testng.internal.TestInvoker.invokeMethod(TestInvoker.java:530)
at org.testng.internal.TestInvoker.invokeTestMethod(TestInvoker.java:172)
at org.testng.internal.MethodRunner.runInSequence(MethodRunner.java:46)
at org.testng.internal.TestInvoker$MethodInvocationAgent.invoke(TestInvoker.java:804)
at org.testng.internal.TestInvoker.invokeTestMethods(TestInvoker.java:145)
at org.testng.internal.TestMethodWorker.invokeTestMethods(TestMethodWorker.java:146)
at org.testng.internal.TestMethodWorker.run(TestMethodWorker.java:128)
at java.base/java.util.ArrayList.forEach(ArrayList.java:1507)
at org.testng.TestRunner.privateRun(TestRunner.java:770)
at org.testng.TestRunner.run(TestRunner.java:591)
at org.testng.SuiteRunner.runTest(SuiteRunner.java:402)
at org.testng.SuiteRunner.runSequentially(SuiteRunner.java:396)
at org.testng.SuiteRunner.privateRun(SuiteRunner.java:355)
at org.testng.SuiteRunner.run(SuiteRunner.java:304)
at org.testng.SuiteRunnerWorker.runSuite(SuiteRunnerWorker.java:53)
at org.testng.SuiteRunnerWorker.run(SuiteRunnerWorker.java:96)
at org.testng.TestNG.runSuitesSequentially(TestNG.java:1180)
at org.testng.TestNG.runSuitesLocally(TestNG.java:1102)
at org.testng.TestNG.runSuites(TestNG.java:1032)
at org.testng.TestNG.run(TestNG.java:1000)
at org.testng.remote.AbstractRemoteTestNG.run(AbstractRemoteTestNG.java:115)
at org.testng.remote.RemoteTestNG.initAndRun(RemoteTestNG.java:251)
at org.testng.remote.RemoteTestNG.main(RemoteTestNG.java:77)
]]>
    </error>
  </testcase> <!-- setTestResult -->
  <testcase classname="com.share.testscript.Registration" name="setTestResult" time="0.140">
    <error message="An unknown server-side error occurred while processing the command. Original error: Could not proxy command to remote server. Original error: Error: socket hang up
Build info: version: &#039;3.141.59&#039;, revision: &#039;e82be7d358&#039;, time: &#039;2018-11-14T08:17:03&#039;
System info: host: &#039;TIJO_PC&#039;, ip: &#039;192.168.43.55&#039;, os.name: &#039;Windows 10&#039;, os.arch: &#039;amd64&#039;, os.version: &#039;10.0&#039;, java.version: &#039;13.0.2&#039;
Driver info: io.appium.java_client.android.AndroidDriver
Capabilities {adbExecTimeout: 50000, appActivity: com.maf.android.share.prese..., appPackage: com.maf.dl.sharesit, autoGrantPermissions: true, automationName: uiautomator2, databaseEnabled: false, desired: {adbExecTimeout: 50000, appActivity: com.maf.android.share.prese..., appPackage: com.maf.dl.sharesit, autoGrantPermissions: true, automationName: uiautomator2, device: Android, deviceName: DT89626EA1950609814, newCommandTimeout: 120, noReset: true, noSign: true, platformName: android}, device: Android, deviceApiLevel: 29, deviceManufacturer: HMD Global, deviceModel: Nokia 3.2, deviceName: DT89626EA1950609814, deviceScreenDensity: 320, deviceScreenSize: 720x1520, deviceUDID: DT89626EA1950609814, javascriptEnabled: true, locationContextEnabled: false, networkConnectionEnabled: true, newCommandTimeout: 120, noReset: true, noSign: true, pixelRatio: 2, platform: LINUX, platformName: Android, platformVersion: 10, statBarHeight: 56, takesScreenshot: true, viewportRect: {height: 1312, left: 0, top: 56, width: 720}, warnings: {}, webStorageEnabled: false}
Session ID: 86aac669-0e08-465b-80e4-c64a7dc9ab87" type="org.openqa.selenium.WebDriverException">
      <![CDATA[org.openqa.selenium.WebDriverException: An unknown server-side error occurred while processing the command. Original error: Could not proxy command to remote server. Original error: Error: socket hang up
Build info: version: '3.141.59', revision: 'e82be7d358', time: '2018-11-14T08:17:03'
System info: host: 'TIJO_PC', ip: '192.168.43.55', os.name: 'Windows 10', os.arch: 'amd64', os.version: '10.0', java.version: '13.0.2'
Driver info: io.appium.java_client.android.AndroidDriver
Capabilities {adbExecTimeout: 50000, appActivity: com.maf.android.share.prese..., appPackage: com.maf.dl.sharesit, autoGrantPermissions: true, automationName: uiautomator2, databaseEnabled: false, desired: {adbExecTimeout: 50000, appActivity: com.maf.android.share.prese..., appPackage: com.maf.dl.sharesit, autoGrantPermissions: true, automationName: uiautomator2, device: Android, deviceName: DT89626EA1950609814, newCommandTimeout: 120, noReset: true, noSign: true, platformName: android}, device: Android, deviceApiLevel: 29, deviceManufacturer: HMD Global, deviceModel: Nokia 3.2, deviceName: DT89626EA1950609814, deviceScreenDensity: 320, deviceScreenSize: 720x1520, deviceUDID: DT89626EA1950609814, javascriptEnabled: true, locationContextEnabled: false, networkConnectionEnabled: true, newCommandTimeout: 120, noReset: true, noSign: true, pixelRatio: 2, platform: LINUX, platformName: Android, platformVersion: 10, statBarHeight: 56, takesScreenshot: true, viewportRect: {height: 1312, left: 0, top: 56, width: 720}, warnings: {}, webStorageEnabled: false}
Session ID: 86aac669-0e08-465b-80e4-c64a7dc9ab87
at jdk.internal.reflect.GeneratedConstructorAccessor34.newInstance(Unknown Source)
at java.base/jdk.internal.reflect.DelegatingConstructorAccessorImpl.newInstance(DelegatingConstructorAccessorImpl.java:45)
at java.base/java.lang.reflect.Constructor.newInstanceWithCaller(Constructor.java:500)
at java.base/java.lang.reflect.Constructor.newInstance(Constructor.java:481)
at org.openqa.selenium.remote.http.W3CHttpResponseCodec.createException(W3CHttpResponseCodec.java:187)
at org.openqa.selenium.remote.http.W3CHttpResponseCodec.decode(W3CHttpResponseCodec.java:122)
at org.openqa.selenium.remote.http.W3CHttpResponseCodec.decode(W3CHttpResponseCodec.java:49)
at org.openqa.selenium.remote.HttpCommandExecutor.execute(HttpCommandExecutor.java:158)
at io.appium.java_client.remote.AppiumCommandExecutor.execute(AppiumCommandExecutor.java:239)
at org.openqa.selenium.remote.RemoteWebDriver.execute(RemoteWebDriver.java:552)
at io.appium.java_client.DefaultGenericMobileDriver.execute(DefaultGenericMobileDriver.java:45)
at io.appium.java_client.AppiumDriver.execute(AppiumDriver.java:1)
at io.appium.java_client.android.AndroidDriver.execute(AndroidDriver.java:1)
at org.openqa.selenium.remote.RemoteWebDriver.getScreenshotAs(RemoteWebDriver.java:295)
at com.share.utility.Utilities.getScreenshot(Utilities.java:22)
at com.share.general.DriverSetUp.setTestResult(DriverSetUp.java:184)
at jdk.internal.reflect.GeneratedMethodAccessor8.invoke(Unknown Source)
at java.base/jdk.internal.reflect.DelegatingMethodAccessorImpl.invoke(DelegatingMethodAccessorImpl.java:43)
at java.base/java.lang.reflect.Method.invoke(Method.java:567)
at org.testng.internal.MethodInvocationHelper.invokeMethod(MethodInvocationHelper.java:133)
at org.testng.internal.MethodInvocationHelper.invokeMethodConsideringTimeout(MethodInvocationHelper.java:62)
at org.testng.internal.ConfigInvoker.invokeConfigurationMethod(ConfigInvoker.java:340)
at org.testng.internal.ConfigInvoker.invokeConfigurations(ConfigInvoker.java:294)
at org.testng.internal.TestInvoker.runConfigMethods(TestInvoker.java:683)
at org.testng.internal.TestInvoker.runAfterGroupsConfigurations(TestInvoker.java:658)
at org.testng.internal.TestInvoker.invokeMethod(TestInvoker.java:530)
at org.testng.internal.TestInvoker.invokeTestMethod(TestInvoker.java:172)
at org.testng.internal.MethodRunner.runInSequence(MethodRunner.java:46)
at org.testng.internal.TestInvoker$MethodInvocationAgent.invoke(TestInvoker.java:804)
at org.testng.internal.TestInvoker.invokeTestMethods(TestInvoker.java:145)
at org.testng.internal.TestMethodWorker.invokeTestMethods(TestMethodWorker.java:146)
at org.testng.internal.TestMethodWorker.run(TestMethodWorker.java:128)
at java.base/java.util.ArrayList.forEach(ArrayList.java:1507)
at org.testng.TestRunner.privateRun(TestRunner.java:770)
at org.testng.TestRunner.run(TestRunner.java:591)
at org.testng.SuiteRunner.runTest(SuiteRunner.java:402)
at org.testng.SuiteRunner.runSequentially(SuiteRunner.java:396)
at org.testng.SuiteRunner.privateRun(SuiteRunner.java:355)
at org.testng.SuiteRunner.run(SuiteRunner.java:304)
at org.testng.SuiteRunnerWorker.runSuite(SuiteRunnerWorker.java:53)
at org.testng.SuiteRunnerWorker.run(SuiteRunnerWorker.java:96)
at org.testng.TestNG.runSuitesSequentially(TestNG.java:1180)
at org.testng.TestNG.runSuitesLocally(TestNG.java:1102)
at org.testng.TestNG.runSuites(TestNG.java:1032)
at org.testng.TestNG.run(TestNG.java:1000)
at org.testng.remote.AbstractRemoteTestNG.run(AbstractRemoteTestNG.java:115)
at org.testng.remote.RemoteTestNG.initAndRun(RemoteTestNG.java:251)
at org.testng.remote.RemoteTestNG.main(RemoteTestNG.java:77)
]]>
    </error>
  </testcase> <!-- setTestResult -->
  <testcase classname="com.share.testscript.Registration" name="TC_Registration_015_to_020" time="0.000">
    <skipped/>
  </testcase> <!-- TC_Registration_015_to_020 -->
  <testcase classname="com.share.testscript.Registration" name="TC_Registration_001" time="3.210"/>
  <testcase classname="com.share.testscript.Registration" name="TC_Registration_014" time="0.000">
    <skipped/>
  </testcase> <!-- TC_Registration_014 -->
  <testcase classname="com.share.testscript.Registration" name="setTestResult" time="0.037">
    <error message="An unknown server-side error occurred while processing the command. Original error: Could not proxy command to remote server. Original error: Error: socket hang up
Build info: version: &#039;3.141.59&#039;, revision: &#039;e82be7d358&#039;, time: &#039;2018-11-14T08:17:03&#039;
System info: host: &#039;TIJO_PC&#039;, ip: &#039;192.168.43.55&#039;, os.name: &#039;Windows 10&#039;, os.arch: &#039;amd64&#039;, os.version: &#039;10.0&#039;, java.version: &#039;13.0.2&#039;
Driver info: io.appium.java_client.android.AndroidDriver
Capabilities {adbExecTimeout: 50000, appActivity: com.maf.android.share.prese..., appPackage: com.maf.dl.sharesit, autoGrantPermissions: true, automationName: uiautomator2, databaseEnabled: false, desired: {adbExecTimeout: 50000, appActivity: com.maf.android.share.prese..., appPackage: com.maf.dl.sharesit, autoGrantPermissions: true, automationName: uiautomator2, device: Android, deviceName: DT89626EA1950609814, newCommandTimeout: 120, noReset: true, noSign: true, platformName: android}, device: Android, deviceApiLevel: 29, deviceManufacturer: HMD Global, deviceModel: Nokia 3.2, deviceName: DT89626EA1950609814, deviceScreenDensity: 320, deviceScreenSize: 720x1520, deviceUDID: DT89626EA1950609814, javascriptEnabled: true, locationContextEnabled: false, networkConnectionEnabled: true, newCommandTimeout: 120, noReset: true, noSign: true, pixelRatio: 2, platform: LINUX, platformName: Android, platformVersion: 10, statBarHeight: 56, takesScreenshot: true, viewportRect: {height: 1312, left: 0, top: 56, width: 720}, warnings: {}, webStorageEnabled: false}
Session ID: 86aac669-0e08-465b-80e4-c64a7dc9ab87" type="org.openqa.selenium.WebDriverException">
      <![CDATA[org.openqa.selenium.WebDriverException: An unknown server-side error occurred while processing the command. Original error: Could not proxy command to remote server. Original error: Error: socket hang up
Build info: version: '3.141.59', revision: 'e82be7d358', time: '2018-11-14T08:17:03'
System info: host: 'TIJO_PC', ip: '192.168.43.55', os.name: 'Windows 10', os.arch: 'amd64', os.version: '10.0', java.version: '13.0.2'
Driver info: io.appium.java_client.android.AndroidDriver
Capabilities {adbExecTimeout: 50000, appActivity: com.maf.android.share.prese..., appPackage: com.maf.dl.sharesit, autoGrantPermissions: true, automationName: uiautomator2, databaseEnabled: false, desired: {adbExecTimeout: 50000, appActivity: com.maf.android.share.prese..., appPackage: com.maf.dl.sharesit, autoGrantPermissions: true, automationName: uiautomator2, device: Android, deviceName: DT89626EA1950609814, newCommandTimeout: 120, noReset: true, noSign: true, platformName: android}, device: Android, deviceApiLevel: 29, deviceManufacturer: HMD Global, deviceModel: Nokia 3.2, deviceName: DT89626EA1950609814, deviceScreenDensity: 320, deviceScreenSize: 720x1520, deviceUDID: DT89626EA1950609814, javascriptEnabled: true, locationContextEnabled: false, networkConnectionEnabled: true, newCommandTimeout: 120, noReset: true, noSign: true, pixelRatio: 2, platform: LINUX, platformName: Android, platformVersion: 10, statBarHeight: 56, takesScreenshot: true, viewportRect: {height: 1312, left: 0, top: 56, width: 720}, warnings: {}, webStorageEnabled: false}
Session ID: 86aac669-0e08-465b-80e4-c64a7dc9ab87
at jdk.internal.reflect.GeneratedConstructorAccessor34.newInstance(Unknown Source)
at java.base/jdk.internal.reflect.DelegatingConstructorAccessorImpl.newInstance(DelegatingConstructorAccessorImpl.java:45)
at java.base/java.lang.reflect.Constructor.newInstanceWithCaller(Constructor.java:500)
at java.base/java.lang.reflect.Constructor.newInstance(Constructor.java:481)
at org.openqa.selenium.remote.http.W3CHttpResponseCodec.createException(W3CHttpResponseCodec.java:187)
at org.openqa.selenium.remote.http.W3CHttpResponseCodec.decode(W3CHttpResponseCodec.java:122)
at org.openqa.selenium.remote.http.W3CHttpResponseCodec.decode(W3CHttpResponseCodec.java:49)
at org.openqa.selenium.remote.HttpCommandExecutor.execute(HttpCommandExecutor.java:158)
at io.appium.java_client.remote.AppiumCommandExecutor.execute(AppiumCommandExecutor.java:239)
at org.openqa.selenium.remote.RemoteWebDriver.execute(RemoteWebDriver.java:552)
at io.appium.java_client.DefaultGenericMobileDriver.execute(DefaultGenericMobileDriver.java:45)
at io.appium.java_client.AppiumDriver.execute(AppiumDriver.java:1)
at io.appium.java_client.android.AndroidDriver.execute(AndroidDriver.java:1)
at org.openqa.selenium.remote.RemoteWebDriver.getScreenshotAs(RemoteWebDriver.java:295)
at com.share.utility.Utilities.getScreenshot(Utilities.java:22)
at com.share.general.DriverSetUp.setTestResult(DriverSetUp.java:184)
at jdk.internal.reflect.GeneratedMethodAccessor8.invoke(Unknown Source)
at java.base/jdk.internal.reflect.DelegatingMethodAccessorImpl.invoke(DelegatingMethodAccessorImpl.java:43)
at java.base/java.lang.reflect.Method.invoke(Method.java:567)
at org.testng.internal.MethodInvocationHelper.invokeMethod(MethodInvocationHelper.java:133)
at org.testng.internal.MethodInvocationHelper.invokeMethodConsideringTimeout(MethodInvocationHelper.java:62)
at org.testng.internal.ConfigInvoker.invokeConfigurationMethod(ConfigInvoker.java:340)
at org.testng.internal.ConfigInvoker.invokeConfigurations(ConfigInvoker.java:294)
at org.testng.internal.TestInvoker.runConfigMethods(TestInvoker.java:683)
at org.testng.internal.TestInvoker.runAfterGroupsConfigurations(TestInvoker.java:658)
at org.testng.internal.TestInvoker.invokeMethod(TestInvoker.java:530)
at org.testng.internal.TestInvoker.invokeTestMethod(TestInvoker.java:172)
at org.testng.internal.MethodRunner.runInSequence(MethodRunner.java:46)
at org.testng.internal.TestInvoker$MethodInvocationAgent.invoke(TestInvoker.java:804)
at org.testng.internal.TestInvoker.invokeTestMethods(TestInvoker.java:145)
at org.testng.internal.TestMethodWorker.invokeTestMethods(TestMethodWorker.java:146)
at org.testng.internal.TestMethodWorker.run(TestMethodWorker.java:128)
at java.base/java.util.ArrayList.forEach(ArrayList.java:1507)
at org.testng.TestRunner.privateRun(TestRunner.java:770)
at org.testng.TestRunner.run(TestRunner.java:591)
at org.testng.SuiteRunner.runTest(SuiteRunner.java:402)
at org.testng.SuiteRunner.runSequentially(SuiteRunner.java:396)
at org.testng.SuiteRunner.privateRun(SuiteRunner.java:355)
at org.testng.SuiteRunner.run(SuiteRunner.java:304)
at org.testng.SuiteRunnerWorker.runSuite(SuiteRunnerWorker.java:53)
at org.testng.SuiteRunnerWorker.run(SuiteRunnerWorker.java:96)
at org.testng.TestNG.runSuitesSequentially(TestNG.java:1180)
at org.testng.TestNG.runSuitesLocally(TestNG.java:1102)
at org.testng.TestNG.runSuites(TestNG.java:1032)
at org.testng.TestNG.run(TestNG.java:1000)
at org.testng.remote.AbstractRemoteTestNG.run(AbstractRemoteTestNG.java:115)
at org.testng.remote.RemoteTestNG.initAndRun(RemoteTestNG.java:251)
at org.testng.remote.RemoteTestNG.main(RemoteTestNG.java:77)
]]>
    </error>
  </testcase> <!-- setTestResult -->
  <testcase classname="com.share.testscript.Registration" name="setTestResult" time="0.026">
    <error message="An unknown server-side error occurred while processing the command. Original error: Could not proxy command to remote server. Original error: Error: socket hang up
Build info: version: &#039;3.141.59&#039;, revision: &#039;e82be7d358&#039;, time: &#039;2018-11-14T08:17:03&#039;
System info: host: &#039;TIJO_PC&#039;, ip: &#039;192.168.43.55&#039;, os.name: &#039;Windows 10&#039;, os.arch: &#039;amd64&#039;, os.version: &#039;10.0&#039;, java.version: &#039;13.0.2&#039;
Driver info: io.appium.java_client.android.AndroidDriver
Capabilities {adbExecTimeout: 50000, appActivity: com.maf.android.share.prese..., appPackage: com.maf.dl.sharesit, autoGrantPermissions: true, automationName: uiautomator2, databaseEnabled: false, desired: {adbExecTimeout: 50000, appActivity: com.maf.android.share.prese..., appPackage: com.maf.dl.sharesit, autoGrantPermissions: true, automationName: uiautomator2, device: Android, deviceName: DT89626EA1950609814, newCommandTimeout: 120, noReset: true, noSign: true, platformName: android}, device: Android, deviceApiLevel: 29, deviceManufacturer: HMD Global, deviceModel: Nokia 3.2, deviceName: DT89626EA1950609814, deviceScreenDensity: 320, deviceScreenSize: 720x1520, deviceUDID: DT89626EA1950609814, javascriptEnabled: true, locationContextEnabled: false, networkConnectionEnabled: true, newCommandTimeout: 120, noReset: true, noSign: true, pixelRatio: 2, platform: LINUX, platformName: Android, platformVersion: 10, statBarHeight: 56, takesScreenshot: true, viewportRect: {height: 1312, left: 0, top: 56, width: 720}, warnings: {}, webStorageEnabled: false}
Session ID: 86aac669-0e08-465b-80e4-c64a7dc9ab87" type="org.openqa.selenium.WebDriverException">
      <![CDATA[org.openqa.selenium.WebDriverException: An unknown server-side error occurred while processing the command. Original error: Could not proxy command to remote server. Original error: Error: socket hang up
Build info: version: '3.141.59', revision: 'e82be7d358', time: '2018-11-14T08:17:03'
System info: host: 'TIJO_PC', ip: '192.168.43.55', os.name: 'Windows 10', os.arch: 'amd64', os.version: '10.0', java.version: '13.0.2'
Driver info: io.appium.java_client.android.AndroidDriver
Capabilities {adbExecTimeout: 50000, appActivity: com.maf.android.share.prese..., appPackage: com.maf.dl.sharesit, autoGrantPermissions: true, automationName: uiautomator2, databaseEnabled: false, desired: {adbExecTimeout: 50000, appActivity: com.maf.android.share.prese..., appPackage: com.maf.dl.sharesit, autoGrantPermissions: true, automationName: uiautomator2, device: Android, deviceName: DT89626EA1950609814, newCommandTimeout: 120, noReset: true, noSign: true, platformName: android}, device: Android, deviceApiLevel: 29, deviceManufacturer: HMD Global, deviceModel: Nokia 3.2, deviceName: DT89626EA1950609814, deviceScreenDensity: 320, deviceScreenSize: 720x1520, deviceUDID: DT89626EA1950609814, javascriptEnabled: true, locationContextEnabled: false, networkConnectionEnabled: true, newCommandTimeout: 120, noReset: true, noSign: true, pixelRatio: 2, platform: LINUX, platformName: Android, platformVersion: 10, statBarHeight: 56, takesScreenshot: true, viewportRect: {height: 1312, left: 0, top: 56, width: 720}, warnings: {}, webStorageEnabled: false}
Session ID: 86aac669-0e08-465b-80e4-c64a7dc9ab87
at jdk.internal.reflect.GeneratedConstructorAccessor34.newInstance(Unknown Source)
at java.base/jdk.internal.reflect.DelegatingConstructorAccessorImpl.newInstance(DelegatingConstructorAccessorImpl.java:45)
at java.base/java.lang.reflect.Constructor.newInstanceWithCaller(Constructor.java:500)
at java.base/java.lang.reflect.Constructor.newInstance(Constructor.java:481)
at org.openqa.selenium.remote.http.W3CHttpResponseCodec.createException(W3CHttpResponseCodec.java:187)
at org.openqa.selenium.remote.http.W3CHttpResponseCodec.decode(W3CHttpResponseCodec.java:122)
at org.openqa.selenium.remote.http.W3CHttpResponseCodec.decode(W3CHttpResponseCodec.java:49)
at org.openqa.selenium.remote.HttpCommandExecutor.execute(HttpCommandExecutor.java:158)
at io.appium.java_client.remote.AppiumCommandExecutor.execute(AppiumCommandExecutor.java:239)
at org.openqa.selenium.remote.RemoteWebDriver.execute(RemoteWebDriver.java:552)
at io.appium.java_client.DefaultGenericMobileDriver.execute(DefaultGenericMobileDriver.java:45)
at io.appium.java_client.AppiumDriver.execute(AppiumDriver.java:1)
at io.appium.java_client.android.AndroidDriver.execute(AndroidDriver.java:1)
at org.openqa.selenium.remote.RemoteWebDriver.getScreenshotAs(RemoteWebDriver.java:295)
at com.share.utility.Utilities.getScreenshot(Utilities.java:22)
at com.share.general.DriverSetUp.setTestResult(DriverSetUp.java:184)
at jdk.internal.reflect.GeneratedMethodAccessor8.invoke(Unknown Source)
at java.base/jdk.internal.reflect.DelegatingMethodAccessorImpl.invoke(DelegatingMethodAccessorImpl.java:43)
at java.base/java.lang.reflect.Method.invoke(Method.java:567)
at org.testng.internal.MethodInvocationHelper.invokeMethod(MethodInvocationHelper.java:133)
at org.testng.internal.MethodInvocationHelper.invokeMethodConsideringTimeout(MethodInvocationHelper.java:62)
at org.testng.internal.ConfigInvoker.invokeConfigurationMethod(ConfigInvoker.java:340)
at org.testng.internal.ConfigInvoker.invokeConfigurations(ConfigInvoker.java:294)
at org.testng.internal.TestInvoker.runConfigMethods(TestInvoker.java:683)
at org.testng.internal.TestInvoker.runAfterGroupsConfigurations(TestInvoker.java:658)
at org.testng.internal.TestInvoker.invokeMethod(TestInvoker.java:530)
at org.testng.internal.TestInvoker.invokeTestMethod(TestInvoker.java:172)
at org.testng.internal.MethodRunner.runInSequence(MethodRunner.java:46)
at org.testng.internal.TestInvoker$MethodInvocationAgent.invoke(TestInvoker.java:804)
at org.testng.internal.TestInvoker.invokeTestMethods(TestInvoker.java:145)
at org.testng.internal.TestMethodWorker.invokeTestMethods(TestMethodWorker.java:146)
at org.testng.internal.TestMethodWorker.run(TestMethodWorker.java:128)
at java.base/java.util.ArrayList.forEach(ArrayList.java:1507)
at org.testng.TestRunner.privateRun(TestRunner.java:770)
at org.testng.TestRunner.run(TestRunner.java:591)
at org.testng.SuiteRunner.runTest(SuiteRunner.java:402)
at org.testng.SuiteRunner.runSequentially(SuiteRunner.java:396)
at org.testng.SuiteRunner.privateRun(SuiteRunner.java:355)
at org.testng.SuiteRunner.run(SuiteRunner.java:304)
at org.testng.SuiteRunnerWorker.runSuite(SuiteRunnerWorker.java:53)
at org.testng.SuiteRunnerWorker.run(SuiteRunnerWorker.java:96)
at org.testng.TestNG.runSuitesSequentially(TestNG.java:1180)
at org.testng.TestNG.runSuitesLocally(TestNG.java:1102)
at org.testng.TestNG.runSuites(TestNG.java:1032)
at org.testng.TestNG.run(TestNG.java:1000)
at org.testng.remote.AbstractRemoteTestNG.run(AbstractRemoteTestNG.java:115)
at org.testng.remote.RemoteTestNG.initAndRun(RemoteTestNG.java:251)
at org.testng.remote.RemoteTestNG.main(RemoteTestNG.java:77)
]]>
    </error>
  </testcase> <!-- setTestResult -->
  <testcase classname="com.share.testscript.Registration" name="setTestResult" time="0.025">
    <error message="An unknown server-side error occurred while processing the command. Original error: Could not proxy command to remote server. Original error: Error: socket hang up
Build info: version: &#039;3.141.59&#039;, revision: &#039;e82be7d358&#039;, time: &#039;2018-11-14T08:17:03&#039;
System info: host: &#039;TIJO_PC&#039;, ip: &#039;192.168.43.55&#039;, os.name: &#039;Windows 10&#039;, os.arch: &#039;amd64&#039;, os.version: &#039;10.0&#039;, java.version: &#039;13.0.2&#039;
Driver info: io.appium.java_client.android.AndroidDriver
Capabilities {adbExecTimeout: 50000, appActivity: com.maf.android.share.prese..., appPackage: com.maf.dl.sharesit, autoGrantPermissions: true, automationName: uiautomator2, databaseEnabled: false, desired: {adbExecTimeout: 50000, appActivity: com.maf.android.share.prese..., appPackage: com.maf.dl.sharesit, autoGrantPermissions: true, automationName: uiautomator2, device: Android, deviceName: DT89626EA1950609814, newCommandTimeout: 120, noReset: true, noSign: true, platformName: android}, device: Android, deviceApiLevel: 29, deviceManufacturer: HMD Global, deviceModel: Nokia 3.2, deviceName: DT89626EA1950609814, deviceScreenDensity: 320, deviceScreenSize: 720x1520, deviceUDID: DT89626EA1950609814, javascriptEnabled: true, locationContextEnabled: false, networkConnectionEnabled: true, newCommandTimeout: 120, noReset: true, noSign: true, pixelRatio: 2, platform: LINUX, platformName: Android, platformVersion: 10, statBarHeight: 56, takesScreenshot: true, viewportRect: {height: 1312, left: 0, top: 56, width: 720}, warnings: {}, webStorageEnabled: false}
Session ID: 86aac669-0e08-465b-80e4-c64a7dc9ab87" type="org.openqa.selenium.WebDriverException">
      <![CDATA[org.openqa.selenium.WebDriverException: An unknown server-side error occurred while processing the command. Original error: Could not proxy command to remote server. Original error: Error: socket hang up
Build info: version: '3.141.59', revision: 'e82be7d358', time: '2018-11-14T08:17:03'
System info: host: 'TIJO_PC', ip: '192.168.43.55', os.name: 'Windows 10', os.arch: 'amd64', os.version: '10.0', java.version: '13.0.2'
Driver info: io.appium.java_client.android.AndroidDriver
Capabilities {adbExecTimeout: 50000, appActivity: com.maf.android.share.prese..., appPackage: com.maf.dl.sharesit, autoGrantPermissions: true, automationName: uiautomator2, databaseEnabled: false, desired: {adbExecTimeout: 50000, appActivity: com.maf.android.share.prese..., appPackage: com.maf.dl.sharesit, autoGrantPermissions: true, automationName: uiautomator2, device: Android, deviceName: DT89626EA1950609814, newCommandTimeout: 120, noReset: true, noSign: true, platformName: android}, device: Android, deviceApiLevel: 29, deviceManufacturer: HMD Global, deviceModel: Nokia 3.2, deviceName: DT89626EA1950609814, deviceScreenDensity: 320, deviceScreenSize: 720x1520, deviceUDID: DT89626EA1950609814, javascriptEnabled: true, locationContextEnabled: false, networkConnectionEnabled: true, newCommandTimeout: 120, noReset: true, noSign: true, pixelRatio: 2, platform: LINUX, platformName: Android, platformVersion: 10, statBarHeight: 56, takesScreenshot: true, viewportRect: {height: 1312, left: 0, top: 56, width: 720}, warnings: {}, webStorageEnabled: false}
Session ID: 86aac669-0e08-465b-80e4-c64a7dc9ab87
at jdk.internal.reflect.GeneratedConstructorAccessor34.newInstance(Unknown Source)
at java.base/jdk.internal.reflect.DelegatingConstructorAccessorImpl.newInstance(DelegatingConstructorAccessorImpl.java:45)
at java.base/java.lang.reflect.Constructor.newInstanceWithCaller(Constructor.java:500)
at java.base/java.lang.reflect.Constructor.newInstance(Constructor.java:481)
at org.openqa.selenium.remote.http.W3CHttpResponseCodec.createException(W3CHttpResponseCodec.java:187)
at org.openqa.selenium.remote.http.W3CHttpResponseCodec.decode(W3CHttpResponseCodec.java:122)
at org.openqa.selenium.remote.http.W3CHttpResponseCodec.decode(W3CHttpResponseCodec.java:49)
at org.openqa.selenium.remote.HttpCommandExecutor.execute(HttpCommandExecutor.java:158)
at io.appium.java_client.remote.AppiumCommandExecutor.execute(AppiumCommandExecutor.java:239)
at org.openqa.selenium.remote.RemoteWebDriver.execute(RemoteWebDriver.java:552)
at io.appium.java_client.DefaultGenericMobileDriver.execute(DefaultGenericMobileDriver.java:45)
at io.appium.java_client.AppiumDriver.execute(AppiumDriver.java:1)
at io.appium.java_client.android.AndroidDriver.execute(AndroidDriver.java:1)
at org.openqa.selenium.remote.RemoteWebDriver.getScreenshotAs(RemoteWebDriver.java:295)
at com.share.utility.Utilities.getScreenshot(Utilities.java:22)
at com.share.general.DriverSetUp.setTestResult(DriverSetUp.java:184)
at jdk.internal.reflect.GeneratedMethodAccessor8.invoke(Unknown Source)
at java.base/jdk.internal.reflect.DelegatingMethodAccessorImpl.invoke(DelegatingMethodAccessorImpl.java:43)
at java.base/java.lang.reflect.Method.invoke(Method.java:567)
at org.testng.internal.MethodInvocationHelper.invokeMethod(MethodInvocationHelper.java:133)
at org.testng.internal.MethodInvocationHelper.invokeMethodConsideringTimeout(MethodInvocationHelper.java:62)
at org.testng.internal.ConfigInvoker.invokeConfigurationMethod(ConfigInvoker.java:340)
at org.testng.internal.ConfigInvoker.invokeConfigurations(ConfigInvoker.java:294)
at org.testng.internal.TestInvoker.runConfigMethods(TestInvoker.java:683)
at org.testng.internal.TestInvoker.runAfterGroupsConfigurations(TestInvoker.java:658)
at org.testng.internal.TestInvoker.invokeMethod(TestInvoker.java:530)
at org.testng.internal.TestInvoker.invokeTestMethod(TestInvoker.java:172)
at org.testng.internal.MethodRunner.runInSequence(MethodRunner.java:46)
at org.testng.internal.TestInvoker$MethodInvocationAgent.invoke(TestInvoker.java:804)
at org.testng.internal.TestInvoker.invokeTestMethods(TestInvoker.java:145)
at org.testng.internal.TestMethodWorker.invokeTestMethods(TestMethodWorker.java:146)
at org.testng.internal.TestMethodWorker.run(TestMethodWorker.java:128)
at java.base/java.util.ArrayList.forEach(ArrayList.java:1507)
at org.testng.TestRunner.privateRun(TestRunner.java:770)
at org.testng.TestRunner.run(TestRunner.java:591)
at org.testng.SuiteRunner.runTest(SuiteRunner.java:402)
at org.testng.SuiteRunner.runSequentially(SuiteRunner.java:396)
at org.testng.SuiteRunner.privateRun(SuiteRunner.java:355)
at org.testng.SuiteRunner.run(SuiteRunner.java:304)
at org.testng.SuiteRunnerWorker.runSuite(SuiteRunnerWorker.java:53)
at org.testng.SuiteRunnerWorker.run(SuiteRunnerWorker.java:96)
at org.testng.TestNG.runSuitesSequentially(TestNG.java:1180)
at org.testng.TestNG.runSuitesLocally(TestNG.java:1102)
at org.testng.TestNG.runSuites(TestNG.java:1032)
at org.testng.TestNG.run(TestNG.java:1000)
at org.testng.remote.AbstractRemoteTestNG.run(AbstractRemoteTestNG.java:115)
at org.testng.remote.RemoteTestNG.initAndRun(RemoteTestNG.java:251)
at org.testng.remote.RemoteTestNG.main(RemoteTestNG.java:77)
]]>
    </error>
  </testcase> <!-- setTestResult -->
  <testcase classname="com.share.testscript.Registration" name="TC_Registration_003_to_008" time="0.000">
    <skipped/>
  </testcase> <!-- TC_Registration_003_to_008 -->
  <testcase classname="com.share.testscript.Registration" name="setTestResult" time="0.075">
    <error message="An unknown server-side error occurred while processing the command. Original error: Could not proxy command to remote server. Original error: Error: socket hang up
Build info: version: &#039;3.141.59&#039;, revision: &#039;e82be7d358&#039;, time: &#039;2018-11-14T08:17:03&#039;
System info: host: &#039;TIJO_PC&#039;, ip: &#039;192.168.43.55&#039;, os.name: &#039;Windows 10&#039;, os.arch: &#039;amd64&#039;, os.version: &#039;10.0&#039;, java.version: &#039;13.0.2&#039;
Driver info: io.appium.java_client.android.AndroidDriver
Capabilities {adbExecTimeout: 50000, appActivity: com.maf.android.share.prese..., appPackage: com.maf.dl.sharesit, autoGrantPermissions: true, automationName: uiautomator2, databaseEnabled: false, desired: {adbExecTimeout: 50000, appActivity: com.maf.android.share.prese..., appPackage: com.maf.dl.sharesit, autoGrantPermissions: true, automationName: uiautomator2, device: Android, deviceName: DT89626EA1950609814, newCommandTimeout: 120, noReset: true, noSign: true, platformName: android}, device: Android, deviceApiLevel: 29, deviceManufacturer: HMD Global, deviceModel: Nokia 3.2, deviceName: DT89626EA1950609814, deviceScreenDensity: 320, deviceScreenSize: 720x1520, deviceUDID: DT89626EA1950609814, javascriptEnabled: true, locationContextEnabled: false, networkConnectionEnabled: true, newCommandTimeout: 120, noReset: true, noSign: true, pixelRatio: 2, platform: LINUX, platformName: Android, platformVersion: 10, statBarHeight: 56, takesScreenshot: true, viewportRect: {height: 1312, left: 0, top: 56, width: 720}, warnings: {}, webStorageEnabled: false}
Session ID: 86aac669-0e08-465b-80e4-c64a7dc9ab87" type="org.openqa.selenium.WebDriverException">
      <![CDATA[org.openqa.selenium.WebDriverException: An unknown server-side error occurred while processing the command. Original error: Could not proxy command to remote server. Original error: Error: socket hang up
Build info: version: '3.141.59', revision: 'e82be7d358', time: '2018-11-14T08:17:03'
System info: host: 'TIJO_PC', ip: '192.168.43.55', os.name: 'Windows 10', os.arch: 'amd64', os.version: '10.0', java.version: '13.0.2'
Driver info: io.appium.java_client.android.AndroidDriver
Capabilities {adbExecTimeout: 50000, appActivity: com.maf.android.share.prese..., appPackage: com.maf.dl.sharesit, autoGrantPermissions: true, automationName: uiautomator2, databaseEnabled: false, desired: {adbExecTimeout: 50000, appActivity: com.maf.android.share.prese..., appPackage: com.maf.dl.sharesit, autoGrantPermissions: true, automationName: uiautomator2, device: Android, deviceName: DT89626EA1950609814, newCommandTimeout: 120, noReset: true, noSign: true, platformName: android}, device: Android, deviceApiLevel: 29, deviceManufacturer: HMD Global, deviceModel: Nokia 3.2, deviceName: DT89626EA1950609814, deviceScreenDensity: 320, deviceScreenSize: 720x1520, deviceUDID: DT89626EA1950609814, javascriptEnabled: true, locationContextEnabled: false, networkConnectionEnabled: true, newCommandTimeout: 120, noReset: true, noSign: true, pixelRatio: 2, platform: LINUX, platformName: Android, platformVersion: 10, statBarHeight: 56, takesScreenshot: true, viewportRect: {height: 1312, left: 0, top: 56, width: 720}, warnings: {}, webStorageEnabled: false}
Session ID: 86aac669-0e08-465b-80e4-c64a7dc9ab87
at jdk.internal.reflect.GeneratedConstructorAccessor34.newInstance(Unknown Source)
at java.base/jdk.internal.reflect.DelegatingConstructorAccessorImpl.newInstance(DelegatingConstructorAccessorImpl.java:45)
at java.base/java.lang.reflect.Constructor.newInstanceWithCaller(Constructor.java:500)
at java.base/java.lang.reflect.Constructor.newInstance(Constructor.java:481)
at org.openqa.selenium.remote.http.W3CHttpResponseCodec.createException(W3CHttpResponseCodec.java:187)
at org.openqa.selenium.remote.http.W3CHttpResponseCodec.decode(W3CHttpResponseCodec.java:122)
at org.openqa.selenium.remote.http.W3CHttpResponseCodec.decode(W3CHttpResponseCodec.java:49)
at org.openqa.selenium.remote.HttpCommandExecutor.execute(HttpCommandExecutor.java:158)
at io.appium.java_client.remote.AppiumCommandExecutor.execute(AppiumCommandExecutor.java:239)
at org.openqa.selenium.remote.RemoteWebDriver.execute(RemoteWebDriver.java:552)
at io.appium.java_client.DefaultGenericMobileDriver.execute(DefaultGenericMobileDriver.java:45)
at io.appium.java_client.AppiumDriver.execute(AppiumDriver.java:1)
at io.appium.java_client.android.AndroidDriver.execute(AndroidDriver.java:1)
at org.openqa.selenium.remote.RemoteWebDriver.getScreenshotAs(RemoteWebDriver.java:295)
at com.share.utility.Utilities.getScreenshot(Utilities.java:22)
at com.share.general.DriverSetUp.setTestResult(DriverSetUp.java:184)
at jdk.internal.reflect.GeneratedMethodAccessor8.invoke(Unknown Source)
at java.base/jdk.internal.reflect.DelegatingMethodAccessorImpl.invoke(DelegatingMethodAccessorImpl.java:43)
at java.base/java.lang.reflect.Method.invoke(Method.java:567)
at org.testng.internal.MethodInvocationHelper.invokeMethod(MethodInvocationHelper.java:133)
at org.testng.internal.MethodInvocationHelper.invokeMethodConsideringTimeout(MethodInvocationHelper.java:62)
at org.testng.internal.ConfigInvoker.invokeConfigurationMethod(ConfigInvoker.java:340)
at org.testng.internal.ConfigInvoker.invokeConfigurations(ConfigInvoker.java:294)
at org.testng.internal.TestInvoker.runConfigMethods(TestInvoker.java:683)
at org.testng.internal.TestInvoker.runAfterGroupsConfigurations(TestInvoker.java:658)
at org.testng.internal.TestInvoker.invokeMethod(TestInvoker.java:530)
at org.testng.internal.TestInvoker.invokeTestMethod(TestInvoker.java:172)
at org.testng.internal.MethodRunner.runInSequence(MethodRunner.java:46)
at org.testng.internal.TestInvoker$MethodInvocationAgent.invoke(TestInvoker.java:804)
at org.testng.internal.TestInvoker.invokeTestMethods(TestInvoker.java:145)
at org.testng.internal.TestMethodWorker.invokeTestMethods(TestMethodWorker.java:146)
at org.testng.internal.TestMethodWorker.run(TestMethodWorker.java:128)
at java.base/java.util.ArrayList.forEach(ArrayList.java:1507)
at org.testng.TestRunner.privateRun(TestRunner.java:770)
at org.testng.TestRunner.run(TestRunner.java:591)
at org.testng.SuiteRunner.runTest(SuiteRunner.java:402)
at org.testng.SuiteRunner.runSequentially(SuiteRunner.java:396)
at org.testng.SuiteRunner.privateRun(SuiteRunner.java:355)
at org.testng.SuiteRunner.run(SuiteRunner.java:304)
at org.testng.SuiteRunnerWorker.runSuite(SuiteRunnerWorker.java:53)
at org.testng.SuiteRunnerWorker.run(SuiteRunnerWorker.java:96)
at org.testng.TestNG.runSuitesSequentially(TestNG.java:1180)
at org.testng.TestNG.runSuitesLocally(TestNG.java:1102)
at org.testng.TestNG.runSuites(TestNG.java:1032)
at org.testng.TestNG.run(TestNG.java:1000)
at org.testng.remote.AbstractRemoteTestNG.run(AbstractRemoteTestNG.java:115)
at org.testng.remote.RemoteTestNG.initAndRun(RemoteTestNG.java:251)
at org.testng.remote.RemoteTestNG.main(RemoteTestNG.java:77)
]]>
    </error>
  </testcase> <!-- setTestResult -->
  <testcase classname="com.share.testscript.Registration" name="setTestResult" time="0.024">
    <error message="An unknown server-side error occurred while processing the command. Original error: Could not proxy command to remote server. Original error: Error: socket hang up
Build info: version: &#039;3.141.59&#039;, revision: &#039;e82be7d358&#039;, time: &#039;2018-11-14T08:17:03&#039;
System info: host: &#039;TIJO_PC&#039;, ip: &#039;192.168.43.55&#039;, os.name: &#039;Windows 10&#039;, os.arch: &#039;amd64&#039;, os.version: &#039;10.0&#039;, java.version: &#039;13.0.2&#039;
Driver info: io.appium.java_client.android.AndroidDriver
Capabilities {adbExecTimeout: 50000, appActivity: com.maf.android.share.prese..., appPackage: com.maf.dl.sharesit, autoGrantPermissions: true, automationName: uiautomator2, databaseEnabled: false, desired: {adbExecTimeout: 50000, appActivity: com.maf.android.share.prese..., appPackage: com.maf.dl.sharesit, autoGrantPermissions: true, automationName: uiautomator2, device: Android, deviceName: DT89626EA1950609814, newCommandTimeout: 120, noReset: true, noSign: true, platformName: android}, device: Android, deviceApiLevel: 29, deviceManufacturer: HMD Global, deviceModel: Nokia 3.2, deviceName: DT89626EA1950609814, deviceScreenDensity: 320, deviceScreenSize: 720x1520, deviceUDID: DT89626EA1950609814, javascriptEnabled: true, locationContextEnabled: false, networkConnectionEnabled: true, newCommandTimeout: 120, noReset: true, noSign: true, pixelRatio: 2, platform: LINUX, platformName: Android, platformVersion: 10, statBarHeight: 56, takesScreenshot: true, viewportRect: {height: 1312, left: 0, top: 56, width: 720}, warnings: {}, webStorageEnabled: false}
Session ID: 86aac669-0e08-465b-80e4-c64a7dc9ab87" type="org.openqa.selenium.WebDriverException">
      <![CDATA[org.openqa.selenium.WebDriverException: An unknown server-side error occurred while processing the command. Original error: Could not proxy command to remote server. Original error: Error: socket hang up
Build info: version: '3.141.59', revision: 'e82be7d358', time: '2018-11-14T08:17:03'
System info: host: 'TIJO_PC', ip: '192.168.43.55', os.name: 'Windows 10', os.arch: 'amd64', os.version: '10.0', java.version: '13.0.2'
Driver info: io.appium.java_client.android.AndroidDriver
Capabilities {adbExecTimeout: 50000, appActivity: com.maf.android.share.prese..., appPackage: com.maf.dl.sharesit, autoGrantPermissions: true, automationName: uiautomator2, databaseEnabled: false, desired: {adbExecTimeout: 50000, appActivity: com.maf.android.share.prese..., appPackage: com.maf.dl.sharesit, autoGrantPermissions: true, automationName: uiautomator2, device: Android, deviceName: DT89626EA1950609814, newCommandTimeout: 120, noReset: true, noSign: true, platformName: android}, device: Android, deviceApiLevel: 29, deviceManufacturer: HMD Global, deviceModel: Nokia 3.2, deviceName: DT89626EA1950609814, deviceScreenDensity: 320, deviceScreenSize: 720x1520, deviceUDID: DT89626EA1950609814, javascriptEnabled: true, locationContextEnabled: false, networkConnectionEnabled: true, newCommandTimeout: 120, noReset: true, noSign: true, pixelRatio: 2, platform: LINUX, platformName: Android, platformVersion: 10, statBarHeight: 56, takesScreenshot: true, viewportRect: {height: 1312, left: 0, top: 56, width: 720}, warnings: {}, webStorageEnabled: false}
Session ID: 86aac669-0e08-465b-80e4-c64a7dc9ab87
at jdk.internal.reflect.GeneratedConstructorAccessor34.newInstance(Unknown Source)
at java.base/jdk.internal.reflect.DelegatingConstructorAccessorImpl.newInstance(DelegatingConstructorAccessorImpl.java:45)
at java.base/java.lang.reflect.Constructor.newInstanceWithCaller(Constructor.java:500)
at java.base/java.lang.reflect.Constructor.newInstance(Constructor.java:481)
at org.openqa.selenium.remote.http.W3CHttpResponseCodec.createException(W3CHttpResponseCodec.java:187)
at org.openqa.selenium.remote.http.W3CHttpResponseCodec.decode(W3CHttpResponseCodec.java:122)
at org.openqa.selenium.remote.http.W3CHttpResponseCodec.decode(W3CHttpResponseCodec.java:49)
at org.openqa.selenium.remote.HttpCommandExecutor.execute(HttpCommandExecutor.java:158)
at io.appium.java_client.remote.AppiumCommandExecutor.execute(AppiumCommandExecutor.java:239)
at org.openqa.selenium.remote.RemoteWebDriver.execute(RemoteWebDriver.java:552)
at io.appium.java_client.DefaultGenericMobileDriver.execute(DefaultGenericMobileDriver.java:45)
at io.appium.java_client.AppiumDriver.execute(AppiumDriver.java:1)
at io.appium.java_client.android.AndroidDriver.execute(AndroidDriver.java:1)
at org.openqa.selenium.remote.RemoteWebDriver.getScreenshotAs(RemoteWebDriver.java:295)
at com.share.utility.Utilities.getScreenshot(Utilities.java:22)
at com.share.general.DriverSetUp.setTestResult(DriverSetUp.java:184)
at jdk.internal.reflect.GeneratedMethodAccessor8.invoke(Unknown Source)
at java.base/jdk.internal.reflect.DelegatingMethodAccessorImpl.invoke(DelegatingMethodAccessorImpl.java:43)
at java.base/java.lang.reflect.Method.invoke(Method.java:567)
at org.testng.internal.MethodInvocationHelper.invokeMethod(MethodInvocationHelper.java:133)
at org.testng.internal.MethodInvocationHelper.invokeMethodConsideringTimeout(MethodInvocationHelper.java:62)
at org.testng.internal.ConfigInvoker.invokeConfigurationMethod(ConfigInvoker.java:340)
at org.testng.internal.ConfigInvoker.invokeConfigurations(ConfigInvoker.java:294)
at org.testng.internal.TestInvoker.runConfigMethods(TestInvoker.java:683)
at org.testng.internal.TestInvoker.runAfterGroupsConfigurations(TestInvoker.java:658)
at org.testng.internal.TestInvoker.invokeMethod(TestInvoker.java:530)
at org.testng.internal.TestInvoker.invokeTestMethod(TestInvoker.java:172)
at org.testng.internal.MethodRunner.runInSequence(MethodRunner.java:46)
at org.testng.internal.TestInvoker$MethodInvocationAgent.invoke(TestInvoker.java:804)
at org.testng.internal.TestInvoker.invokeTestMethods(TestInvoker.java:145)
at org.testng.internal.TestMethodWorker.invokeTestMethods(TestMethodWorker.java:146)
at org.testng.internal.TestMethodWorker.run(TestMethodWorker.java:128)
at java.base/java.util.ArrayList.forEach(ArrayList.java:1507)
at org.testng.TestRunner.privateRun(TestRunner.java:770)
at org.testng.TestRunner.run(TestRunner.java:591)
at org.testng.SuiteRunner.runTest(SuiteRunner.java:402)
at org.testng.SuiteRunner.runSequentially(SuiteRunner.java:396)
at org.testng.SuiteRunner.privateRun(SuiteRunner.java:355)
at org.testng.SuiteRunner.run(SuiteRunner.java:304)
at org.testng.SuiteRunnerWorker.runSuite(SuiteRunnerWorker.java:53)
at org.testng.SuiteRunnerWorker.run(SuiteRunnerWorker.java:96)
at org.testng.TestNG.runSuitesSequentially(TestNG.java:1180)
at org.testng.TestNG.runSuitesLocally(TestNG.java:1102)
at org.testng.TestNG.runSuites(TestNG.java:1032)
at org.testng.TestNG.run(TestNG.java:1000)
at org.testng.remote.AbstractRemoteTestNG.run(AbstractRemoteTestNG.java:115)
at org.testng.remote.RemoteTestNG.initAndRun(RemoteTestNG.java:251)
at org.testng.remote.RemoteTestNG.main(RemoteTestNG.java:77)
]]>
    </error>
  </testcase> <!-- setTestResult -->
  <testcase classname="com.share.testscript.Registration" name="TC_Registration_035_to_040" time="0.000">
    <skipped/>
  </testcase> <!-- TC_Registration_035_to_040 -->
  <testcase classname="com.share.testscript.Registration" name="setTestResult" time="0.030">
    <error message="An unknown server-side error occurred while processing the command. Original error: Could not proxy command to remote server. Original error: Error: socket hang up
Build info: version: &#039;3.141.59&#039;, revision: &#039;e82be7d358&#039;, time: &#039;2018-11-14T08:17:03&#039;
System info: host: &#039;TIJO_PC&#039;, ip: &#039;192.168.43.55&#039;, os.name: &#039;Windows 10&#039;, os.arch: &#039;amd64&#039;, os.version: &#039;10.0&#039;, java.version: &#039;13.0.2&#039;
Driver info: io.appium.java_client.android.AndroidDriver
Capabilities {adbExecTimeout: 50000, appActivity: com.maf.android.share.prese..., appPackage: com.maf.dl.sharesit, autoGrantPermissions: true, automationName: uiautomator2, databaseEnabled: false, desired: {adbExecTimeout: 50000, appActivity: com.maf.android.share.prese..., appPackage: com.maf.dl.sharesit, autoGrantPermissions: true, automationName: uiautomator2, device: Android, deviceName: DT89626EA1950609814, newCommandTimeout: 120, noReset: true, noSign: true, platformName: android}, device: Android, deviceApiLevel: 29, deviceManufacturer: HMD Global, deviceModel: Nokia 3.2, deviceName: DT89626EA1950609814, deviceScreenDensity: 320, deviceScreenSize: 720x1520, deviceUDID: DT89626EA1950609814, javascriptEnabled: true, locationContextEnabled: false, networkConnectionEnabled: true, newCommandTimeout: 120, noReset: true, noSign: true, pixelRatio: 2, platform: LINUX, platformName: Android, platformVersion: 10, statBarHeight: 56, takesScreenshot: true, viewportRect: {height: 1312, left: 0, top: 56, width: 720}, warnings: {}, webStorageEnabled: false}
Session ID: 86aac669-0e08-465b-80e4-c64a7dc9ab87" type="org.openqa.selenium.WebDriverException">
      <![CDATA[org.openqa.selenium.WebDriverException: An unknown server-side error occurred while processing the command. Original error: Could not proxy command to remote server. Original error: Error: socket hang up
Build info: version: '3.141.59', revision: 'e82be7d358', time: '2018-11-14T08:17:03'
System info: host: 'TIJO_PC', ip: '192.168.43.55', os.name: 'Windows 10', os.arch: 'amd64', os.version: '10.0', java.version: '13.0.2'
Driver info: io.appium.java_client.android.AndroidDriver
Capabilities {adbExecTimeout: 50000, appActivity: com.maf.android.share.prese..., appPackage: com.maf.dl.sharesit, autoGrantPermissions: true, automationName: uiautomator2, databaseEnabled: false, desired: {adbExecTimeout: 50000, appActivity: com.maf.android.share.prese..., appPackage: com.maf.dl.sharesit, autoGrantPermissions: true, automationName: uiautomator2, device: Android, deviceName: DT89626EA1950609814, newCommandTimeout: 120, noReset: true, noSign: true, platformName: android}, device: Android, deviceApiLevel: 29, deviceManufacturer: HMD Global, deviceModel: Nokia 3.2, deviceName: DT89626EA1950609814, deviceScreenDensity: 320, deviceScreenSize: 720x1520, deviceUDID: DT89626EA1950609814, javascriptEnabled: true, locationContextEnabled: false, networkConnectionEnabled: true, newCommandTimeout: 120, noReset: true, noSign: true, pixelRatio: 2, platform: LINUX, platformName: Android, platformVersion: 10, statBarHeight: 56, takesScreenshot: true, viewportRect: {height: 1312, left: 0, top: 56, width: 720}, warnings: {}, webStorageEnabled: false}
Session ID: 86aac669-0e08-465b-80e4-c64a7dc9ab87
at jdk.internal.reflect.GeneratedConstructorAccessor34.newInstance(Unknown Source)
at java.base/jdk.internal.reflect.DelegatingConstructorAccessorImpl.newInstance(DelegatingConstructorAccessorImpl.java:45)
at java.base/java.lang.reflect.Constructor.newInstanceWithCaller(Constructor.java:500)
at java.base/java.lang.reflect.Constructor.newInstance(Constructor.java:481)
at org.openqa.selenium.remote.http.W3CHttpResponseCodec.createException(W3CHttpResponseCodec.java:187)
at org.openqa.selenium.remote.http.W3CHttpResponseCodec.decode(W3CHttpResponseCodec.java:122)
at org.openqa.selenium.remote.http.W3CHttpResponseCodec.decode(W3CHttpResponseCodec.java:49)
at org.openqa.selenium.remote.HttpCommandExecutor.execute(HttpCommandExecutor.java:158)
at io.appium.java_client.remote.AppiumCommandExecutor.execute(AppiumCommandExecutor.java:239)
at org.openqa.selenium.remote.RemoteWebDriver.execute(RemoteWebDriver.java:552)
at io.appium.java_client.DefaultGenericMobileDriver.execute(DefaultGenericMobileDriver.java:45)
at io.appium.java_client.AppiumDriver.execute(AppiumDriver.java:1)
at io.appium.java_client.android.AndroidDriver.execute(AndroidDriver.java:1)
at org.openqa.selenium.remote.RemoteWebDriver.getScreenshotAs(RemoteWebDriver.java:295)
at com.share.utility.Utilities.getScreenshot(Utilities.java:22)
at com.share.general.DriverSetUp.setTestResult(DriverSetUp.java:184)
at jdk.internal.reflect.GeneratedMethodAccessor8.invoke(Unknown Source)
at java.base/jdk.internal.reflect.DelegatingMethodAccessorImpl.invoke(DelegatingMethodAccessorImpl.java:43)
at java.base/java.lang.reflect.Method.invoke(Method.java:567)
at org.testng.internal.MethodInvocationHelper.invokeMethod(MethodInvocationHelper.java:133)
at org.testng.internal.MethodInvocationHelper.invokeMethodConsideringTimeout(MethodInvocationHelper.java:62)
at org.testng.internal.ConfigInvoker.invokeConfigurationMethod(ConfigInvoker.java:340)
at org.testng.internal.ConfigInvoker.invokeConfigurations(ConfigInvoker.java:294)
at org.testng.internal.TestInvoker.runConfigMethods(TestInvoker.java:683)
at org.testng.internal.TestInvoker.runAfterGroupsConfigurations(TestInvoker.java:658)
at org.testng.internal.TestInvoker.invokeMethod(TestInvoker.java:530)
at org.testng.internal.TestInvoker.invokeTestMethod(TestInvoker.java:172)
at org.testng.internal.MethodRunner.runInSequence(MethodRunner.java:46)
at org.testng.internal.TestInvoker$MethodInvocationAgent.invoke(TestInvoker.java:804)
at org.testng.internal.TestInvoker.invokeTestMethods(TestInvoker.java:145)
at org.testng.internal.TestMethodWorker.invokeTestMethods(TestMethodWorker.java:146)
at org.testng.internal.TestMethodWorker.run(TestMethodWorker.java:128)
at java.base/java.util.ArrayList.forEach(ArrayList.java:1507)
at org.testng.TestRunner.privateRun(TestRunner.java:770)
at org.testng.TestRunner.run(TestRunner.java:591)
at org.testng.SuiteRunner.runTest(SuiteRunner.java:402)
at org.testng.SuiteRunner.runSequentially(SuiteRunner.java:396)
at org.testng.SuiteRunner.privateRun(SuiteRunner.java:355)
at org.testng.SuiteRunner.run(SuiteRunner.java:304)
at org.testng.SuiteRunnerWorker.runSuite(SuiteRunnerWorker.java:53)
at org.testng.SuiteRunnerWorker.run(SuiteRunnerWorker.java:96)
at org.testng.TestNG.runSuitesSequentially(TestNG.java:1180)
at org.testng.TestNG.runSuitesLocally(TestNG.java:1102)
at org.testng.TestNG.runSuites(TestNG.java:1032)
at org.testng.TestNG.run(TestNG.java:1000)
at org.testng.remote.AbstractRemoteTestNG.run(AbstractRemoteTestNG.java:115)
at org.testng.remote.RemoteTestNG.initAndRun(RemoteTestNG.java:251)
at org.testng.remote.RemoteTestNG.main(RemoteTestNG.java:77)
]]>
    </error>
  </testcase> <!-- setTestResult -->
  <testcase classname="com.share.testscript.Registration" name="setTestResult" time="0.043">
    <error message="An unknown server-side error occurred while processing the command. Original error: Could not proxy command to remote server. Original error: Error: socket hang up
Build info: version: &#039;3.141.59&#039;, revision: &#039;e82be7d358&#039;, time: &#039;2018-11-14T08:17:03&#039;
System info: host: &#039;TIJO_PC&#039;, ip: &#039;192.168.43.55&#039;, os.name: &#039;Windows 10&#039;, os.arch: &#039;amd64&#039;, os.version: &#039;10.0&#039;, java.version: &#039;13.0.2&#039;
Driver info: io.appium.java_client.android.AndroidDriver
Capabilities {adbExecTimeout: 50000, appActivity: com.maf.android.share.prese..., appPackage: com.maf.dl.sharesit, autoGrantPermissions: true, automationName: uiautomator2, databaseEnabled: false, desired: {adbExecTimeout: 50000, appActivity: com.maf.android.share.prese..., appPackage: com.maf.dl.sharesit, autoGrantPermissions: true, automationName: uiautomator2, device: Android, deviceName: DT89626EA1950609814, newCommandTimeout: 120, noReset: true, noSign: true, platformName: android}, device: Android, deviceApiLevel: 29, deviceManufacturer: HMD Global, deviceModel: Nokia 3.2, deviceName: DT89626EA1950609814, deviceScreenDensity: 320, deviceScreenSize: 720x1520, deviceUDID: DT89626EA1950609814, javascriptEnabled: true, locationContextEnabled: false, networkConnectionEnabled: true, newCommandTimeout: 120, noReset: true, noSign: true, pixelRatio: 2, platform: LINUX, platformName: Android, platformVersion: 10, statBarHeight: 56, takesScreenshot: true, viewportRect: {height: 1312, left: 0, top: 56, width: 720}, warnings: {}, webStorageEnabled: false}
Session ID: 86aac669-0e08-465b-80e4-c64a7dc9ab87" type="org.openqa.selenium.WebDriverException">
      <![CDATA[org.openqa.selenium.WebDriverException: An unknown server-side error occurred while processing the command. Original error: Could not proxy command to remote server. Original error: Error: socket hang up
Build info: version: '3.141.59', revision: 'e82be7d358', time: '2018-11-14T08:17:03'
System info: host: 'TIJO_PC', ip: '192.168.43.55', os.name: 'Windows 10', os.arch: 'amd64', os.version: '10.0', java.version: '13.0.2'
Driver info: io.appium.java_client.android.AndroidDriver
Capabilities {adbExecTimeout: 50000, appActivity: com.maf.android.share.prese..., appPackage: com.maf.dl.sharesit, autoGrantPermissions: true, automationName: uiautomator2, databaseEnabled: false, desired: {adbExecTimeout: 50000, appActivity: com.maf.android.share.prese..., appPackage: com.maf.dl.sharesit, autoGrantPermissions: true, automationName: uiautomator2, device: Android, deviceName: DT89626EA1950609814, newCommandTimeout: 120, noReset: true, noSign: true, platformName: android}, device: Android, deviceApiLevel: 29, deviceManufacturer: HMD Global, deviceModel: Nokia 3.2, deviceName: DT89626EA1950609814, deviceScreenDensity: 320, deviceScreenSize: 720x1520, deviceUDID: DT89626EA1950609814, javascriptEnabled: true, locationContextEnabled: false, networkConnectionEnabled: true, newCommandTimeout: 120, noReset: true, noSign: true, pixelRatio: 2, platform: LINUX, platformName: Android, platformVersion: 10, statBarHeight: 56, takesScreenshot: true, viewportRect: {height: 1312, left: 0, top: 56, width: 720}, warnings: {}, webStorageEnabled: false}
Session ID: 86aac669-0e08-465b-80e4-c64a7dc9ab87
at jdk.internal.reflect.GeneratedConstructorAccessor34.newInstance(Unknown Source)
at java.base/jdk.internal.reflect.DelegatingConstructorAccessorImpl.newInstance(DelegatingConstructorAccessorImpl.java:45)
at java.base/java.lang.reflect.Constructor.newInstanceWithCaller(Constructor.java:500)
at java.base/java.lang.reflect.Constructor.newInstance(Constructor.java:481)
at org.openqa.selenium.remote.http.W3CHttpResponseCodec.createException(W3CHttpResponseCodec.java:187)
at org.openqa.selenium.remote.http.W3CHttpResponseCodec.decode(W3CHttpResponseCodec.java:122)
at org.openqa.selenium.remote.http.W3CHttpResponseCodec.decode(W3CHttpResponseCodec.java:49)
at org.openqa.selenium.remote.HttpCommandExecutor.execute(HttpCommandExecutor.java:158)
at io.appium.java_client.remote.AppiumCommandExecutor.execute(AppiumCommandExecutor.java:239)
at org.openqa.selenium.remote.RemoteWebDriver.execute(RemoteWebDriver.java:552)
at io.appium.java_client.DefaultGenericMobileDriver.execute(DefaultGenericMobileDriver.java:45)
at io.appium.java_client.AppiumDriver.execute(AppiumDriver.java:1)
at io.appium.java_client.android.AndroidDriver.execute(AndroidDriver.java:1)
at org.openqa.selenium.remote.RemoteWebDriver.getScreenshotAs(RemoteWebDriver.java:295)
at com.share.utility.Utilities.getScreenshot(Utilities.java:22)
at com.share.general.DriverSetUp.setTestResult(DriverSetUp.java:184)
at jdk.internal.reflect.GeneratedMethodAccessor8.invoke(Unknown Source)
at java.base/jdk.internal.reflect.DelegatingMethodAccessorImpl.invoke(DelegatingMethodAccessorImpl.java:43)
at java.base/java.lang.reflect.Method.invoke(Method.java:567)
at org.testng.internal.MethodInvocationHelper.invokeMethod(MethodInvocationHelper.java:133)
at org.testng.internal.MethodInvocationHelper.invokeMethodConsideringTimeout(MethodInvocationHelper.java:62)
at org.testng.internal.ConfigInvoker.invokeConfigurationMethod(ConfigInvoker.java:340)
at org.testng.internal.ConfigInvoker.invokeConfigurations(ConfigInvoker.java:294)
at org.testng.internal.TestInvoker.runConfigMethods(TestInvoker.java:683)
at org.testng.internal.TestInvoker.runAfterGroupsConfigurations(TestInvoker.java:658)
at org.testng.internal.TestInvoker.invokeMethod(TestInvoker.java:530)
at org.testng.internal.TestInvoker.invokeTestMethod(TestInvoker.java:172)
at org.testng.internal.MethodRunner.runInSequence(MethodRunner.java:46)
at org.testng.internal.TestInvoker$MethodInvocationAgent.invoke(TestInvoker.java:804)
at org.testng.internal.TestInvoker.invokeTestMethods(TestInvoker.java:145)
at org.testng.internal.TestMethodWorker.invokeTestMethods(TestMethodWorker.java:146)
at org.testng.internal.TestMethodWorker.run(TestMethodWorker.java:128)
at java.base/java.util.ArrayList.forEach(ArrayList.java:1507)
at org.testng.TestRunner.privateRun(TestRunner.java:770)
at org.testng.TestRunner.run(TestRunner.java:591)
at org.testng.SuiteRunner.runTest(SuiteRunner.java:402)
at org.testng.SuiteRunner.runSequentially(SuiteRunner.java:396)
at org.testng.SuiteRunner.privateRun(SuiteRunner.java:355)
at org.testng.SuiteRunner.run(SuiteRunner.java:304)
at org.testng.SuiteRunnerWorker.runSuite(SuiteRunnerWorker.java:53)
at org.testng.SuiteRunnerWorker.run(SuiteRunnerWorker.java:96)
at org.testng.TestNG.runSuitesSequentially(TestNG.java:1180)
at org.testng.TestNG.runSuitesLocally(TestNG.java:1102)
at org.testng.TestNG.runSuites(TestNG.java:1032)
at org.testng.TestNG.run(TestNG.java:1000)
[...]
      <![CDATA[org.openqa.selenium.WebDriverException: An unknown server-side error occurred while processing the command. Original error: Could not proxy command to remote server. Original error: Error: socket hang up
Build info: version: '3.141.59', revision: 'e82be7d358', time: '2018-11-14T08:17:03'
System info: host: 'TIJO_PC', ip: '192.168.43.55', os.name: 'Windows 10', os.arch: 'amd64', os.version: '10.0', java.version: '13.0.2'
Driver info: io.appium.java_client.android.AndroidDriver
Capabilities {adbExecTimeout: 50000, appActivity: com.maf.android.share.prese..., appPackage: com.maf.dl.sharesit, autoGrantPermissions: true, automationName: uiautomator2, databaseEnabled: false, desired: {adbExecTimeout: 50000, appActivity: com.maf.android.share.prese..., appPackage: com.maf.dl.sharesit, autoGrantPermissions: true, automationName: uiautomator2, device: Android, deviceName: DT89626EA1950609814, newCommandTimeout: 120, noReset: true, noSign: true, platformName: android}, device: Android, deviceApiLevel: 29, deviceManufacturer: HMD Global, deviceModel: Nokia 3.2, deviceName: DT89626EA1950609814, deviceScreenDensity: 320, deviceScreenSize: 720x1520, deviceUDID: DT89626EA1950609814, javascriptEnabled: true, locationContextEnabled: false, networkConnectionEnabled: true, newCommandTimeout: 120, noReset: true, noSign: true, pixelRatio: 2, platform: LINUX, platformName: Android, platformVersion: 10, statBarHeight: 56, takesScreenshot: true, viewportRect: {height: 1312, left: 0, top: 56, width: 720}, warnings: {}, webStorageEnabled: false}
Session ID: 86aac669-0e08-465b-80e4-c64a7dc9ab87
at jdk.internal.reflect.GeneratedConstructorAccessor34.newInstance(Unknown Source)
at java.base/jdk.internal.reflect.DelegatingConstructorAccessorImpl.newInstance(DelegatingConstructorAccessorImpl.java:45)
at java.base/java.lang.reflect.Constructor.newInstanceWithCaller(Constructor.java:500)
at java.base/java.lang.reflect.Constructor.newInstance(Constructor.java:481)
at org.openqa.selenium.remote.http.W3CHttpResponseCodec.createException(W3CHttpResponseCodec.java:187)
at org.openqa.selenium.remote.http.W3CHttpResponseCodec.decode(W3CHttpResponseCodec.java:122)
at org.openqa.selenium.remote.http.W3CHttpResponseCodec.decode(W3CHttpResponseCodec.java:49)
at org.openqa.selenium.remote.HttpCommandExecutor.execute(HttpCommandExecutor.java:158)
at io.appium.java_client.remote.AppiumCommandExecutor.execute(AppiumCommandExecutor.java:239)
at org.openqa.selenium.remote.RemoteWebDriver.execute(RemoteWebDriver.java:552)
at io.appium.java_client.DefaultGenericMobileDriver.execute(DefaultGenericMobileDriver.java:45)
at io.appium.java_client.AppiumDriver.execute(AppiumDriver.java:1)
at io.appium.java_client.android.AndroidDriver.execute(AndroidDriver.java:1)
at org.openqa.selenium.remote.RemoteWebDriver.getScreenshotAs(RemoteWebDriver.java:295)
at com.share.utility.Utilities.getScreenshot(Utilities.java:22)
at com.share.general.DriverSetUp.setTestResult(DriverSetUp.java:184)
at jdk.internal.reflect.GeneratedMethodAccessor8.invoke(Unknown Source)
at java.base/jdk.internal.reflect.DelegatingMethodAccessorImpl.invoke(DelegatingMethodAccessorImpl.java:43)
at java.base/java.lang.reflect.Method.invoke(Method.java:567)
at org.testng.internal.MethodInvocationHelper.invokeMethod(MethodInvocationHelper.java:133)
at org.testng.internal.MethodInvocationHelper.invokeMethodConsideringTimeout(MethodInvocationHelper.java:62)
at org.testng.internal.ConfigInvoker.invokeConfigurationMethod(ConfigInvoker.java:340)
at org.testng.internal.ConfigInvoker.invokeConfigurations(ConfigInvoker.java:294)
at org.testng.internal.TestInvoker.runConfigMethods(TestInvoker.java:683)
at org.testng.internal.TestInvoker.runAfterGroupsConfigurations(TestInvoker.java:658)
at org.testng.internal.TestInvoker.invokeMethod(TestInvoker.java:530)
at org.testng.internal.TestInvoker.invokeTestMethod(TestInvoker.java:172)
at org.testng.internal.MethodRunner.runInSequence(MethodRunner.java:46)
at org.testng.internal.TestInvoker$MethodInvocationAgent.invoke(TestInvoker.java:804)
at org.testng.internal.TestInvoker.invokeTestMethods(TestInvoker.java:145)
at org.testng.internal.TestMethodWorker.invokeTestMethods(TestMethodWorker.java:146)
at org.testng.internal.TestMethodWorker.run(TestMethodWorker.java:128)
at java.base/java.util.ArrayList.forEach(ArrayList.java:1507)
at org.testng.TestRunner.privateRun(TestRunner.java:770)
at org.testng.TestRunner.run(TestRunner.java:591)
at org.testng.SuiteRunner.runTest(SuiteRunner.java:402)
at org.testng.SuiteRunner.runSequentially(SuiteRunner.java:396)
at org.testng.SuiteRunner.privateRun(SuiteRunner.java:355)
at org.testng.SuiteRunner.run(SuiteRunner.java:304)
at org.testng.SuiteRunnerWorker.runSuite(SuiteRunnerWorker.java:53)
at org.testng.SuiteRunnerWorker.run(SuiteRunnerWorker.java:96)
at org.testng.TestNG.runSuitesSequentially(TestNG.java:1180)
at org.testng.TestNG.runSuitesLocally(TestNG.java:1102)
at org.testng.TestNG.runSuites(TestNG.java:1032)
at org.testng.TestNG.run(TestNG.java:1000)
at org.testng.remote.AbstractRemoteTestNG.run(AbstractRemoteTestNG.java:115)
at org.testng.remote.RemoteTestNG.initAndRun(RemoteTestNG.java:251)
at org.testng.remote.RemoteTestNG.main(RemoteTestNG.java:77)
]]>
    </error>
  </testcase> <!-- setTestResult -->
  <testcase classname="com.share.testscript.Registration" name="TC_Registration_027_to_030" time="0.000">
    <skipped/>
  </testcase> <!-- TC_Registration_027_to_030 -->
  <testcase classname="com.share.testscript.Registration" name="TC_Registration_031_to_034" time="0.000">
    <skipped/>
  </testcase> <!-- TC_Registration_031_to_034 -->
  <testcase classname="com.share.testscript.Registration" name="setTestResult" time="0.034">
    <error message="An unknown server-side error occurred while processing the command. Original error: Could not proxy command to remote server. Original error: Error: socket hang up
Build info: version: &#039;3.141.59&#039;, revision: &#039;e82be7d358&#039;, time: &#039;2018-11-14T08:17:03&#039;
System info: host: &#039;TIJO_PC&#039;, ip: &#039;192.168.43.55&#039;, os.name: &#039;Windows 10&#039;, os.arch: &#039;amd64&#039;, os.version: &#039;10.0&#039;, java.version: &#039;13.0.2&#039;
Driver info: io.appium.java_client.android.AndroidDriver
Capabilities {adbExecTimeout: 50000, appActivity: com.maf.android.share.prese..., appPackage: com.maf.dl.sharesit, autoGrantPermissions: true, automationName: uiautomator2, databaseEnabled: false, desired: {adbExecTimeout: 50000, appActivity: com.maf.android.share.prese..., appPackage: com.maf.dl.sharesit, autoGrantPermissions: true, automationName: uiautomator2, device: Android, deviceName: DT89626EA1950609814, newCommandTimeout: 120, noReset: true, noSign: true, platformName: android}, device: Android, deviceApiLevel: 29, deviceManufacturer: HMD Global, deviceModel: Nokia 3.2, deviceName: DT89626EA1950609814, deviceScreenDensity: 320, deviceScreenSize: 720x1520, deviceUDID: DT89626EA1950609814, javascriptEnabled: true, locationContextEnabled: false, networkConnectionEnabled: true, newCommandTimeout: 120, noReset: true, noSign: true, pixelRatio: 2, platform: LINUX, platformName: Android, platformVersion: 10, statBarHeight: 56, takesScreenshot: true, viewportRect: {height: 1312, left: 0, top: 56, width: 720}, warnings: {}, webStorageEnabled: false}
Session ID: 86aac669-0e08-465b-80e4-c64a7dc9ab87" type="org.openqa.selenium.WebDriverException">
      <![CDATA[org.openqa.selenium.WebDriverException: An unknown server-side error occurred while processing the command. Original error: Could not proxy command to remote server. Original error: Error: socket hang up
Build info: version: '3.141.59', revision: 'e82be7d358', time: '2018-11-14T08:17:03'
System info: host: 'TIJO_PC', ip: '192.168.43.55', os.name: 'Windows 10', os.arch: 'amd64', os.version: '10.0', java.version: '13.0.2'
Driver info: io.appium.java_client.android.AndroidDriver
Capabilities {adbExecTimeout: 50000, appActivity: com.maf.android.share.prese..., appPackage: com.maf.dl.sharesit, autoGrantPermissions: true, automationName: uiautomator2, databaseEnabled: false, desired: {adbExecTimeout: 50000, appActivity: com.maf.android.share.prese..., appPackage: com.maf.dl.sharesit, autoGrantPermissions: true, automationName: uiautomator2, device: Android, deviceName: DT89626EA1950609814, newCommandTimeout: 120, noReset: true, noSign: true, platformName: android}, device: Android, deviceApiLevel: 29, deviceManufacturer: HMD Global, deviceModel: Nokia 3.2, deviceName: DT89626EA1950609814, deviceScreenDensity: 320, deviceScreenSize: 720x1520, deviceUDID: DT89626EA1950609814, javascriptEnabled: true, locationContextEnabled: false, networkConnectionEnabled: true, newCommandTimeout: 120, noReset: true, noSign: true, pixelRatio: 2, platform: LINUX, platformName: Android, platformVersion: 10, statBarHeight: 56, takesScreenshot: true, viewportRect: {height: 1312, left: 0, top: 56, width: 720}, warnings: {}, webStorageEnabled: false}
Session ID: 86aac669-0e08-465b-80e4-c64a7dc9ab87
at jdk.internal.reflect.GeneratedConstructorAccessor34.newInstance(Unknown Source)
at java.base/jdk.internal.reflect.DelegatingConstructorAccessorImpl.newInstance(DelegatingConstructorAccessorImpl.java:45)
at java.base/java.lang.reflect.Constructor.newInstanceWithCaller(Constructor.java:500)
at java.base/java.lang.reflect.Constructor.newInstance(Constructor.java:481)
at org.openqa.selenium.remote.http.W3CHttpResponseCodec.createException(W3CHttpResponseCodec.java:187)
at org.openqa.selenium.remote.http.W3CHttpResponseCodec.decode(W3CHttpResponseCodec.java:122)
at org.openqa.selenium.remote.http.W3CHttpResponseCodec.decode(W3CHttpResponseCodec.java:49)
at org.openqa.selenium.remote.HttpCommandExecutor.execute(HttpCommandExecutor.java:158)
at io.appium.java_client.remote.AppiumCommandExecutor.execute(AppiumCommandExecutor.java:239)
at org.openqa.selenium.remote.RemoteWebDriver.execute(RemoteWebDriver.java:552)
at io.appium.java_client.DefaultGenericMobileDriver.execute(DefaultGenericMobileDriver.java:45)
at io.appium.java_client.AppiumDriver.execute(AppiumDriver.java:1)
at io.appium.java_client.android.AndroidDriver.execute(AndroidDriver.java:1)
at org.openqa.selenium.remote.RemoteWebDriver.getScreenshotAs(RemoteWebDriver.java:295)
at com.share.utility.Utilities.getScreenshot(Utilities.java:22)
at com.share.general.DriverSetUp.setTestResult(DriverSetUp.java:184)
at jdk.internal.reflect.GeneratedMethodAccessor8.invoke(Unknown Source)
at java.base/jdk.internal.reflect.DelegatingMethodAccessorImpl.invoke(DelegatingMethodAccessorImpl.java:43)
at java.base/java.lang.reflect.Method.invoke(Method.java:567)
at org.testng.internal.MethodInvocationHelper.invokeMethod(MethodInvocationHelper.java:133)
at org.testng.internal.MethodInvocationHelper.invokeMethodConsideringTimeout(MethodInvocationHelper.java:62)
at org.testng.internal.ConfigInvoker.invokeConfigurationMethod(ConfigInvoker.java:340)
at org.testng.internal.ConfigInvoker.invokeConfigurations(ConfigInvoker.java:294)
at org.testng.internal.TestInvoker.runConfigMethods(TestInvoker.java:683)
at org.testng.internal.TestInvoker.runAfterGroupsConfigurations(TestInvoker.java:658)
at org.testng.internal.TestInvoker.invokeMethod(TestInvoker.java:530)
at org.testng.internal.TestInvoker.invokeTestMethod(TestInvoker.java:172)
at org.testng.internal.MethodRunner.runInSequence(MethodRunner.java:46)
at org.testng.internal.TestInvoker$MethodInvocationAgent.invoke(TestInvoker.java:804)
at org.testng.internal.TestInvoker.invokeTestMethods(TestInvoker.java:145)
at org.testng.internal.TestMethodWorker.invokeTestMethods(TestMethodWorker.java:146)
at org.testng.internal.TestMethodWorker.run(TestMethodWorker.java:128)
at java.base/java.util.ArrayList.forEach(ArrayList.java:1507)
at org.testng.TestRunner.privateRun(TestRunner.java:770)
at org.testng.TestRunner.run(TestRunner.java:591)
at org.testng.SuiteRunner.runTest(SuiteRunner.java:402)
at org.testng.SuiteRunner.runSequentially(SuiteRunner.java:396)
at org.testng.SuiteRunner.privateRun(SuiteRunner.java:355)
at org.testng.SuiteRunner.run(SuiteRunner.java:304)
at org.testng.SuiteRunnerWorker.runSuite(SuiteRunnerWorker.java:53)
at org.testng.SuiteRunnerWorker.run(SuiteRunnerWorker.java:96)
at org.testng.TestNG.runSuitesSequentially(TestNG.java:1180)
at org.testng.TestNG.runSuitesLocally(TestNG.java:1102)
at org.testng.TestNG.runSuites(TestNG.java:1032)
at org.testng.TestNG.run(TestNG.java:1000)
at org.testng.remote.AbstractRemoteTestNG.run(AbstractRemoteTestNG.java:115)
at org.testng.remote.RemoteTestNG.initAndRun(RemoteTestNG.java:251)
at org.testng.remote.RemoteTestNG.main(RemoteTestNG.java:77)
]]>
    </error>
  </testcase> <!-- setTestResult -->
  <testcase classname="com.share.testscript.Registration" name="setTestResult" time="0.040">
    <error message="An unknown server-side error occurred while processing the command. Original error: Could not proxy command to remote server. Original error: Error: socket hang up
Build info: version: &#039;3.141.59&#039;, revision: &#039;e82be7d358&#039;, time: &#039;2018-11-14T08:17:03&#039;
System info: host: &#039;TIJO_PC&#039;, ip: &#039;192.168.43.55&#039;, os.name: &#039;Windows 10&#039;, os.arch: &#039;amd64&#039;, os.version: &#039;10.0&#039;, java.version: &#039;13.0.2&#039;
Driver info: io.appium.java_client.android.AndroidDriver
Capabilities {adbExecTimeout: 50000, appActivity: com.maf.android.share.prese..., appPackage: com.maf.dl.sharesit, autoGrantPermissions: true, automationName: uiautomator2, databaseEnabled: false, desired: {adbExecTimeout: 50000, appActivity: com.maf.android.share.prese..., appPackage: com.maf.dl.sharesit, autoGrantPermissions: true, automationName: uiautomator2, device: Android, deviceName: DT89626EA1950609814, newCommandTimeout: 120, noReset: true, noSign: true, platformName: android}, device: Android, deviceApiLevel: 29, deviceManufacturer: HMD Global, deviceModel: Nokia 3.2, deviceName: DT89626EA1950609814, deviceScreenDensity: 320, deviceScreenSize: 720x1520, deviceUDID: DT89626EA1950609814, javascriptEnabled: true, locationContextEnabled: false, networkConnectionEnabled: true, newCommandTimeout: 120, noReset: true, noSign: true, pixelRatio: 2, platform: LINUX, platformName: Android, platformVersion: 10, statBarHeight: 56, takesScreenshot: true, viewportRect: {height: 1312, left: 0, top: 56, width: 720}, warnings: {}, webStorageEnabled: false}
Session ID: 86aac669-0e08-465b-80e4-c64a7dc9ab87" type="org.openqa.selenium.WebDriverException">
      <![CDATA[org.openqa.selenium.WebDriverException: An unknown server-side error occurred while processing the command. Original error: Could not proxy command to remote server. Original error: Error: socket hang up
Build info: version: '3.141.59', revision: 'e82be7d358', time: '2018-11-14T08:17:03'
System info: host: 'TIJO_PC', ip: '192.168.43.55', os.name: 'Windows 10', os.arch: 'amd64', os.version: '10.0', java.version: '13.0.2'
Driver info: io.appium.java_client.android.AndroidDriver
Capabilities {adbExecTimeout: 50000, appActivity: com.maf.android.share.prese..., appPackage: com.maf.dl.sharesit, autoGrantPermissions: true, automationName: uiautomator2, databaseEnabled: false, desired: {adbExecTimeout: 50000, appActivity: com.maf.android.share.prese..., appPackage: com.maf.dl.sharesit, autoGrantPermissions: true, automationName: uiautomator2, device: Android, deviceName: DT89626EA1950609814, newCommandTimeout: 120, noReset: true, noSign: true, platformName: android}, device: Android, deviceApiLevel: 29, deviceManufacturer: HMD Global, deviceModel: Nokia 3.2, deviceName: DT89626EA1950609814, deviceScreenDensity: 320, deviceScreenSize: 720x1520, deviceUDID: DT89626EA1950609814, javascriptEnabled: true, locationContextEnabled: false, networkConnectionEnabled: true, newCommandTimeout: 120, noReset: true, noSign: true, pixelRatio: 2, platform: LINUX, platformName: Android, platformVersion: 10, statBarHeight: 56, takesScreenshot: true, viewportRect: {height: 1312, left: 0, top: 56, width: 720}, warnings: {}, webStorageEnabled: false}
Session ID: 86aac669-0e08-465b-80e4-c64a7dc9ab87
at jdk.internal.reflect.GeneratedConstructorAccessor34.newInstance(Unknown Source)
at java.base/jdk.internal.reflect.DelegatingConstructorAccessorImpl.newInstance(DelegatingConstructorAccessorImpl.java:45)
at java.base/java.lang.reflect.Constructor.newInstanceWithCaller(Constructor.java:500)
at java.base/java.lang.reflect.Constructor.newInstance(Constructor.java:481)
at org.openqa.selenium.remote.http.W3CHttpResponseCodec.createException(W3CHttpResponseCodec.java:187)
at org.openqa.selenium.remote.http.W3CHttpResponseCodec.decode(W3CHttpResponseCodec.java:122)
at org.openqa.selenium.remote.http.W3CHttpResponseCodec.decode(W3CHttpResponseCodec.java:49)
at org.openqa.selenium.remote.HttpCommandExecutor.execute(HttpCommandExecutor.java:158)
at io.appium.java_client.remote.AppiumCommandExecutor.execute(AppiumCommandExecutor.java:239)
at org.openqa.selenium.remote.RemoteWebDriver.execute(RemoteWebDriver.java:552)
at io.appium.java_client.DefaultGenericMobileDriver.execute(DefaultGenericMobileDriver.java:45)
at io.appium.java_client.AppiumDriver.execute(AppiumDriver.java:1)
at io.appium.java_client.android.AndroidDriver.execute(AndroidDriver.java:1)
at org.openqa.selenium.remote.RemoteWebDriver.getScreenshotAs(RemoteWebDriver.java:295)
at com.share.utility.Utilities.getScreenshot(Utilities.java:22)
at com.share.general.DriverSetUp.setTestResult(DriverSetUp.java:184)
at jdk.internal.reflect.GeneratedMethodAccessor8.invoke(Unknown Source)
at java.base/jdk.internal.reflect.DelegatingMethodAccessorImpl.invoke(DelegatingMethodAccessorImpl.java:43)
at java.base/java.lang.reflect.Method.invoke(Method.java:567)
at org.testng.internal.MethodInvocationHelper.invokeMethod(MethodInvocationHelper.java:133)
at org.testng.internal.MethodInvocationHelper.invokeMethodConsideringTimeout(MethodInvocationHelper.java:62)
at org.testng.internal.ConfigInvoker.invokeConfigurationMethod(ConfigInvoker.java:340)
at org.testng.internal.ConfigInvoker.invokeConfigurations(ConfigInvoker.java:294)
at org.testng.internal.TestInvoker.runConfigMethods(TestInvoker.java:683)
at org.testng.internal.TestInvoker.runAfterGroupsConfigurations(TestInvoker.java:658)
at org.testng.internal.TestInvoker.invokeMethod(TestInvoker.java:530)
at org.testng.internal.TestInvoker.invokeTestMethod(TestInvoker.java:172)
at org.testng.internal.MethodRunner.runInSequence(MethodRunner.java:46)
at org.testng.internal.TestInvoker$MethodInvocationAgent.invoke(TestInvoker.java:804)
at org.testng.internal.TestInvoker.invokeTestMethods(TestInvoker.java:145)
at org.testng.internal.TestMethodWorker.invokeTestMethods(TestMethodWorker.java:146)
at org.testng.internal.TestMethodWorker.run(TestMethodWorker.java:128)
at java.base/java.util.ArrayList.forEach(ArrayList.java:1507)
at org.testng.TestRunner.privateRun(TestRunner.java:770)
at org.testng.TestRunner.run(TestRunner.java:591)
at org.testng.SuiteRunner.runTest(SuiteRunner.java:402)
at org.testng.SuiteRunner.runSequentially(SuiteRunner.java:396)
at org.testng.SuiteRunner.privateRun(SuiteRunner.java:355)
at org.testng.SuiteRunner.run(SuiteRunner.java:304)
at org.testng.SuiteRunnerWorker.runSuite(SuiteRunnerWorker.java:53)
at org.testng.SuiteRunnerWorker.run(SuiteRunnerWorker.java:96)
at org.testng.TestNG.runSuitesSequentially(TestNG.java:1180)
at org.testng.TestNG.runSuitesLocally(TestNG.java:1102)
at org.testng.TestNG.runSuites(TestNG.java:1032)
at org.testng.TestNG.run(TestNG.java:1000)
at org.testng.remote.AbstractRemoteTestNG.run(AbstractRemoteTestNG.java:115)
at org.testng.remote.RemoteTestNG.initAndRun(RemoteTestNG.java:251)
at org.testng.remote.RemoteTestNG.main(RemoteTestNG.java:77)
]]>
    </error>
  </testcase> <!-- setTestResult -->
</testsuite> <!-- com.share.testscript.Registration -->
