<?xml version="1.0" encoding="UTF-8"?>
<!-- Generated by org.testng.reporters.JUnitXMLReporter -->
<testsuite ignored="9" hostname="TIJO_PC" failures="1" tests="69" name="Regression" time="50.446" errors="0" timestamp="2020-10-15T13:10:51 IST">
  <testcase classname="com.share.general.DriverSetUp" name="@AfterMethod setTestResult" time="0.05">
    <failure type="org.openqa.selenium.WebDriverException" message="An unknown server-side error occurred while processing the command. Original error: Could not proxy command to remote server. Original error: Error: socket hang up
Build info: version: &amp;apos;3.141.59&amp;apos;, revision: &amp;apos;e82be7d358&amp;apos;, time: &amp;apos;2018-11-14T08:17:03&amp;apos;
System info: host: &amp;apos;TIJO_PC&amp;apos;, ip: &amp;apos;192.168.43.55&amp;apos;, os.name: &amp;apos;Windows 10&amp;apos;, os.arch: &amp;apos;amd64&amp;apos;, os.version: &amp;apos;10.0&amp;apos;, java.version: &amp;apos;13.0.2&amp;apos;
Driver info: io.appium.java_client.android.AndroidDriver
Capabilities {adbExecTimeout: 50000, appActivity: com.maf.android.share.prese..., appPackage: com.maf.dl.sharesit, autoGrantPermissions: true, automationName: uiautomator2, databaseEnabled: false, desired: {adbExecTimeout: 50000, appActivity: com.maf.android.share.prese..., appPackage: com.maf.dl.sharesit, autoGrantPermissions: true, automationName: uiautomator2, device: Android, deviceName: DT89626EA1950609814, newCommandTimeout: 120, noReset: true, noSign: true, platformName: android}, device: Android, deviceApiLevel: 29, deviceManufacturer: HMD Global, deviceModel: Nokia 3.2, deviceName: DT89626EA1950609814, deviceScreenDensity: 320, deviceScreenSize: 720x1520, deviceUDID: DT89626EA1950609814, javascriptEnabled: true, locationContextEnabled: false, networkConnectionEnabled: true, newCommandTimeout: 120, noReset: true, noSign: true, pixelRatio: 2, platform: LINUX, platformName: Android, platformVersion: 10, statBarHeight: 56, takesScreenshot: true, viewportRect: {height: 1312, left: 0, top: 56, width: 720}, warnings: {}, webStorageEnabled: false}
Session ID: 86aac669-0e08-465b-80e4-c64a7dc9ab87">
      <![CDATA[org.openqa.selenium.WebDriverException: An unknown server-side error occurred while processing the command. Original error: Could not proxy command to remote server. Original error: Error: socket hang up
Build info: version: '3.141.59', revision: 'e82be7d358', time: '2018-11-14T08:17:03'
System info: host: 'TIJO_PC', ip: '192.168.43.55', os.name: 'Windows 10', os.arch: 'amd64', os.version: '10.0', java.version: '13.0.2'
Driver info: io.appium.java_client.android.AndroidDriver
Capabilities {adbExecTimeout: 50000, appActivity: com.maf.android.share.prese..., appPackage: com.maf.dl.sharesit, autoGrantPermissions: true, automationName: uiautomator2, databaseEnabled: false, desired: {adbExecTimeout: 50000, appActivity: com.maf.android.share.prese..., appPackage: com.maf.dl.sharesit, autoGrantPermissions: true, automationName: uiautomator2, device: Android, deviceName: DT89626EA1950609814, newCommandTimeout: 120, noReset: true, noSign: true, platformName: android}, device: Android, deviceApiLevel: 29, deviceManufacturer: HMD Global, deviceModel: Nokia 3.2, deviceName: DT89626EA1950609814, deviceScreenDensity: 320, deviceScreenSize: 720x1520, deviceUDID: DT89626EA1950609814, javascriptEnabled: true, locationContextEnabled: false, networkConnectionEnabled: true, newCommandTimeout: 120, noReset: true, noSign: true, pixelRatio: 2, platform: LINUX, platformName: Android, platformVersion: 10, statBarHeight: 56, takesScreenshot: true, viewportRect: {height: 1312, left: 0, top: 56, width: 720}, warnings: {}, webStorageEnabled: false}
Session ID: 86aac669-0e08-465b-80e4-c64a7dc9ab87
at org.openqa.selenium.remote.http.W3CHttpResponseCodec.createException(W3CHttpResponseCodec.java:187)
at org.openqa.selenium.remote.http.W3CHttpResponseCodec.decode(W3CHttpResponseCodec.java:122)
at org.openqa.selenium.remote.http.W3CHttpResponseCodec.decode(W3CHttpResponseCodec.java:49)
at org.openqa.selenium.remote.HttpCommandExecutor.execute(HttpCommandExecutor.java:158)
at io.appium.java_client.remote.AppiumCommandExecutor.execute(AppiumCommandExecutor.java:239)
at org.openqa.selenium.remote.RemoteWebDriver.execute(RemoteWebDriver.java:552)
at io.appium.java_client.DefaultGenericMobileDriver.execute(DefaultGenericMobileDriver.java:45)
at io.appium.java_client.AppiumDriver.execute(AppiumDriver.java:1)
at io.appium.java_client.android.AndroidDriver.execute(AndroidDriver.java:1)
at org.openqa.selenium.remote.RemoteWebDriver.getScreenshotAs(RemoteWebDriver.java:295)
at com.share.utility.Utilities.getScreenshot(Utilities.java:22)
at com.share.general.DriverSetUp.setTestResult(DriverSetUp.java:184)
at java.base/java.util.ArrayList.forEach(ArrayList.java:1507)
... Removed 37 stack frames]]>
    </failure>
  </testcase> <!-- @AfterMethod setTestResult -->
  <testcase classname="com.share.general.DriverSetUp" name="@AfterMethod setTestResult" time="0.028">
    <failure type="org.openqa.selenium.WebDriverException" message="An unknown server-side error occurred while processing the command. Original error: Could not proxy command to remote server. Original error: Error: socket hang up
Build info: version: &amp;apos;3.141.59&amp;apos;, revision: &amp;apos;e82be7d358&amp;apos;, time: &amp;apos;2018-11-14T08:17:03&amp;apos;
System info: host: &amp;apos;TIJO_PC&amp;apos;, ip: &amp;apos;192.168.43.55&amp;apos;, os.name: &amp;apos;Windows 10&amp;apos;, os.arch: &amp;apos;amd64&amp;apos;, os.version: &amp;apos;10.0&amp;apos;, java.version: &amp;apos;13.0.2&amp;apos;
Driver info: io.appium.java_client.android.AndroidDriver
Capabilities {adbExecTimeout: 50000, appActivity: com.maf.android.share.prese..., appPackage: com.maf.dl.sharesit, autoGrantPermissions: true, automationName: uiautomator2, databaseEnabled: false, desired: {adbExecTimeout: 50000, appActivity: com.maf.android.share.prese..., appPackage: com.maf.dl.sharesit, autoGrantPermissions: true, automationName: uiautomator2, device: Android, deviceName: DT89626EA1950609814, newCommandTimeout: 120, noReset: true, noSign: true, platformName: android}, device: Android, deviceApiLevel: 29, deviceManufacturer: HMD Global, deviceModel: Nokia 3.2, deviceName: DT89626EA1950609814, deviceScreenDensity: 320, deviceScreenSize: 720x1520, deviceUDID: DT89626EA1950609814, javascriptEnabled: true, locationContextEnabled: false, networkConnectionEnabled: true, newCommandTimeout: 120, noReset: true, noSign: true, pixelRatio: 2, platform: LINUX, platformName: Android, platformVersion: 10, statBarHeight: 56, takesScreenshot: true, viewportRect: {height: 1312, left: 0, top: 56, width: 720}, warnings: {}, webStorageEnabled: false}
Session ID: 86aac669-0e08-465b-80e4-c64a7dc9ab87">
      <![CDATA[org.openqa.selenium.WebDriverException: An unknown server-side error occurred while processing the command. Original error: Could not proxy command to remote server. Original error: Error: socket hang up
Build info: version: '3.141.59', revision: 'e82be7d358', time: '2018-11-14T08:17:03'
System info: host: 'TIJO_PC', ip: '192.168.43.55', os.name: 'Windows 10', os.arch: 'amd64', os.version: '10.0', java.version: '13.0.2'
Driver info: io.appium.java_client.android.AndroidDriver
Capabilities {adbExecTimeout: 50000, appActivity: com.maf.android.share.prese..., appPackage: com.maf.dl.sharesit, autoGrantPermissions: true, automationName: uiautomator2, databaseEnabled: false, desired: {adbExecTimeout: 50000, appActivity: com.maf.android.share.prese..., appPackage: com.maf.dl.sharesit, autoGrantPermissions: true, automationName: uiautomator2, device: Android, deviceName: DT89626EA1950609814, newCommandTimeout: 120, noReset: true, noSign: true, platformName: android}, device: Android, deviceApiLevel: 29, deviceManufacturer: HMD Global, deviceModel: Nokia 3.2, deviceName: DT89626EA1950609814, deviceScreenDensity: 320, deviceScreenSize: 720x1520, deviceUDID: DT89626EA1950609814, javascriptEnabled: true, locationContextEnabled: false, networkConnectionEnabled: true, newCommandTimeout: 120, noReset: true, noSign: true, pixelRatio: 2, platform: LINUX, platformName: Android, platformVersion: 10, statBarHeight: 56, takesScreenshot: true, viewportRect: {height: 1312, left: 0, top: 56, width: 720}, warnings: {}, webStorageEnabled: false}
Session ID: 86aac669-0e08-465b-80e4-c64a7dc9ab87
at org.openqa.selenium.remote.http.W3CHttpResponseCodec.createException(W3CHttpResponseCodec.java:187)
at org.openqa.selenium.remote.http.W3CHttpResponseCodec.decode(W3CHttpResponseCodec.java:122)
at org.openqa.selenium.remote.http.W3CHttpResponseCodec.decode(W3CHttpResponseCodec.java:49)
at org.openqa.selenium.remote.HttpCommandExecutor.execute(HttpCommandExecutor.java:158)
at io.appium.java_client.remote.AppiumCommandExecutor.execute(AppiumCommandExecutor.java:239)
at org.openqa.selenium.remote.RemoteWebDriver.execute(RemoteWebDriver.java:552)
at io.appium.java_client.DefaultGenericMobileDriver.execute(DefaultGenericMobileDriver.java:45)
at io.appium.java_client.AppiumDriver.execute(AppiumDriver.java:1)
at io.appium.java_client.android.AndroidDriver.execute(AndroidDriver.java:1)
at org.openqa.selenium.remote.RemoteWebDriver.getScreenshotAs(RemoteWebDriver.java:295)
at com.share.utility.Utilities.getScreenshot(Utilities.java:22)
at com.share.general.DriverSetUp.setTestResult(DriverSetUp.java:184)
at java.base/java.util.ArrayList.forEach(ArrayList.java:1507)
... Removed 37 stack frames]]>
    </failure>
  </testcase> <!-- @AfterMethod setTestResult -->
  <testcase classname="com.share.general.DriverSetUp" name="@AfterMethod setTestResult" time="0.035">
    <failure type="org.openqa.selenium.WebDriverException" message="An unknown server-side error occurred while processing the command. Original error: Could not proxy command to remote server. Original error: Error: socket hang up
Build info: version: &amp;apos;3.141.59&amp;apos;, revision: &amp;apos;e82be7d358&amp;apos;, time: &amp;apos;2018-11-14T08:17:03&amp;apos;
System info: host: &amp;apos;TIJO_PC&amp;apos;, ip: &amp;apos;192.168.43.55&amp;apos;, os.name: &amp;apos;Windows 10&amp;apos;, os.arch: &amp;apos;amd64&amp;apos;, os.version: &amp;apos;10.0&amp;apos;, java.version: &amp;apos;13.0.2&amp;apos;
Driver info: io.appium.java_client.android.AndroidDriver
Capabilities {adbExecTimeout: 50000, appActivity: com.maf.android.share.prese..., appPackage: com.maf.dl.sharesit, autoGrantPermissions: true, automationName: uiautomator2, databaseEnabled: false, desired: {adbExecTimeout: 50000, appActivity: com.maf.android.share.prese..., appPackage: com.maf.dl.sharesit, autoGrantPermissions: true, automationName: uiautomator2, device: Android, deviceName: DT89626EA1950609814, newCommandTimeout: 120, noReset: true, noSign: true, platformName: android}, device: Android, deviceApiLevel: 29, deviceManufacturer: HMD Global, deviceModel: Nokia 3.2, deviceName: DT89626EA1950609814, deviceScreenDensity: 320, deviceScreenSize: 720x1520, deviceUDID: DT89626EA1950609814, javascriptEnabled: true, locationContextEnabled: false, networkConnectionEnabled: true, newCommandTimeout: 120, noReset: true, noSign: true, pixelRatio: 2, platform: LINUX, platformName: Android, platformVersion: 10, statBarHeight: 56, takesScreenshot: true, viewportRect: {height: 1312, left: 0, top: 56, width: 720}, warnings: {}, webStorageEnabled: false}
Session ID: 86aac669-0e08-465b-80e4-c64a7dc9ab87">
      <![CDATA[org.openqa.selenium.WebDriverException: An unknown server-side error occurred while processing the command. Original error: Could not proxy command to remote server. Original error: Error: socket hang up
Build info: version: '3.141.59', revision: 'e82be7d358', time: '2018-11-14T08:17:03'
System info: host: 'TIJO_PC', ip: '192.168.43.55', os.name: 'Windows 10', os.arch: 'amd64', os.version: '10.0', java.version: '13.0.2'
Driver info: io.appium.java_client.android.AndroidDriver
Capabilities {adbExecTimeout: 50000, appActivity: com.maf.android.share.prese..., appPackage: com.maf.dl.sharesit, autoGrantPermissions: true, automationName: uiautomator2, databaseEnabled: false, desired: {adbExecTimeout: 50000, appActivity: com.maf.android.share.prese..., appPackage: com.maf.dl.sharesit, autoGrantPermissions: true, automationName: uiautomator2, device: Android, deviceName: DT89626EA1950609814, newCommandTimeout: 120, noReset: true, noSign: true, platformName: android}, device: Android, deviceApiLevel: 29, deviceManufacturer: HMD Global, deviceModel: Nokia 3.2, deviceName: DT89626EA1950609814, deviceScreenDensity: 320, deviceScreenSize: 720x1520, deviceUDID: DT89626EA1950609814, javascriptEnabled: true, locationContextEnabled: false, networkConnectionEnabled: true, newCommandTimeout: 120, noReset: true, noSign: true, pixelRatio: 2, platform: LINUX, platformName: Android, platformVersion: 10, statBarHeight: 56, takesScreenshot: true, viewportRect: {height: 1312, left: 0, top: 56, width: 720}, warnings: {}, webStorageEnabled: false}
Session ID: 86aac669-0e08-465b-80e4-c64a7dc9ab87
at org.openqa.selenium.remote.http.W3CHttpResponseCodec.createException(W3CHttpResponseCodec.java:187)
at org.openqa.selenium.remote.http.W3CHttpResponseCodec.decode(W3CHttpResponseCodec.java:122)
at org.openqa.selenium.remote.http.W3CHttpResponseCodec.decode(W3CHttpResponseCodec.java:49)
at org.openqa.selenium.remote.HttpCommandExecutor.execute(HttpCommandExecutor.java:158)
at io.appium.java_client.remote.AppiumCommandExecutor.execute(AppiumCommandExecutor.java:239)
at org.openqa.selenium.remote.RemoteWebDriver.execute(RemoteWebDriver.java:552)
at io.appium.java_client.DefaultGenericMobileDriver.execute(DefaultGenericMobileDriver.java:45)
at io.appium.java_client.AppiumDriver.execute(AppiumDriver.java:1)
at io.appium.java_client.android.AndroidDriver.execute(AndroidDriver.java:1)
at org.openqa.selenium.remote.RemoteWebDriver.getScreenshotAs(RemoteWebDriver.java:295)
at com.share.utility.Utilities.getScreenshot(Utilities.java:22)
at com.share.general.DriverSetUp.setTestResult(DriverSetUp.java:184)
at java.base/java.util.ArrayList.forEach(ArrayList.java:1507)
... Removed 37 stack frames]]>
    </failure>
  </testcase> <!-- @AfterMethod setTestResult -->
  <testcase classname="com.share.general.DriverSetUp" name="@AfterMethod setTestResult" time="0.03">
    <failure type="org.openqa.selenium.WebDriverException" message="An unknown server-side error occurred while processing the command. Original error: Could not proxy command to remote server. Original error: Error: socket hang up
Build info: version: &amp;apos;3.141.59&amp;apos;, revision: &amp;apos;e82be7d358&amp;apos;, time: &amp;apos;2018-11-14T08:17:03&amp;apos;
System info: host: &amp;apos;TIJO_PC&amp;apos;, ip: &amp;apos;192.168.43.55&amp;apos;, os.name: &amp;apos;Windows 10&amp;apos;, os.arch: &amp;apos;amd64&amp;apos;, os.version: &amp;apos;10.0&amp;apos;, java.version: &amp;apos;13.0.2&amp;apos;
Driver info: io.appium.java_client.android.AndroidDriver
Capabilities {adbExecTimeout: 50000, appActivity: com.maf.android.share.prese..., appPackage: com.maf.dl.sharesit, autoGrantPermissions: true, automationName: uiautomator2, databaseEnabled: false, desired: {adbExecTimeout: 50000, appActivity: com.maf.android.share.prese..., appPackage: com.maf.dl.sharesit, autoGrantPermissions: true, automationName: uiautomator2, device: Android, deviceName: DT89626EA1950609814, newCommandTimeout: 120, noReset: true, noSign: true, platformName: android}, device: Android, deviceApiLevel: 29, deviceManufacturer: HMD Global, deviceModel: Nokia 3.2, deviceName: DT89626EA1950609814, deviceScreenDensity: 320, deviceScreenSize: 720x1520, deviceUDID: DT89626EA1950609814, javascriptEnabled: true, locationContextEnabled: false, networkConnectionEnabled: true, newCommandTimeout: 120, noReset: true, noSign: true, pixelRatio: 2, platform: LINUX, platformName: Android, platformVersion: 10, statBarHeight: 56, takesScreenshot: true, viewportRect: {height: 1312, left: 0, top: 56, width: 720}, warnings: {}, webStorageEnabled: false}
Session ID: 86aac669-0e08-465b-80e4-c64a7dc9ab87">
      <![CDATA[org.openqa.selenium.WebDriverException: An unknown server-side error occurred while processing the command. Original error: Could not proxy command to remote server. Original error: Error: socket hang up
Build info: version: '3.141.59', revision: 'e82be7d358', time: '2018-11-14T08:17:03'
System info: host: 'TIJO_PC', ip: '192.168.43.55', os.name: 'Windows 10', os.arch: 'amd64', os.version: '10.0', java.version: '13.0.2'
Driver info: io.appium.java_client.android.AndroidDriver
Capabilities {adbExecTimeout: 50000, appActivity: com.maf.android.share.prese..., appPackage: com.maf.dl.sharesit, autoGrantPermissions: true, automationName: uiautomator2, databaseEnabled: false, desired: {adbExecTimeout: 50000, appActivity: com.maf.android.share.prese..., appPackage: com.maf.dl.sharesit, autoGrantPermissions: true, automationName: uiautomator2, device: Android, deviceName: DT89626EA1950609814, newCommandTimeout: 120, noReset: true, noSign: true, platformName: android}, device: Android, deviceApiLevel: 29, deviceManufacturer: HMD Global, deviceModel: Nokia 3.2, deviceName: DT89626EA1950609814, deviceScreenDensity: 320, deviceScreenSize: 720x1520, deviceUDID: DT89626EA1950609814, javascriptEnabled: true, locationContextEnabled: false, networkConnectionEnabled: true, newCommandTimeout: 120, noReset: true, noSign: true, pixelRatio: 2, platform: LINUX, platformName: Android, platformVersion: 10, statBarHeight: 56, takesScreenshot: true, viewportRect: {height: 1312, left: 0, top: 56, width: 720}, warnings: {}, webStorageEnabled: false}
Session ID: 86aac669-0e08-465b-80e4-c64a7dc9ab87
at org.openqa.selenium.remote.http.W3CHttpResponseCodec.createException(W3CHttpResponseCodec.java:187)
at org.openqa.selenium.remote.http.W3CHttpResponseCodec.decode(W3CHttpResponseCodec.java:122)
at org.openqa.selenium.remote.http.W3CHttpResponseCodec.decode(W3CHttpResponseCodec.java:49)
at org.openqa.selenium.remote.HttpCommandExecutor.execute(HttpCommandExecutor.java:158)
at io.appium.java_client.remote.AppiumCommandExecutor.execute(AppiumCommandExecutor.java:239)
at org.openqa.selenium.remote.RemoteWebDriver.execute(RemoteWebDriver.java:552)
at io.appium.java_client.DefaultGenericMobileDriver.execute(DefaultGenericMobileDriver.java:45)
at io.appium.java_client.AppiumDriver.execute(AppiumDriver.java:1)
at io.appium.java_client.android.AndroidDriver.execute(AndroidDriver.java:1)
at org.openqa.selenium.remote.RemoteWebDriver.getScreenshotAs(RemoteWebDriver.java:295)
at com.share.utility.Utilities.getScreenshot(Utilities.java:22)
at com.share.general.DriverSetUp.setTestResult(DriverSetUp.java:184)
at java.base/java.util.ArrayList.forEach(ArrayList.java:1507)
... Removed 37 stack frames]]>
    </failure>
  </testcase> <!-- @AfterMethod setTestResult -->
  <testcase classname="com.share.general.DriverSetUp" name="@AfterMethod setTestResult" time="0.029">
    <failure type="org.openqa.selenium.WebDriverException" message="An unknown server-side error occurred while processing the command. Original error: Could not proxy command to remote server. Original error: Error: socket hang up
Build info: version: &amp;apos;3.141.59&amp;apos;, revision: &amp;apos;e82be7d358&amp;apos;, time: &amp;apos;2018-11-14T08:17:03&amp;apos;
System info: host: &amp;apos;TIJO_PC&amp;apos;, ip: &amp;apos;192.168.43.55&amp;apos;, os.name: &amp;apos;Windows 10&amp;apos;, os.arch: &amp;apos;amd64&amp;apos;, os.version: &amp;apos;10.0&amp;apos;, java.version: &amp;apos;13.0.2&amp;apos;
Driver info: io.appium.java_client.android.AndroidDriver
Capabilities {adbExecTimeout: 50000, appActivity: com.maf.android.share.prese..., appPackage: com.maf.dl.sharesit, autoGrantPermissions: true, automationName: uiautomator2, databaseEnabled: false, desired: {adbExecTimeout: 50000, appActivity: com.maf.android.share.prese..., appPackage: com.maf.dl.sharesit, autoGrantPermissions: true, automationName: uiautomator2, device: Android, deviceName: DT89626EA1950609814, newCommandTimeout: 120, noReset: true, noSign: true, platformName: android}, device: Android, deviceApiLevel: 29, deviceManufacturer: HMD Global, deviceModel: Nokia 3.2, deviceName: DT89626EA1950609814, deviceScreenDensity: 320, deviceScreenSize: 720x1520, deviceUDID: DT89626EA1950609814, javascriptEnabled: true, locationContextEnabled: false, networkConnectionEnabled: true, newCommandTimeout: 120, noReset: true, noSign: true, pixelRatio: 2, platform: LINUX, platformName: Android, platformVersion: 10, statBarHeight: 56, takesScreenshot: true, viewportRect: {height: 1312, left: 0, top: 56, width: 720}, warnings: {}, webStorageEnabled: false}
Session ID: 86aac669-0e08-465b-80e4-c64a7dc9ab87">
      <![CDATA[org.openqa.selenium.WebDriverException: An unknown server-side error occurred while processing the command. Original error: Could not proxy command to remote server. Original error: Error: socket hang up
Build info: version: '3.141.59', revision: 'e82be7d358', time: '2018-11-14T08:17:03'
System info: host: 'TIJO_PC', ip: '192.168.43.55', os.name: 'Windows 10', os.arch: 'amd64', os.version: '10.0', java.version: '13.0.2'
Driver info: io.appium.java_client.android.AndroidDriver
Capabilities {adbExecTimeout: 50000, appActivity: com.maf.android.share.prese..., appPackage: com.maf.dl.sharesit, autoGrantPermissions: true, automationName: uiautomator2, databaseEnabled: false, desired: {adbExecTimeout: 50000, appActivity: com.maf.android.share.prese..., appPackage: com.maf.dl.sharesit, autoGrantPermissions: true, automationName: uiautomator2, device: Android, deviceName: DT89626EA1950609814, newCommandTimeout: 120, noReset: true, noSign: true, platformName: android}, device: Android, deviceApiLevel: 29, deviceManufacturer: HMD Global, deviceModel: Nokia 3.2, deviceName: DT89626EA1950609814, deviceScreenDensity: 320, deviceScreenSize: 720x1520, deviceUDID: DT89626EA1950609814, javascriptEnabled: true, locationContextEnabled: false, networkConnectionEnabled: true, newCommandTimeout: 120, noReset: true, noSign: true, pixelRatio: 2, platform: LINUX, platformName: Android, platformVersion: 10, statBarHeight: 56, takesScreenshot: true, viewportRect: {height: 1312, left: 0, top: 56, width: 720}, warnings: {}, webStorageEnabled: false}
Session ID: 86aac669-0e08-465b-80e4-c64a7dc9ab87
at org.openqa.selenium.remote.http.W3CHttpResponseCodec.createException(W3CHttpResponseCodec.java:187)
at org.openqa.selenium.remote.http.W3CHttpResponseCodec.decode(W3CHttpResponseCodec.java:122)
at org.openqa.selenium.remote.http.W3CHttpResponseCodec.decode(W3CHttpResponseCodec.java:49)
at org.openqa.selenium.remote.HttpCommandExecutor.execute(HttpCommandExecutor.java:158)
at io.appium.java_client.remote.AppiumCommandExecutor.execute(AppiumCommandExecutor.java:239)
at org.openqa.selenium.remote.RemoteWebDriver.execute(RemoteWebDriver.java:552)
at io.appium.java_client.DefaultGenericMobileDriver.execute(DefaultGenericMobileDriver.java:45)
at io.appium.java_client.AppiumDriver.execute(AppiumDriver.java:1)
at io.appium.java_client.android.AndroidDriver.execute(AndroidDriver.java:1)
at org.openqa.selenium.remote.RemoteWebDriver.getScreenshotAs(RemoteWebDriver.java:295)
at com.share.utility.Utilities.getScreenshot(Utilities.java:22)
at com.share.general.DriverSetUp.setTestResult(DriverSetUp.java:184)
at java.base/java.util.ArrayList.forEach(ArrayList.java:1507)
... Removed 37 stack frames]]>
    </failure>
  </testcase> <!-- @AfterMethod setTestResult -->
  <testcase classname="com.share.general.DriverSetUp" name="@AfterMethod setTestResult" time="0.03">
    <failure type="org.openqa.selenium.WebDriverException" message="An unknown server-side error occurred while processing the command. Original error: Could not proxy command to remote server. Original error: Error: socket hang up
Build info: version: &amp;apos;3.141.59&amp;apos;, revision: &amp;apos;e82be7d358&amp;apos;, time: &amp;apos;2018-11-14T08:17:03&amp;apos;
System info: host: &amp;apos;TIJO_PC&amp;apos;, ip: &amp;apos;192.168.43.55&amp;apos;, os.name: &amp;apos;Windows 10&amp;apos;, os.arch: &amp;apos;amd64&amp;apos;, os.version: &amp;apos;10.0&amp;apos;, java.version: &amp;apos;13.0.2&amp;apos;
Driver info: io.appium.java_client.android.AndroidDriver
Capabilities {adbExecTimeout: 50000, appActivity: com.maf.android.share.prese..., appPackage: com.maf.dl.sharesit, autoGrantPermissions: true, automationName: uiautomator2, databaseEnabled: false, desired: {adbExecTimeout: 50000, appActivity: com.maf.android.share.prese..., appPackage: com.maf.dl.sharesit, autoGrantPermissions: true, automationName: uiautomator2, device: Android, deviceName: DT89626EA1950609814, newCommandTimeout: 120, noReset: true, noSign: true, platformName: android}, device: Android, deviceApiLevel: 29, deviceManufacturer: HMD Global, deviceModel: Nokia 3.2, deviceName: DT89626EA1950609814, deviceScreenDensity: 320, deviceScreenSize: 720x1520, deviceUDID: DT89626EA1950609814, javascriptEnabled: true, locationContextEnabled: false, networkConnectionEnabled: true, newCommandTimeout: 120, noReset: true, noSign: true, pixelRatio: 2, platform: LINUX, platformName: Android, platformVersion: 10, statBarHeight: 56, takesScreenshot: true, viewportRect: {height: 1312, left: 0, top: 56, width: 720}, warnings: {}, webStorageEnabled: false}
Session ID: 86aac669-0e08-465b-80e4-c64a7dc9ab87">
      <![CDATA[org.openqa.selenium.WebDriverException: An unknown server-side error occurred while processing the command. Original error: Could not proxy command to remote server. Original error: Error: socket hang up
Build info: version: '3.141.59', revision: 'e82be7d358', time: '2018-11-14T08:17:03'
System info: host: 'TIJO_PC', ip: '192.168.43.55', os.name: 'Windows 10', os.arch: 'amd64', os.version: '10.0', java.version: '13.0.2'
Driver info: io.appium.java_client.android.AndroidDriver
Capabilities {adbExecTimeout: 50000, appActivity: com.maf.android.share.prese..., appPackage: com.maf.dl.sharesit, autoGrantPermissions: true, automationName: uiautomator2, databaseEnabled: false, desired: {adbExecTimeout: 50000, appActivity: com.maf.android.share.prese..., appPackage: com.maf.dl.sharesit, autoGrantPermissions: true, automationName: uiautomator2, device: Android, deviceName: DT89626EA1950609814, newCommandTimeout: 120, noReset: true, noSign: true, platformName: android}, device: Android, deviceApiLevel: 29, deviceManufacturer: HMD Global, deviceModel: Nokia 3.2, deviceName: DT89626EA1950609814, deviceScreenDensity: 320, deviceScreenSize: 720x1520, deviceUDID: DT89626EA1950609814, javascriptEnabled: true, locationContextEnabled: false, networkConnectionEnabled: true, newCommandTimeout: 120, noReset: true, noSign: true, pixelRatio: 2, platform: LINUX, platformName: Android, platformVersion: 10, statBarHeight: 56, takesScreenshot: true, viewportRect: {height: 1312, left: 0, top: 56, width: 720}, warnings: {}, webStorageEnabled: false}
Session ID: 86aac669-0e08-465b-80e4-c64a7dc9ab87
at org.openqa.selenium.remote.http.W3CHttpResponseCodec.createException(W3CHttpResponseCodec.java:187)
at org.openqa.selenium.remote.http.W3CHttpResponseCodec.decode(W3CHttpResponseCodec.java:122)
at org.openqa.selenium.remote.http.W3CHttpResponseCodec.decode(W3CHttpResponseCodec.java:49)
at org.openqa.selenium.remote.HttpCommandExecutor.execute(HttpCommandExecutor.java:158)
at io.appium.java_client.remote.AppiumCommandExecutor.execute(AppiumCommandExecutor.java:239)
at org.openqa.selenium.remote.RemoteWebDriver.execute(RemoteWebDriver.java:552)
at io.appium.java_client.DefaultGenericMobileDriver.execute(DefaultGenericMobileDriver.java:45)
at io.appium.java_client.AppiumDriver.execute(AppiumDriver.java:1)
at io.appium.java_client.android.AndroidDriver.execute(AndroidDriver.java:1)
at org.openqa.selenium.remote.RemoteWebDriver.getScreenshotAs(RemoteWebDriver.java:295)
at com.share.utility.Utilities.getScreenshot(Utilities.java:22)
at com.share.general.DriverSetUp.setTestResult(DriverSetUp.java:184)
at java.base/java.util.ArrayList.forEach(ArrayList.java:1507)
... Removed 37 stack frames]]>
    </failure>
  </testcase> <!-- @AfterMethod setTestResult -->
  <testcase classname="com.share.general.DriverSetUp" name="@AfterMethod setTestResult" time="0.042">
    <failure type="org.openqa.selenium.WebDriverException" message="An unknown server-side error occurred while processing the command. Original error: Could not proxy command to remote server. Original error: Error: socket hang up
Build info: version: &amp;apos;3.141.59&amp;apos;, revision: &amp;apos;e82be7d358&amp;apos;, time: &amp;apos;2018-11-14T08:17:03&amp;apos;
System info: host: &amp;apos;TIJO_PC&amp;apos;, ip: &amp;apos;192.168.43.55&amp;apos;, os.name: &amp;apos;Windows 10&amp;apos;, os.arch: &amp;apos;amd64&amp;apos;, os.version: &amp;apos;10.0&amp;apos;, java.version: &amp;apos;13.0.2&amp;apos;
Driver info: io.appium.java_client.android.AndroidDriver
Capabilities {adbExecTimeout: 50000, appActivity: com.maf.android.share.prese..., appPackage: com.maf.dl.sharesit, autoGrantPermissions: true, automationName: uiautomator2, databaseEnabled: false, desired: {adbExecTimeout: 50000, appActivity: com.maf.android.share.prese..., appPackage: com.maf.dl.sharesit, autoGrantPermissions: true, automationName: uiautomator2, device: Android, deviceName: DT89626EA1950609814, newCommandTimeout: 120, noReset: true, noSign: true, platformName: android}, device: Android, deviceApiLevel: 29, deviceManufacturer: HMD Global, deviceModel: Nokia 3.2, deviceName: DT89626EA1950609814, deviceScreenDensity: 320, deviceScreenSize: 720x1520, deviceUDID: DT89626EA1950609814, javascriptEnabled: true, locationContextEnabled: false, networkConnectionEnabled: true, newCommandTimeout: 120, noReset: true, noSign: true, pixelRatio: 2, platform: LINUX, platformName: Android, platformVersion: 10, statBarHeight: 56, takesScreenshot: true, viewportRect: {height: 1312, left: 0, top: 56, width: 720}, warnings: {}, webStorageEnabled: false}
Session ID: 86aac669-0e08-465b-80e4-c64a7dc9ab87">
      <![CDATA[org.openqa.selenium.WebDriverException: An unknown server-side error occurred while processing the command. Original error: Could not proxy command to remote server. Original error: Error: socket hang up
Build info: version: '3.141.59', revision: 'e82be7d358', time: '2018-11-14T08:17:03'
System info: host: 'TIJO_PC', ip: '192.168.43.55', os.name: 'Windows 10', os.arch: 'amd64', os.version: '10.0', java.version: '13.0.2'
Driver info: io.appium.java_client.android.AndroidDriver
Capabilities {adbExecTimeout: 50000, appActivity: com.maf.android.share.prese..., appPackage: com.maf.dl.sharesit, autoGrantPermissions: true, automationName: uiautomator2, databaseEnabled: false, desired: {adbExecTimeout: 50000, appActivity: com.maf.android.share.prese..., appPackage: com.maf.dl.sharesit, autoGrantPermissions: true, automationName: uiautomator2, device: Android, deviceName: DT89626EA1950609814, newCommandTimeout: 120, noReset: true, noSign: true, platformName: android}, device: Android, deviceApiLevel: 29, deviceManufacturer: HMD Global, deviceModel: Nokia 3.2, deviceName: DT89626EA1950609814, deviceScreenDensity: 320, deviceScreenSize: 720x1520, deviceUDID: DT89626EA1950609814, javascriptEnabled: true, locationContextEnabled: false, networkConnectionEnabled: true, newCommandTimeout: 120, noReset: true, noSign: true, pixelRatio: 2, platform: LINUX, platformName: Android, platformVersion: 10, statBarHeight: 56, takesScreenshot: true, viewportRect: {height: 1312, left: 0, top: 56, width: 720}, warnings: {}, webStorageEnabled: false}
Session ID: 86aac669-0e08-465b-80e4-c64a7dc9ab87
at org.openqa.selenium.remote.http.W3CHttpResponseCodec.createException(W3CHttpResponseCodec.java:187)
at org.openqa.selenium.remote.http.W3CHttpResponseCodec.decode(W3CHttpResponseCodec.java:122)
at org.openqa.selenium.remote.http.W3CHttpResponseCodec.decode(W3CHttpResponseCodec.java:49)
at org.openqa.selenium.remote.HttpCommandExecutor.execute(HttpCommandExecutor.java:158)
at io.appium.java_client.remote.AppiumCommandExecutor.execute(AppiumCommandExecutor.java:239)
at org.openqa.selenium.remote.RemoteWebDriver.execute(RemoteWebDriver.java:552)
at io.appium.java_client.DefaultGenericMobileDriver.execute(DefaultGenericMobileDriver.java:45)
at io.appium.java_client.AppiumDriver.execute(AppiumDriver.java:1)
at io.appium.java_client.android.AndroidDriver.execute(AndroidDriver.java:1)
at org.openqa.selenium.remote.RemoteWebDriver.getScreenshotAs(RemoteWebDriver.java:295)
at com.share.utility.Utilities.getScreenshot(Utilities.java:22)
at com.share.general.DriverSetUp.setTestResult(DriverSetUp.java:184)
at java.base/java.util.ArrayList.forEach(ArrayList.java:1507)
... Removed 37 stack frames]]>
    </failure>
  </testcase> <!-- @AfterMethod setTestResult -->
  <testcase classname="com.share.general.DriverSetUp" name="@AfterMethod setTestResult" time="0.043">
    <failure type="org.openqa.selenium.WebDriverException" message="An unknown server-side error occurred while processing the command. Original error: Could not proxy command to remote server. Original error: Error: socket hang up
Build info: version: &amp;apos;3.141.59&amp;apos;, revision: &amp;apos;e82be7d358&amp;apos;, time: &amp;apos;2018-11-14T08:17:03&amp;apos;
System info: host: &amp;apos;TIJO_PC&amp;apos;, ip: &amp;apos;192.168.43.55&amp;apos;, os.name: &amp;apos;Windows 10&amp;apos;, os.arch: &amp;apos;amd64&amp;apos;, os.version: &amp;apos;10.0&amp;apos;, java.version: &amp;apos;13.0.2&amp;apos;
Driver info: io.appium.java_client.android.AndroidDriver
Capabilities {adbExecTimeout: 50000, appActivity: com.maf.android.share.prese..., appPackage: com.maf.dl.sharesit, autoGrantPermissions: true, automationName: uiautomator2, databaseEnabled: false, desired: {adbExecTimeout: 50000, appActivity: com.maf.android.share.prese..., appPackage: com.maf.dl.sharesit, autoGrantPermissions: true, automationName: uiautomator2, device: Android, deviceName: DT89626EA1950609814, newCommandTimeout: 120, noReset: true, noSign: true, platformName: android}, device: Android, deviceApiLevel: 29, deviceManufacturer: HMD Global, deviceModel: Nokia 3.2, deviceName: DT89626EA1950609814, deviceScreenDensity: 320, deviceScreenSize: 720x1520, deviceUDID: DT89626EA1950609814, javascriptEnabled: true, locationContextEnabled: false, networkConnectionEnabled: true, newCommandTimeout: 120, noReset: true, noSign: true, pixelRatio: 2, platform: LINUX, platformName: Android, platformVersion: 10, statBarHeight: 56, takesScreenshot: true, viewportRect: {height: 1312, left: 0, top: 56, width: 720}, warnings: {}, webStorageEnabled: false}
Session ID: 86aac669-0e08-465b-80e4-c64a7dc9ab87">
      <![CDATA[org.openqa.selenium.WebDriverException: An unknown server-side error occurred while processing the command. Original error: Could not proxy command to remote server. Original error: Error: socket hang up
Build info: version: '3.141.59', revision: 'e82be7d358', time: '2018-11-14T08:17:03'
System info: host: 'TIJO_PC', ip: '192.168.43.55', os.name: 'Windows 10', os.arch: 'amd64', os.version: '10.0', java.version: '13.0.2'
Driver info: io.appium.java_client.android.AndroidDriver
Capabilities {adbExecTimeout: 50000, appActivity: com.maf.android.share.prese..., appPackage: com.maf.dl.sharesit, autoGrantPermissions: true, automationName: uiautomator2, databaseEnabled: false, desired: {adbExecTimeout: 50000, appActivity: com.maf.android.share.prese..., appPackage: com.maf.dl.sharesit, autoGrantPermissions: true, automationName: uiautomator2, device: Android, deviceName: DT89626EA1950609814, newCommandTimeout: 120, noReset: true, noSign: true, platformName: android}, device: Android, deviceApiLevel: 29, deviceManufacturer: HMD Global, deviceModel: Nokia 3.2, deviceName: DT89626EA1950609814, deviceScreenDensity: 320, deviceScreenSize: 720x1520, deviceUDID: DT89626EA1950609814, javascriptEnabled: true, locationContextEnabled: false, networkConnectionEnabled: true, newCommandTimeout: 120, noReset: true, noSign: true, pixelRatio: 2, platform: LINUX, platformName: Android, platformVersion: 10, statBarHeight: 56, takesScreenshot: true, viewportRect: {height: 1312, left: 0, top: 56, width: 720}, warnings: {}, webStorageEnabled: false}
Session ID: 86aac669-0e08-465b-80e4-c64a7dc9ab87
at org.openqa.selenium.remote.http.W3CHttpResponseCodec.createException(W3CHttpResponseCodec.java:187)
at org.openqa.selenium.remote.http.W3CHttpResponseCodec.decode(W3CHttpResponseCodec.java:122)
at org.openqa.selenium.remote.http.W3CHttpResponseCodec.decode(W3CHttpResponseCodec.java:49)
at org.openqa.selenium.remote.HttpCommandExecutor.execute(HttpCommandExecutor.java:158)
at io.appium.java_client.remote.AppiumCommandExecutor.execute(AppiumCommandExecutor.java:239)
at org.openqa.selenium.remote.RemoteWebDriver.execute(RemoteWebDriver.java:552)
at io.appium.java_client.DefaultGenericMobileDriver.execute(DefaultGenericMobileDriver.java:45)
at io.appium.java_client.AppiumDriver.execute(AppiumDriver.java:1)
at io.appium.java_client.android.AndroidDriver.execute(AndroidDriver.java:1)
at org.openqa.selenium.remote.RemoteWebDriver.getScreenshotAs(RemoteWebDriver.java:295)
at com.share.utility.Utilities.getScreenshot(Utilities.java:22)
at com.share.general.DriverSetUp.setTestResult(DriverSetUp.java:184)
at java.base/java.util.ArrayList.forEach(ArrayList.java:1507)
... Removed 37 stack frames]]>
    </failure>
  </testcase> <!-- @AfterMethod setTestResult -->
  <testcase classname="com.share.general.DriverSetUp" name="@AfterMethod setTestResult" time="0.036">
    <failure type="org.openqa.selenium.WebDriverException" message="An unknown server-side error occurred while processing the command. Original error: Could not proxy command to remote server. Original error: Error: socket hang up
Build info: version: &amp;apos;3.141.59&amp;apos;, revision: &amp;apos;e82be7d358&amp;apos;, time: &amp;apos;2018-11-14T08:17:03&amp;apos;
System info: host: &amp;apos;TIJO_PC&amp;apos;, ip: &amp;apos;192.168.43.55&amp;apos;, os.name: &amp;apos;Windows 10&amp;apos;, os.arch: &amp;apos;amd64&amp;apos;, os.version: &amp;apos;10.0&amp;apos;, java.version: &amp;apos;13.0.2&amp;apos;
Driver info: io.appium.java_client.android.AndroidDriver
Capabilities {adbExecTimeout: 50000, appActivity: com.maf.android.share.prese..., appPackage: com.maf.dl.sharesit, autoGrantPermissions: true, automationName: uiautomator2, databaseEnabled: false, desired: {adbExecTimeout: 50000, appActivity: com.maf.android.share.prese..., appPackage: com.maf.dl.sharesit, autoGrantPermissions: true, automationName: uiautomator2, device: Android, deviceName: DT89626EA1950609814, newCommandTimeout: 120, noReset: true, noSign: true, platformName: android}, device: Android, deviceApiLevel: 29, deviceManufacturer: HMD Global, deviceModel: Nokia 3.2, deviceName: DT89626EA1950609814, deviceScreenDensity: 320, deviceScreenSize: 720x1520, deviceUDID: DT89626EA1950609814, javascriptEnabled: true, locationContextEnabled: false, networkConnectionEnabled: true, newCommandTimeout: 120, noReset: true, noSign: true, pixelRatio: 2, platform: LINUX, platformName: Android, platformVersion: 10, statBarHeight: 56, takesScreenshot: true, viewportRect: {height: 1312, left: 0, top: 56, width: 720}, warnings: {}, webStorageEnabled: false}
Session ID: 86aac669-0e08-465b-80e4-c64a7dc9ab87">
      <![CDATA[org.openqa.selenium.WebDriverException: An unknown server-side error occurred while processing the command. Original error: Could not proxy command to remote server. Original error: Error: socket hang up
Build info: version: '3.141.59', revision: 'e82be7d358', time: '2018-11-14T08:17:03'
System info: host: 'TIJO_PC', ip: '192.168.43.55', os.name: 'Windows 10', os.arch: 'amd64', os.version: '10.0', java.version: '13.0.2'
Driver info: io.appium.java_client.android.AndroidDriver
Capabilities {adbExecTimeout: 50000, appActivity: com.maf.android.share.prese..., appPackage: com.maf.dl.sharesit, autoGrantPermissions: true, automationName: uiautomator2, databaseEnabled: false, desired: {adbExecTimeout: 50000, appActivity: com.maf.android.share.prese..., appPackage: com.maf.dl.sharesit, autoGrantPermissions: true, automationName: uiautomator2, device: Android, deviceName: DT89626EA1950609814, newCommandTimeout: 120, noReset: true, noSign: true, platformName: android}, device: Android, deviceApiLevel: 29, deviceManufacturer: HMD Global, deviceModel: Nokia 3.2, deviceName: DT89626EA1950609814, deviceScreenDensity: 320, deviceScreenSize: 720x1520, deviceUDID: DT89626EA1950609814, javascriptEnabled: true, locationContextEnabled: false, networkConnectionEnabled: true, newCommandTimeout: 120, noReset: true, noSign: true, pixelRatio: 2, platform: LINUX, platformName: Android, platformVersion: 10, statBarHeight: 56, takesScreenshot: true, viewportRect: {height: 1312, left: 0, top: 56, width: 720}, warnings: {}, webStorageEnabled: false}
Session ID: 86aac669-0e08-465b-80e4-c64a7dc9ab87
at org.openqa.selenium.remote.http.W3CHttpResponseCodec.createException(W3CHttpResponseCodec.java:187)
at org.openqa.selenium.remote.http.W3CHttpResponseCodec.decode(W3CHttpResponseCodec.java:122)
at org.openqa.selenium.remote.http.W3CHttpResponseCodec.decode(W3CHttpResponseCodec.java:49)
at org.openqa.selenium.remote.HttpCommandExecutor.execute(HttpCommandExecutor.java:158)
at io.appium.java_client.remote.AppiumCommandExecutor.execute(AppiumCommandExecutor.java:239)
at org.openqa.selenium.remote.RemoteWebDriver.execute(RemoteWebDriver.java:552)
at io.appium.java_client.DefaultGenericMobileDriver.execute(DefaultGenericMobileDriver.java:45)
at io.appium.java_client.AppiumDriver.execute(AppiumDriver.java:1)
at io.appium.java_client.android.AndroidDriver.execute(AndroidDriver.java:1)
at org.openqa.selenium.remote.RemoteWebDriver.getScreenshotAs(RemoteWebDriver.java:295)
at com.share.utility.Utilities.getScreenshot(Utilities.java:22)
at com.share.general.DriverSetUp.setTestResult(DriverSetUp.java:184)
at java.base/java.util.ArrayList.forEach(ArrayList.java:1507)
... Removed 37 stack frames]]>
    </failure>
  </testcase> <!-- @AfterMethod setTestResult -->
  <testcase classname="com.share.general.DriverSetUp" name="@AfterMethod setTestResult" time="0.058">
    <failure type="org.openqa.selenium.WebDriverException" message="An unknown server-side error occurred while processing the command. Original error: Could not proxy command to remote server. Original error: Error: socket hang up
Build info: version: &amp;apos;3.141.59&amp;apos;, revision: &amp;apos;e82be7d358&amp;apos;, time: &amp;apos;2018-11-14T08:17:03&amp;apos;
System info: host: &amp;apos;TIJO_PC&amp;apos;, ip: &amp;apos;192.168.43.55&amp;apos;, os.name: &amp;apos;Windows 10&amp;apos;, os.arch: &amp;apos;amd64&amp;apos;, os.version: &amp;apos;10.0&amp;apos;, java.version: &amp;apos;13.0.2&amp;apos;
Driver info: io.appium.java_client.android.AndroidDriver
Capabilities {adbExecTimeout: 50000, appActivity: com.maf.android.share.prese..., appPackage: com.maf.dl.sharesit, autoGrantPermissions: true, automationName: uiautomator2, databaseEnabled: false, desired: {adbExecTimeout: 50000, appActivity: com.maf.android.share.prese..., appPackage: com.maf.dl.sharesit, autoGrantPermissions: true, automationName: uiautomator2, device: Android, deviceName: DT89626EA1950609814, newCommandTimeout: 120, noReset: true, noSign: true, platformName: android}, device: Android, deviceApiLevel: 29, deviceManufacturer: HMD Global, deviceModel: Nokia 3.2, deviceName: DT89626EA1950609814, deviceScreenDensity: 320, deviceScreenSize: 720x1520, deviceUDID: DT89626EA1950609814, javascriptEnabled: true, locationContextEnabled: false, networkConnectionEnabled: true, newCommandTimeout: 120, noReset: true, noSign: true, pixelRatio: 2, platform: LINUX, platformName: Android, platformVersion: 10, statBarHeight: 56, takesScreenshot: true, viewportRect: {height: 1312, left: 0, top: 56, width: 720}, warnings: {}, webStorageEnabled: false}
Session ID: 86aac669-0e08-465b-80e4-c64a7dc9ab87">
      <![CDATA[org.openqa.selenium.WebDriverException: An unknown server-side error occurred while processing the command. Original error: Could not proxy command to remote server. Original error: Error: socket hang up
Build info: version: '3.141.59', revision: 'e82be7d358', time: '2018-11-14T08:17:03'
System info: host: 'TIJO_PC', ip: '192.168.43.55', os.name: 'Windows 10', os.arch: 'amd64', os.version: '10.0', java.version: '13.0.2'
Driver info: io.appium.java_client.android.AndroidDriver
Capabilities {adbExecTimeout: 50000, appActivity: com.maf.android.share.prese..., appPackage: com.maf.dl.sharesit, autoGrantPermissions: true, automationName: uiautomator2, databaseEnabled: false, desired: {adbExecTimeout: 50000, appActivity: com.maf.android.share.prese..., appPackage: com.maf.dl.sharesit, autoGrantPermissions: true, automationName: uiautomator2, device: Android, deviceName: DT89626EA1950609814, newCommandTimeout: 120, noReset: true, noSign: true, platformName: android}, device: Android, deviceApiLevel: 29, deviceManufacturer: HMD Global, deviceModel: Nokia 3.2, deviceName: DT89626EA1950609814, deviceScreenDensity: 320, deviceScreenSize: 720x1520, deviceUDID: DT89626EA1950609814, javascriptEnabled: true, locationContextEnabled: false, networkConnectionEnabled: true, newCommandTimeout: 120, noReset: true, noSign: true, pixelRatio: 2, platform: LINUX, platformName: Android, platformVersion: 10, statBarHeight: 56, takesScreenshot: true, viewportRect: {height: 1312, left: 0, top: 56, width: 720}, warnings: {}, webStorageEnabled: false}
Session ID: 86aac669-0e08-465b-80e4-c64a7dc9ab87
at org.openqa.selenium.remote.http.W3CHttpResponseCodec.createException(W3CHttpResponseCodec.java:187)
at org.openqa.selenium.remote.http.W3CHttpResponseCodec.decode(W3CHttpResponseCodec.java:122)
at org.openqa.selenium.remote.http.W3CHttpResponseCodec.decode(W3CHttpResponseCodec.java:49)
at org.openqa.selenium.remote.HttpCommandExecutor.execute(HttpCommandExecutor.java:158)
at io.appium.java_client.remote.AppiumCommandExecutor.execute(AppiumCommandExecutor.java:239)
at org.openqa.selenium.remote.RemoteWebDriver.execute(RemoteWebDriver.java:552)
at io.appium.java_client.DefaultGenericMobileDriver.execute(DefaultGenericMobileDriver.java:45)
at io.appium.java_client.AppiumDriver.execute(AppiumDriver.java:1)
at io.appium.java_client.android.AndroidDriver.execute(AndroidDriver.java:1)
at org.openqa.selenium.remote.RemoteWebDriver.getScreenshotAs(RemoteWebDriver.java:295)
at com.share.utility.Utilities.getScreenshot(Utilities.java:22)
at com.share.general.DriverSetUp.setTestResult(DriverSetUp.java:184)
at java.base/java.util.ArrayList.forEach(ArrayList.java:1507)
... Removed 36 stack frames]]>
    </failure>
  </testcase> <!-- @AfterMethod setTestResult -->
  <testcase classname="com.share.general.DriverSetUp" name="@AfterMethod setTestResult" time="0.029">
    <failure type="org.openqa.selenium.WebDriverException" message="An unknown server-side error occurred while processing the command. Original error: Could not proxy command to remote server. Original error: Error: socket hang up
Build info: version: &amp;apos;3.141.59&amp;apos;, revision: &amp;apos;e82be7d358&amp;apos;, time: &amp;apos;2018-11-14T08:17:03&amp;apos;
System info: host: &amp;apos;TIJO_PC&amp;apos;, ip: &amp;apos;192.168.43.55&amp;apos;, os.name: &amp;apos;Windows 10&amp;apos;, os.arch: &amp;apos;amd64&amp;apos;, os.version: &amp;apos;10.0&amp;apos;, java.version: &amp;apos;13.0.2&amp;apos;
Driver info: io.appium.java_client.android.AndroidDriver
Capabilities {adbExecTimeout: 50000, appActivity: com.maf.android.share.prese..., appPackage: com.maf.dl.sharesit, autoGrantPermissions: true, automationName: uiautomator2, databaseEnabled: false, desired: {adbExecTimeout: 50000, appActivity: com.maf.android.share.prese..., appPackage: com.maf.dl.sharesit, autoGrantPermissions: true, automationName: uiautomator2, device: Android, deviceName: DT89626EA1950609814, newCommandTimeout: 120, noReset: true, noSign: true, platformName: android}, device: Android, deviceApiLevel: 29, deviceManufacturer: HMD Global, deviceModel: Nokia 3.2, deviceName: DT89626EA1950609814, deviceScreenDensity: 320, deviceScreenSize: 720x1520, deviceUDID: DT89626EA1950609814, javascriptEnabled: true, locationContextEnabled: false, networkConnectionEnabled: true, newCommandTimeout: 120, noReset: true, noSign: true, pixelRatio: 2, platform: LINUX, platformName: Android, platformVersion: 10, statBarHeight: 56, takesScreenshot: true, viewportRect: {height: 1312, left: 0, top: 56, width: 720}, warnings: {}, webStorageEnabled: false}
Session ID: 86aac669-0e08-465b-80e4-c64a7dc9ab87">
      <![CDATA[org.openqa.selenium.WebDriverException: An unknown server-side error occurred while processing the command. Original error: Could not proxy command to remote server. Original error: Error: socket hang up
Build info: version: '3.141.59', revision: 'e82be7d358', time: '2018-11-14T08:17:03'
System info: host: 'TIJO_PC', ip: '192.168.43.55', os.name: 'Windows 10', os.arch: 'amd64', os.version: '10.0', java.version: '13.0.2'
Driver info: io.appium.java_client.android.AndroidDriver
Capabilities {adbExecTimeout: 50000, appActivity: com.maf.android.share.prese..., appPackage: com.maf.dl.sharesit, autoGrantPermissions: true, automationName: uiautomator2, databaseEnabled: false, desired: {adbExecTimeout: 50000, appActivity: com.maf.android.share.prese..., appPackage: com.maf.dl.sharesit, autoGrantPermissions: true, automationName: uiautomator2, device: Android, deviceName: DT89626EA1950609814, newCommandTimeout: 120, noReset: true, noSign: true, platformName: android}, device: Android, deviceApiLevel: 29, deviceManufacturer: HMD Global, deviceModel: Nokia 3.2, deviceName: DT89626EA1950609814, deviceScreenDensity: 320, deviceScreenSize: 720x1520, deviceUDID: DT89626EA1950609814, javascriptEnabled: true, locationContextEnabled: false, networkConnectionEnabled: true, newCommandTimeout: 120, noReset: true, noSign: true, pixelRatio: 2, platform: LINUX, platformName: Android, platformVersion: 10, statBarHeight: 56, takesScreenshot: true, viewportRect: {height: 1312, left: 0, top: 56, width: 720}, warnings: {}, webStorageEnabled: false}
Session ID: 86aac669-0e08-465b-80e4-c64a7dc9ab87
at org.openqa.selenium.remote.http.W3CHttpResponseCodec.createException(W3CHttpResponseCodec.java:187)
at org.openqa.selenium.remote.http.W3CHttpResponseCodec.decode(W3CHttpResponseCodec.java:122)
at org.openqa.selenium.remote.http.W3CHttpResponseCodec.decode(W3CHttpResponseCodec.java:49)
at org.openqa.selenium.remote.HttpCommandExecutor.execute(HttpCommandExecutor.java:158)
at io.appium.java_client.remote.AppiumCommandExecutor.execute(AppiumCommandExecutor.java:239)
at org.openqa.selenium.remote.RemoteWebDriver.execute(RemoteWebDriver.java:552)
at io.appium.java_client.DefaultGenericMobileDriver.execute(DefaultGenericMobileDriver.java:45)
at io.appium.java_client.AppiumDriver.execute(AppiumDriver.java:1)
at io.appium.java_client.android.AndroidDriver.execute(AndroidDriver.java:1)
at org.openqa.selenium.remote.RemoteWebDriver.getScreenshotAs(RemoteWebDriver.java:295)
at com.share.utility.Utilities.getScreenshot(Utilities.java:22)
at com.share.general.DriverSetUp.setTestResult(DriverSetUp.java:184)
at java.base/java.util.ArrayList.forEach(ArrayList.java:1507)
... Removed 36 stack frames]]>
    </failure>
  </testcase> <!-- @AfterMethod setTestResult -->
  <testcase classname="com.share.general.DriverSetUp" name="@AfterMethod setTestResult" time="0.038">
    <failure type="org.openqa.selenium.WebDriverException" message="An unknown server-side error occurred while processing the command. Original error: Could not proxy command to remote server. Original error: Error: socket hang up
Build info: version: &amp;apos;3.141.59&amp;apos;, revision: &amp;apos;e82be7d358&amp;apos;, time: &amp;apos;2018-11-14T08:17:03&amp;apos;
System info: host: &amp;apos;TIJO_PC&amp;apos;, ip: &amp;apos;192.168.43.55&amp;apos;, os.name: &amp;apos;Windows 10&amp;apos;, os.arch: &amp;apos;amd64&amp;apos;, os.version: &amp;apos;10.0&amp;apos;, java.version: &amp;apos;13.0.2&amp;apos;
Driver info: io.appium.java_client.android.AndroidDriver
Capabilities {adbExecTimeout: 50000, appActivity: com.maf.android.share.prese..., appPackage: com.maf.dl.sharesit, autoGrantPermissions: true, automationName: uiautomator2, databaseEnabled: false, desired: {adbExecTimeout: 50000, appActivity: com.maf.android.share.prese..., appPackage: com.maf.dl.sharesit, autoGrantPermissions: true, automationName: uiautomator2, device: Android, deviceName: DT89626EA1950609814, newCommandTimeout: 120, noReset: true, noSign: true, platformName: android}, device: Android, deviceApiLevel: 29, deviceManufacturer: HMD Global, deviceModel: Nokia 3.2, deviceName: DT89626EA1950609814, deviceScreenDensity: 320, deviceScreenSize: 720x1520, deviceUDID: DT89626EA1950609814, javascriptEnabled: true, locationContextEnabled: false, networkConnectionEnabled: true, newCommandTimeout: 120, noReset: true, noSign: true, pixelRatio: 2, platform: LINUX, platformName: Android, platformVersion: 10, statBarHeight: 56, takesScreenshot: true, viewportRect: {height: 1312, left: 0, top: 56, width: 720}, warnings: {}, webStorageEnabled: false}
Session ID: 86aac669-0e08-465b-80e4-c64a7dc9ab87">
      <![CDATA[org.openqa.selenium.WebDriverException: An unknown server-side error occurred while processing the command. Original error: Could not proxy command to remote server. Original error: Error: socket hang up
Build info: version: '3.141.59', revision: 'e82be7d358', time: '2018-11-14T08:17:03'
System info: host: 'TIJO_PC', ip: '192.168.43.55', os.name: 'Windows 10', os.arch: 'amd64', os.version: '10.0', java.version: '13.0.2'
Driver info: io.appium.java_client.android.AndroidDriver
Capabilities {adbExecTimeout: 50000, appActivity: com.maf.android.share.prese..., appPackage: com.maf.dl.sharesit, autoGrantPermissions: true, automationName: uiautomator2, databaseEnabled: false, desired: {adbExecTimeout: 50000, appActivity: com.maf.android.share.prese..., appPackage: com.maf.dl.sharesit, autoGrantPermissions: true, automationName: uiautomator2, device: Android, deviceName: DT89626EA1950609814, newCommandTimeout: 120, noReset: true, noSign: true, platformName: android}, device: Android, deviceApiLevel: 29, deviceManufacturer: HMD Global, deviceModel: Nokia 3.2, deviceName: DT89626EA1950609814, deviceScreenDensity: 320, deviceScreenSize: 720x1520, deviceUDID: DT89626EA1950609814, javascriptEnabled: true, locationContextEnabled: false, networkConnectionEnabled: true, newCommandTimeout: 120, noReset: true, noSign: true, pixelRatio: 2, platform: LINUX, platformName: Android, platformVersion: 10, statBarHeight: 56, takesScreenshot: true, viewportRect: {height: 1312, left: 0, top: 56, width: 720}, warnings: {}, webStorageEnabled: false}
Session ID: 86aac669-0e08-465b-80e4-c64a7dc9ab87
at org.openqa.selenium.remote.http.W3CHttpResponseCodec.createException(W3CHttpResponseCodec.java:187)
at org.openqa.selenium.remote.http.W3CHttpResponseCodec.decode(W3CHttpResponseCodec.java:122)
at org.openqa.selenium.remote.http.W3CHttpResponseCodec.decode(W3CHttpResponseCodec.java:49)
at org.openqa.selenium.remote.HttpCommandExecutor.execute(HttpCommandExecutor.java:158)
at io.appium.java_client.remote.AppiumCommandExecutor.execute(AppiumCommandExecutor.java:239)
at org.openqa.selenium.remote.RemoteWebDriver.execute(RemoteWebDriver.java:552)
at io.appium.java_client.DefaultGenericMobileDriver.execute(DefaultGenericMobileDriver.java:45)
at io.appium.java_client.AppiumDriver.execute(AppiumDriver.java:1)
at io.appium.java_client.android.AndroidDriver.execute(AndroidDriver.java:1)
at org.openqa.selenium.remote.RemoteWebDriver.getScreenshotAs(RemoteWebDriver.java:295)
at com.share.utility.Utilities.getScreenshot(Utilities.java:22)
at com.share.general.DriverSetUp.setTestResult(DriverSetUp.java:184)
at java.base/java.util.ArrayList.forEach(ArrayList.java:1507)
... Removed 36 stack frames]]>
    </failure>
  </testcase> <!-- @AfterMethod setTestResult -->
  <testcase classname="com.share.general.DriverSetUp" name="@AfterMethod setTestResult" time="0.031">
    <failure type="org.openqa.selenium.WebDriverException" message="An unknown server-side error occurred while processing the command. Original error: Could not proxy command to remote server. Original error: Error: socket hang up
Build info: version: &amp;apos;3.141.59&amp;apos;, revision: &amp;apos;e82be7d358&amp;apos;, time: &amp;apos;2018-11-14T08:17:03&amp;apos;
System info: host: &amp;apos;TIJO_PC&amp;apos;, ip: &amp;apos;192.168.43.55&amp;apos;, os.name: &amp;apos;Windows 10&amp;apos;, os.arch: &amp;apos;amd64&amp;apos;, os.version: &amp;apos;10.0&amp;apos;, java.version: &amp;apos;13.0.2&amp;apos;
Driver info: io.appium.java_client.android.AndroidDriver
Capabilities {adbExecTimeout: 50000, appActivity: com.maf.android.share.prese..., appPackage: com.maf.dl.sharesit, autoGrantPermissions: true, automationName: uiautomator2, databaseEnabled: false, desired: {adbExecTimeout: 50000, appActivity: com.maf.android.share.prese..., appPackage: com.maf.dl.sharesit, autoGrantPermissions: true, automationName: uiautomator2, device: Android, deviceName: DT89626EA1950609814, newCommandTimeout: 120, noReset: true, noSign: true, platformName: android}, device: Android, deviceApiLevel: 29, deviceManufacturer: HMD Global, deviceModel: Nokia 3.2, deviceName: DT89626EA1950609814, deviceScreenDensity: 320, deviceScreenSize: 720x1520, deviceUDID: DT89626EA1950609814, javascriptEnabled: true, locationContextEnabled: false, networkConnectionEnabled: true, newCommandTimeout: 120, noReset: true, noSign: true, pixelRatio: 2, platform: LINUX, platformName: Android, platformVersion: 10, statBarHeight: 56, takesScreenshot: true, viewportRect: {height: 1312, left: 0, top: 56, width: 720}, warnings: {}, webStorageEnabled: false}
Session ID: 86aac669-0e08-465b-80e4-c64a7dc9ab87">
      <![CDATA[org.openqa.selenium.WebDriverException: An unknown server-side error occurred while processing the command. Original error: Could not proxy command to remote server. Original error: Error: socket hang up
Build info: version: '3.141.59', revision: 'e82be7d358', time: '2018-11-14T08:17:03'
System info: host: 'TIJO_PC', ip: '192.168.43.55', os.name: 'Windows 10', os.arch: 'amd64', os.version: '10.0', java.version: '13.0.2'
Driver info: io.appium.java_client.android.AndroidDriver
Capabilities {adbExecTimeout: 50000, appActivity: com.maf.android.share.prese..., appPackage: com.maf.dl.sharesit, autoGrantPermissions: true, automationName: uiautomator2, databaseEnabled: false, desired: {adbExecTimeout: 50000, appActivity: com.maf.android.share.prese..., appPackage: com.maf.dl.sharesit, autoGrantPermissions: true, automationName: uiautomator2, device: Android, deviceName: DT89626EA1950609814, newCommandTimeout: 120, noReset: true, noSign: true, platformName: android}, device: Android, deviceApiLevel: 29, deviceManufacturer: HMD Global, deviceModel: Nokia 3.2, deviceName: DT89626EA1950609814, deviceScreenDensity: 320, deviceScreenSize: 720x1520, deviceUDID: DT89626EA1950609814, javascriptEnabled: true, locationContextEnabled: false, networkConnectionEnabled: true, newCommandTimeout: 120, noReset: true, noSign: true, pixelRatio: 2, platform: LINUX, platformName: Android, platformVersion: 10, statBarHeight: 56, takesScreenshot: true, viewportRect: {height: 1312, left: 0, top: 56, width: 720}, warnings: {}, webStorageEnabled: false}
Session ID: 86aac669-0e08-465b-80e4-c64a7dc9ab87
at org.openqa.selenium.remote.http.W3CHttpResponseCodec.createException(W3CHttpResponseCodec.java:187)
at org.openqa.selenium.remote.http.W3CHttpResponseCodec.decode(W3CHttpResponseCodec.java:122)
at org.openqa.selenium.remote.http.W3CHttpResponseCodec.decode(W3CHttpResponseCodec.java:49)
at org.openqa.selenium.remote.HttpCommandExecutor.execute(HttpCommandExecutor.java:158)
at io.appium.java_client.remote.AppiumCommandExecutor.execute(AppiumCommandExecutor.java:239)
at org.openqa.selenium.remote.RemoteWebDriver.execute(RemoteWebDriver.java:552)
at io.appium.java_client.DefaultGenericMobileDriver.execute(DefaultGenericMobileDriver.java:45)
at io.appium.java_client.AppiumDriver.execute(AppiumDriver.java:1)
at io.appium.java_client.android.AndroidDriver.execute(AndroidDriver.java:1)
at org.openqa.selenium.remote.RemoteWebDriver.getScreenshotAs(RemoteWebDriver.java:295)
at com.share.utility.Utilities.getScreenshot(Utilities.java:22)
at com.share.general.DriverSetUp.setTestResult(DriverSetUp.java:184)
at java.base/java.util.ArrayList.forEach(ArrayList.java:1507)
... Removed 36 stack frames]]>
    </failure>
  </testcase> <!-- @AfterMethod setTestResult -->
  <testcase classname="com.share.general.DriverSetUp" name="@AfterMethod setTestResult" time="0.037">
    <failure type="org.openqa.selenium.WebDriverException" message="An unknown server-side error occurred while processing the command. Original error: Could not proxy command to remote server. Original error: Error: socket hang up
Build info: version: &amp;apos;3.141.59&amp;apos;, revision: &amp;apos;e82be7d358&amp;apos;, time: &amp;apos;2018-11-14T08:17:03&amp;apos;
System info: host: &amp;apos;TIJO_PC&amp;apos;, ip: &amp;apos;192.168.43.55&amp;apos;, os.name: &amp;apos;Windows 10&amp;apos;, os.arch: &amp;apos;amd64&amp;apos;, os.version: &amp;apos;10.0&amp;apos;, java.version: &amp;apos;13.0.2&amp;apos;
Driver info: io.appium.java_client.android.AndroidDriver
Capabilities {adbExecTimeout: 50000, appActivity: com.maf.android.share.prese..., appPackage: com.maf.dl.sharesit, autoGrantPermissions: true, automationName: uiautomator2, databaseEnabled: false, desired: {adbExecTimeout: 50000, appActivity: com.maf.android.share.prese..., appPackage: com.maf.dl.sharesit, autoGrantPermissions: true, automationName: uiautomator2, device: Android, deviceName: DT89626EA1950609814, newCommandTimeout: 120, noReset: true, noSign: true, platformName: android}, device: Android, deviceApiLevel: 29, deviceManufacturer: HMD Global, deviceModel: Nokia 3.2, deviceName: DT89626EA1950609814, deviceScreenDensity: 320, deviceScreenSize: 720x1520, deviceUDID: DT89626EA1950609814, javascriptEnabled: true, locationContextEnabled: false, networkConnectionEnabled: true, newCommandTimeout: 120, noReset: true, noSign: true, pixelRatio: 2, platform: LINUX, platformName: Android, platformVersion: 10, statBarHeight: 56, takesScreenshot: true, viewportRect: {height: 1312, left: 0, top: 56, width: 720}, warnings: {}, webStorageEnabled: false}
Session ID: 86aac669-0e08-465b-80e4-c64a7dc9ab87">
      <![CDATA[org.openqa.selenium.WebDriverException: An unknown server-side error occurred while processing the command. Original error: Could not proxy command to remote server. Original error: Error: socket hang up
Build info: version: '3.141.59', revision: 'e82be7d358', time: '2018-11-14T08:17:03'
System info: host: 'TIJO_PC', ip: '192.168.43.55', os.name: 'Windows 10', os.arch: 'amd64', os.version: '10.0', java.version: '13.0.2'
Driver info: io.appium.java_client.android.AndroidDriver
Capabilities {adbExecTimeout: 50000, appActivity: com.maf.android.share.prese..., appPackage: com.maf.dl.sharesit, autoGrantPermissions: true, automationName: uiautomator2, databaseEnabled: false, desired: {adbExecTimeout: 50000, appActivity: com.maf.android.share.prese..., appPackage: com.maf.dl.sharesit, autoGrantPermissions: true, automationName: uiautomator2, device: Android, deviceName: DT89626EA1950609814, newCommandTimeout: 120, noReset: true, noSign: true, platformName: android}, device: Android, deviceApiLevel: 29, deviceManufacturer: HMD Global, deviceModel: Nokia 3.2, deviceName: DT89626EA1950609814, deviceScreenDensity: 320, deviceScreenSize: 720x1520, deviceUDID: DT89626EA1950609814, javascriptEnabled: true, locationContextEnabled: false, networkConnectionEnabled: true, newCommandTimeout: 120, noReset: true, noSign: true, pixelRatio: 2, platform: LINUX, platformName: Android, platformVersion: 10, statBarHeight: 56, takesScreenshot: true, viewportRect: {height: 1312, left: 0, top: 56, width: 720}, warnings: {}, webStorageEnabled: false}
Session ID: 86aac669-0e08-465b-80e4-c64a7dc9ab87
at org.openqa.selenium.remote.http.W3CHttpResponseCodec.createException(W3CHttpResponseCodec.java:187)
at org.openqa.selenium.remote.http.W3CHttpResponseCodec.decode(W3CHttpResponseCodec.java:122)
at org.openqa.selenium.remote.http.W3CHttpResponseCodec.decode(W3CHttpResponseCodec.java:49)
at org.openqa.selenium.remote.HttpCommandExecutor.execute(HttpCommandExecutor.java:158)
at io.appium.java_client.remote.AppiumCommandExecutor.execute(AppiumCommandExecutor.java:239)
at org.openqa.selenium.remote.RemoteWebDriver.execute(RemoteWebDriver.java:552)
at io.appium.java_client.DefaultGenericMobileDriver.execute(DefaultGenericMobileDriver.java:45)
at io.appium.java_client.AppiumDriver.execute(AppiumDriver.java:1)
at io.appium.java_client.android.AndroidDriver.execute(AndroidDriver.java:1)
at org.openqa.selenium.remote.RemoteWebDriver.getScreenshotAs(RemoteWebDriver.java:295)
at com.share.utility.Utilities.getScreenshot(Utilities.java:22)
at com.share.general.DriverSetUp.setTestResult(DriverSetUp.java:184)
at java.base/java.util.ArrayList.forEach(ArrayList.java:1507)
... Removed 36 stack frames]]>
    </failure>
  </testcase> <!-- @AfterMethod setTestResult -->
  <testcase classname="com.share.general.DriverSetUp" name="@AfterMethod setTestResult" time="0.029">
    <failure type="org.openqa.selenium.WebDriverException" message="An unknown server-side error occurred while processing the command. Original error: Could not proxy command to remote server. Original error: Error: socket hang up
Build info: version: &amp;apos;3.141.59&amp;apos;, revision: &amp;apos;e82be7d358&amp;apos;, time: &amp;apos;2018-11-14T08:17:03&amp;apos;
System info: host: &amp;apos;TIJO_PC&amp;apos;, ip: &amp;apos;192.168.43.55&amp;apos;, os.name: &amp;apos;Windows 10&amp;apos;, os.arch: &amp;apos;amd64&amp;apos;, os.version: &amp;apos;10.0&amp;apos;, java.version: &amp;apos;13.0.2&amp;apos;
Driver info: io.appium.java_client.android.AndroidDriver
Capabilities {adbExecTimeout: 50000, appActivity: com.maf.android.share.prese..., appPackage: com.maf.dl.sharesit, autoGrantPermissions: true, automationName: uiautomator2, databaseEnabled: false, desired: {adbExecTimeout: 50000, appActivity: com.maf.android.share.prese..., appPackage: com.maf.dl.sharesit, autoGrantPermissions: true, automationName: uiautomator2, device: Android, deviceName: DT89626EA1950609814, newCommandTimeout: 120, noReset: true, noSign: true, platformName: android}, device: Android, deviceApiLevel: 29, deviceManufacturer: HMD Global, deviceModel: Nokia 3.2, deviceName: DT89626EA1950609814, deviceScreenDensity: 320, deviceScreenSize: 720x1520, deviceUDID: DT89626EA1950609814, javascriptEnabled: true, locationContextEnabled: false, networkConnectionEnabled: true, newCommandTimeout: 120, noReset: true, noSign: true, pixelRatio: 2, platform: LINUX, platformName: Android, platformVersion: 10, statBarHeight: 56, takesScreenshot: true, viewportRect: {height: 1312, left: 0, top: 56, width: 720}, warnings: {}, webStorageEnabled: false}
Session ID: 86aac669-0e08-465b-80e4-c64a7dc9ab87">
      <![CDATA[org.openqa.selenium.WebDriverException: An unknown server-side error occurred while processing the command. Original error: Could not proxy command to remote server. Original error: Error: socket hang up
Build info: version: '3.141.59', revision: 'e82be7d358', time: '2018-11-14T08:17:03'
System info: host: 'TIJO_PC', ip: '192.168.43.55', os.name: 'Windows 10', os.arch: 'amd64', os.version: '10.0', java.version: '13.0.2'
Driver info: io.appium.java_client.android.AndroidDriver
Capabilities {adbExecTimeout: 50000, appActivity: com.maf.android.share.prese..., appPackage: com.maf.dl.sharesit, autoGrantPermissions: true, automationName: uiautomator2, databaseEnabled: false, desired: {adbExecTimeout: 50000, appActivity: com.maf.android.share.prese..., appPackage: com.maf.dl.sharesit, autoGrantPermissions: true, automationName: uiautomator2, device: Android, deviceName: DT89626EA1950609814, newCommandTimeout: 120, noReset: true, noSign: true, platformName: android}, device: Android, deviceApiLevel: 29, deviceManufacturer: HMD Global, deviceModel: Nokia 3.2, deviceName: DT89626EA1950609814, deviceScreenDensity: 320, deviceScreenSize: 720x1520, deviceUDID: DT89626EA1950609814, javascriptEnabled: true, locationContextEnabled: false, networkConnectionEnabled: true, newCommandTimeout: 120, noReset: true, noSign: true, pixelRatio: 2, platform: LINUX, platformName: Android, platformVersion: 10, statBarHeight: 56, takesScreenshot: true, viewportRect: {height: 1312, left: 0, top: 56, width: 720}, warnings: {}, webStorageEnabled: false}
Session ID: 86aac669-0e08-465b-80e4-c64a7dc9ab87
at org.openqa.selenium.remote.http.W3CHttpResponseCodec.createException(W3CHttpResponseCodec.java:187)
at org.openqa.selenium.remote.http.W3CHttpResponseCodec.decode(W3CHttpResponseCodec.java:122)
at org.openqa.selenium.remote.http.W3CHttpResponseCodec.decode(W3CHttpResponseCodec.java:49)
at org.openqa.selenium.remote.HttpCommandExecutor.execute(HttpCommandExecutor.java:158)
at io.appium.java_client.remote.AppiumCommandExecutor.execute(AppiumCommandExecutor.java:239)
at org.openqa.selenium.remote.RemoteWebDriver.execute(RemoteWebDriver.java:552)
at io.appium.java_client.DefaultGenericMobileDriver.execute(DefaultGenericMobileDriver.java:45)
at io.appium.java_client.AppiumDriver.execute(AppiumDriver.java:1)
at io.appium.java_client.android.AndroidDriver.execute(AndroidDriver.java:1)
at org.openqa.selenium.remote.RemoteWebDriver.getScreenshotAs(RemoteWebDriver.java:295)
at com.share.utility.Utilities.getScreenshot(Utilities.java:22)
at com.share.general.DriverSetUp.setTestResult(DriverSetUp.java:184)
at java.base/java.util.ArrayList.forEach(ArrayList.java:1507)
... Removed 36 stack frames]]>
    </failure>
  </testcase> <!-- @AfterMethod setTestResult -->
  <testcase classname="com.share.general.DriverSetUp" name="@AfterMethod setTestResult" time="0.043">
    <failure type="org.openqa.selenium.WebDriverException" message="An unknown server-side error occurred while processing the command. Original error: Could not proxy command to remote server. Original error: Error: socket hang up
Build info: version: &amp;apos;3.141.59&amp;apos;, revision: &amp;apos;e82be7d358&amp;apos;, time: &amp;apos;2018-11-14T08:17:03&amp;apos;
System info: host: &amp;apos;TIJO_PC&amp;apos;, ip: &amp;apos;192.168.43.55&amp;apos;, os.name: &amp;apos;Windows 10&amp;apos;, os.arch: &amp;apos;amd64&amp;apos;, os.version: &amp;apos;10.0&amp;apos;, java.version: &amp;apos;13.0.2&amp;apos;
Driver info: io.appium.java_client.android.AndroidDriver
Capabilities {adbExecTimeout: 50000, appActivity: com.maf.android.share.prese..., appPackage: com.maf.dl.sharesit, autoGrantPermissions: true, automationName: uiautomator2, databaseEnabled: false, desired: {adbExecTimeout: 50000, appActivity: com.maf.android.share.prese..., appPackage: com.maf.dl.sharesit, autoGrantPermissions: true, automationName: uiautomator2, device: Android, deviceName: DT89626EA1950609814, newCommandTimeout: 120, noReset: true, noSign: true, platformName: android}, device: Android, deviceApiLevel: 29, deviceManufacturer: HMD Global, deviceModel: Nokia 3.2, deviceName: DT89626EA1950609814, deviceScreenDensity: 320, deviceScreenSize: 720x1520, deviceUDID: DT89626EA1950609814, javascriptEnabled: true, locationContextEnabled: false, networkConnectionEnabled: true, newCommandTimeout: 120, noReset: true, noSign: true, pixelRatio: 2, platform: LINUX, platformName: Android, platformVersion: 10, statBarHeight: 56, takesScreenshot: true, viewportRect: {height: 1312, left: 0, top: 56, width: 720}, warnings: {}, webStorageEnabled: false}
Session ID: 86aac669-0e08-465b-80e4-c64a7dc9ab87">
      <![CDATA[org.openqa.selenium.WebDriverException: An unknown server-side error occurred while processing the command. Original error: Could not proxy command to remote server. Original error: Error: socket hang up
Build info: version: '3.141.59', revision: 'e82be7d358', time: '2018-11-14T08:17:03'
System info: host: 'TIJO_PC', ip: '192.168.43.55', os.name: 'Windows 10', os.arch: 'amd64', os.version: '10.0', java.version: '13.0.2'
Driver info: io.appium.java_client.android.AndroidDriver
Capabilities {adbExecTimeout: 50000, appActivity: com.maf.android.share.prese..., appPackage: com.maf.dl.sharesit, autoGrantPermissions: true, automationName: uiautomator2, databaseEnabled: false, desired: {adbExecTimeout: 50000, appActivity: com.maf.android.share.prese..., appPackage: com.maf.dl.sharesit, autoGrantPermissions: true, automationName: uiautomator2, device: Android, deviceName: DT89626EA1950609814, newCommandTimeout: 120, noReset: true, noSign: true, platformName: android}, device: Android, deviceApiLevel: 29, deviceManufacturer: HMD Global, deviceModel: Nokia 3.2, deviceName: DT89626EA1950609814, deviceScreenDensity: 320, deviceScreenSize: 720x1520, deviceUDID: DT89626EA1950609814, javascriptEnabled: true, locationContextEnabled: false, networkConnectionEnabled: true, newCommandTimeout: 120, noReset: true, noSign: true, pixelRatio: 2, platform: LINUX, platformName: Android, platformVersion: 10, statBarHeight: 56, takesScreenshot: true, viewportRect: {height: 1312, left: 0, top: 56, width: 720}, warnings: {}, webStorageEnabled: false}
Session ID: 86aac669-0e08-465b-80e4-c64a7dc9ab87
at org.openqa.selenium.remote.http.W3CHttpResponseCodec.createException(W3CHttpResponseCodec.java:187)
at org.openqa.selenium.remote.http.W3CHttpResponseCodec.decode(W3CHttpResponseCodec.java:122)
at org.openqa.selenium.remote.http.W3CHttpResponseCodec.decode(W3CHttpResponseCodec.java:49)
at org.openqa.selenium.remote.HttpCommandExecutor.execute(HttpCommandExecutor.java:158)
at io.appium.java_client.remote.AppiumCommandExecutor.execute(AppiumCommandExecutor.java:239)
at org.openqa.selenium.remote.RemoteWebDriver.execute(RemoteWebDriver.java:552)
at io.appium.java_client.DefaultGenericMobileDriver.execute(DefaultGenericMobileDriver.java:45)
at io.appium.java_client.AppiumDriver.execute(AppiumDriver.java:1)
at io.appium.java_client.android.AndroidDriver.execute(AndroidDriver.java:1)
at org.openqa.selenium.remote.RemoteWebDriver.getScreenshotAs(RemoteWebDriver.java:295)
at com.share.utility.Utilities.getScreenshot(Utilities.java:22)
at com.share.general.DriverSetUp.setTestResult(DriverSetUp.java:184)
at java.base/java.util.ArrayList.forEach(ArrayList.java:1507)
... Removed 36 stack frames]]>
    </failure>
  </testcase> <!-- @AfterMethod setTestResult -->
  <testcase classname="com.share.general.DriverSetUp" name="@AfterMethod setTestResult" time="0.03">
    <failure type="org.openqa.selenium.WebDriverException" message="An unknown server-side error occurred while processing the command. Original error: Could not proxy command to remote server. Original error: Error: socket hang up
Build info: version: &amp;apos;3.141.59&amp;apos;, revision: &amp;apos;e82be7d358&amp;apos;, time: &amp;apos;2018-11-14T08:17:03&amp;apos;
System info: host: &amp;apos;TIJO_PC&amp;apos;, ip: &amp;apos;192.168.43.55&amp;apos;, os.name: &amp;apos;Windows 10&amp;apos;, os.arch: &amp;apos;amd64&amp;apos;, os.version: &amp;apos;10.0&amp;apos;, java.version: &amp;apos;13.0.2&amp;apos;
Driver info: io.appium.java_client.android.AndroidDriver
Capabilities {adbExecTimeout: 50000, appActivity: com.maf.android.share.prese..., appPackage: com.maf.dl.sharesit, autoGrantPermissions: true, automationName: uiautomator2, databaseEnabled: false, desired: {adbExecTimeout: 50000, appActivity: com.maf.android.share.prese..., appPackage: com.maf.dl.sharesit, autoGrantPermissions: true, automationName: uiautomator2, device: Android, deviceName: DT89626EA1950609814, newCommandTimeout: 120, noReset: true, noSign: true, platformName: android}, device: Android, deviceApiLevel: 29, deviceManufacturer: HMD Global, deviceModel: Nokia 3.2, deviceName: DT89626EA1950609814, deviceScreenDensity: 320, deviceScreenSize: 720x1520, deviceUDID: DT89626EA1950609814, javascriptEnabled: true, locationContextEnabled: false, networkConnectionEnabled: true, newCommandTimeout: 120, noReset: true, noSign: true, pixelRatio: 2, platform: LINUX, platformName: Android, platformVersion: 10, statBarHeight: 56, takesScreenshot: true, viewportRect: {height: 1312, left: 0, top: 56, width: 720}, warnings: {}, webStorageEnabled: false}
Session ID: 86aac669-0e08-465b-80e4-c64a7dc9ab87">
      <![CDATA[org.openqa.selenium.WebDriverException: An unknown server-side error occurred while processing the command. Original error: Could not proxy command to remote server. Original error: Error: socket hang up
Build info: version: '3.141.59', revision: 'e82be7d358', time: '2018-11-14T08:17:03'
System info: host: 'TIJO_PC', ip: '192.168.43.55', os.name: 'Windows 10', os.arch: 'amd64', os.version: '10.0', java.version: '13.0.2'
Driver info: io.appium.java_client.android.AndroidDriver
Capabilities {adbExecTimeout: 50000, appActivity: com.maf.android.share.prese..., appPackage: com.maf.dl.sharesit, autoGrantPermissions: true, automationName: uiautomator2, databaseEnabled: false, desired: {adbExecTimeout: 50000, appActivity: com.maf.android.share.prese..., appPackage: com.maf.dl.sharesit, autoGrantPermissions: true, automationName: uiautomator2, device: Android, deviceName: DT89626EA1950609814, newCommandTimeout: 120, noReset: true, noSign: true, platformName: android}, device: Android, deviceApiLevel: 29, deviceManufacturer: HMD Global, deviceModel: Nokia 3.2, deviceName: DT89626EA1950609814, deviceScreenDensity: 320, deviceScreenSize: 720x1520, deviceUDID: DT89626EA1950609814, javascriptEnabled: true, locationContextEnabled: false, networkConnectionEnabled: true, newCommandTimeout: 120, noReset: true, noSign: true, pixelRatio: 2, platform: LINUX, platformName: Android, platformVersion: 10, statBarHeight: 56, takesScreenshot: true, viewportRect: {height: 1312, left: 0, top: 56, width: 720}, warnings: {}, webStorageEnabled: false}
Session ID: 86aac669-0e08-465b-80e4-c64a7dc9ab87
at org.openqa.selenium.remote.http.W3CHttpResponseCodec.createException(W3CHttpResponseCodec.java:187)
at org.openqa.selenium.remote.http.W3CHttpResponseCodec.decode(W3CHttpResponseCodec.java:122)
at org.openqa.selenium.remote.http.W3CHttpResponseCodec.decode(W3CHttpResponseCodec.java:49)
at org.openqa.selenium.remote.HttpCommandExecutor.execute(HttpCommandExecutor.java:158)
at io.appium.java_client.remote.AppiumCommandExecutor.execute(AppiumCommandExecutor.java:239)
at org.openqa.selenium.remote.RemoteWebDriver.execute(RemoteWebDriver.java:552)
at io.appium.java_client.DefaultGenericMobileDriver.execute(DefaultGenericMobileDriver.java:45)
at io.appium.java_client.AppiumDriver.execute(AppiumDriver.java:1)
at io.appium.java_client.android.AndroidDriver.execute(AndroidDriver.java:1)
at org.openqa.selenium.remote.RemoteWebDriver.getScreenshotAs(RemoteWebDriver.java:295)
at com.share.utility.Utilities.getScreenshot(Utilities.java:22)
at com.share.general.DriverSetUp.setTestResult(DriverSetUp.java:184)
at java.base/java.util.ArrayList.forEach(ArrayList.java:1507)
... Removed 35 stack frames]]>
    </failure>
  </testcase> <!-- @AfterMethod setTestResult -->
  <testcase classname="com.share.general.DriverSetUp" name="@AfterMethod setTestResult" time="0.029">
    <failure type="org.openqa.selenium.WebDriverException" message="An unknown server-side error occurred while processing the command. Original error: Could not proxy command to remote server. Original error: Error: socket hang up
[...]
    <skipped/>
  </testcase> <!-- TC_Registration_003_to_008 -->
  <testcase classname="com.share.testscript.Registration" name="TC_Registration_003_to_008" time="0.0">
    <skipped/>
  </testcase> <!-- TC_Registration_003_to_008 -->
  <testcase classname="com.share.testscript.Registration" name="TC_Registration_009" time="0.0">
    <skipped/>
  </testcase> <!-- TC_Registration_009 -->
  <testcase classname="com.share.testscript.Registration" name="TC_Registration_010" time="0.0">
    <skipped/>
  </testcase> <!-- TC_Registration_010 -->
  <testcase classname="com.share.testscript.Registration" name="TC_Registration_011" time="0.0">
    <skipped/>
  </testcase> <!-- TC_Registration_011 -->
  <testcase classname="com.share.testscript.Registration" name="TC_Registration_012" time="0.0">
    <skipped/>
  </testcase> <!-- TC_Registration_012 -->
  <testcase classname="com.share.testscript.Registration" name="TC_Registration_013" time="0.0">
    <skipped/>
  </testcase> <!-- TC_Registration_013 -->
  <testcase classname="com.share.testscript.Registration" name="TC_Registration_014" time="0.0">
    <skipped/>
  </testcase> <!-- TC_Registration_014 -->
  <testcase classname="com.share.testscript.Registration" name="TC_Registration_015_to_020" time="0.0">
    <skipped/>
  </testcase> <!-- TC_Registration_015_to_020 -->
  <testcase classname="com.share.testscript.Registration" name="TC_Registration_015_to_020" time="0.0">
    <skipped/>
  </testcase> <!-- TC_Registration_015_to_020 -->
  <testcase classname="com.share.testscript.Registration" name="TC_Registration_015_to_020" time="0.0">
    <skipped/>
  </testcase> <!-- TC_Registration_015_to_020 -->
  <testcase classname="com.share.testscript.Registration" name="TC_Registration_015_to_020" time="0.0">
    <skipped/>
  </testcase> <!-- TC_Registration_015_to_020 -->
  <testcase classname="com.share.testscript.Registration" name="TC_Registration_015_to_020" time="0.0">
    <skipped/>
  </testcase> <!-- TC_Registration_015_to_020 -->
  <testcase classname="com.share.testscript.Registration" name="TC_Registration_015_to_020" time="0.0">
    <skipped/>
  </testcase> <!-- TC_Registration_015_to_020 -->
  <testcase classname="com.share.testscript.Registration" name="TC_Registration_021_to_026" time="0.0">
    <skipped/>
  </testcase> <!-- TC_Registration_021_to_026 -->
  <testcase classname="com.share.testscript.Registration" name="TC_Registration_021_to_026" time="0.0">
    <skipped/>
  </testcase> <!-- TC_Registration_021_to_026 -->
  <testcase classname="com.share.testscript.Registration" name="TC_Registration_021_to_026" time="0.0">
    <skipped/>
  </testcase> <!-- TC_Registration_021_to_026 -->
  <testcase classname="com.share.testscript.Registration" name="TC_Registration_021_to_026" time="0.0">
    <skipped/>
  </testcase> <!-- TC_Registration_021_to_026 -->
  <testcase classname="com.share.testscript.Registration" name="TC_Registration_021_to_026" time="0.0">
    <skipped/>
  </testcase> <!-- TC_Registration_021_to_026 -->
  <testcase classname="com.share.testscript.Registration" name="TC_Registration_021_to_026" time="0.0">
    <skipped/>
  </testcase> <!-- TC_Registration_021_to_026 -->
  <testcase classname="com.share.testscript.Registration" name="TC_Registration_027_to_030" time="0.0">
    <skipped/>
  </testcase> <!-- TC_Registration_027_to_030 -->
  <testcase classname="com.share.testscript.Registration" name="TC_Registration_027_to_030" time="0.0">
    <skipped/>
  </testcase> <!-- TC_Registration_027_to_030 -->
  <testcase classname="com.share.testscript.Registration" name="TC_Registration_027_to_030" time="0.0">
    <skipped/>
  </testcase> <!-- TC_Registration_027_to_030 -->
  <testcase classname="com.share.testscript.Registration" name="TC_Registration_027_to_030" time="0.0">
    <skipped/>
  </testcase> <!-- TC_Registration_027_to_030 -->
  <testcase classname="com.share.testscript.Registration" name="TC_Registration_031_to_034" time="0.0">
    <skipped/>
  </testcase> <!-- TC_Registration_031_to_034 -->
  <testcase classname="com.share.testscript.Registration" name="TC_Registration_031_to_034" time="0.0">
    <skipped/>
  </testcase> <!-- TC_Registration_031_to_034 -->
  <testcase classname="com.share.testscript.Registration" name="TC_Registration_031_to_034" time="0.0">
    <skipped/>
  </testcase> <!-- TC_Registration_031_to_034 -->
  <testcase classname="com.share.testscript.Registration" name="TC_Registration_031_to_034" time="0.0">
    <skipped/>
  </testcase> <!-- TC_Registration_031_to_034 -->
  <testcase classname="com.share.testscript.Registration" name="TC_Registration_035_to_040" time="0.0">
    <skipped/>
  </testcase> <!-- TC_Registration_035_to_040 -->
  <testcase classname="com.share.testscript.Registration" name="TC_Registration_035_to_040" time="0.0">
    <skipped/>
  </testcase> <!-- TC_Registration_035_to_040 -->
  <testcase classname="com.share.testscript.Registration" name="TC_Registration_035_to_040" time="0.0">
    <skipped/>
  </testcase> <!-- TC_Registration_035_to_040 -->
  <testcase classname="com.share.testscript.Registration" name="TC_Registration_035_to_040" time="0.0">
    <skipped/>
  </testcase> <!-- TC_Registration_035_to_040 -->
  <testcase classname="com.share.testscript.Registration" name="TC_Registration_035_to_040" time="0.0">
    <skipped/>
  </testcase> <!-- TC_Registration_035_to_040 -->
  <testcase classname="com.share.testscript.Registration" name="TC_Registration_035_to_040" time="0.0">
    <skipped/>
  </testcase> <!-- TC_Registration_035_to_040 -->
  <testcase classname="com.share.testscript.Registration" name="TC_Registration_041" time="0.0">
    <skipped/>
  </testcase> <!-- TC_Registration_041 -->
  <testcase classname="com.share.testscript.Registration" name="TC_Registration_042" time="0.0">
    <skipped/>
  </testcase> <!-- TC_Registration_042 -->
  <testcase classname="com.share.testscript.Registration" name="TC_Registration_043" time="0.0">
    <skipped/>
  </testcase> <!-- TC_Registration_043 -->
  <testcase classname="com.share.testscript.Registration" name="TC_Registration_044" time="0.0">
    <skipped/>
  </testcase> <!-- TC_Registration_044 -->
  <testcase classname="com.share.testscript.Registration" name="TC_Registration_045" time="0.0">
    <skipped/>
  </testcase> <!-- TC_Registration_045 -->
  <testcase classname="com.share.testscript.Registration" name="TC_Registration_046" time="0.0">
    <skipped/>
  </testcase> <!-- TC_Registration_046 -->
  <testcase classname="com.share.testscript.Registration" name="TC_Registration_047" time="0.0">
    <skipped/>
  </testcase> <!-- TC_Registration_047 -->
  <testcase classname="com.share.testscript.Registration" name="TC_Registration_048" time="0.0">
    <skipped/>
  </testcase> <!-- TC_Registration_048 -->
  <testcase classname="com.share.testscript.Registration" name="TC_Registration_049" time="0.0">
    <skipped/>
  </testcase> <!-- TC_Registration_049 -->
  <testcase classname="com.share.testscript.Registration" name="TC_Registration_050" time="0.0">
    <skipped/>
  </testcase> <!-- TC_Registration_050 -->
  <testcase classname="com.share.testscript.Registration" name="TC_Registration_051" time="0.0">
    <skipped/>
  </testcase> <!-- TC_Registration_051 -->
  <testcase classname="com.share.testscript.Registration" name="TC_Registration_052" time="0.0">
    <skipped/>
  </testcase> <!-- TC_Registration_052 -->
  <testcase classname="com.share.testscript.Registration" name="TC_Registration_053" time="0.0">
    <skipped/>
  </testcase> <!-- TC_Registration_053 -->
  <testcase classname="com.share.testscript.SignIn" name="TC_SignIn_015" time="3.415">
    <failure type="org.openqa.selenium.WebDriverException" message="org.openqa.selenium.WebDriverException: An unknown server-side error occurred while processing the command. Original error: Could not proxy command to remote server. Original error: Error: socket hang up
Build info: version: &amp;apos;3.141.59&amp;apos;, revision: &amp;apos;e82be7d358&amp;apos;, time: &amp;apos;2018-11-14T08:17:03&amp;apos;
System info: host: &amp;apos;TIJO_PC&amp;apos;, ip: &amp;apos;192.168.43.55&amp;apos;, os.name: &amp;apos;Windows 10&amp;apos;, os.arch: &amp;apos;amd64&amp;apos;, os.version: &amp;apos;10.0&amp;apos;, java.version: &amp;apos;13.0.2&amp;apos;
Driver info: io.appium.java_client.android.AndroidDriver
Capabilities {adbExecTimeout: 50000, appActivity: com.maf.android.share.prese..., appPackage: com.maf.dl.sharesit, autoGrantPermissions: true, automationName: uiautomator2, databaseEnabled: false, desired: {adbExecTimeout: 50000, appActivity: com.maf.android.share.prese..., appPackage: com.maf.dl.sharesit, autoGrantPermissions: true, automationName: uiautomator2, device: Android, deviceName: DT89626EA1950609814, newCommandTimeout: 120, noReset: true, noSign: true, platformName: android}, device: Android, deviceApiLevel: 29, deviceManufacturer: HMD Global, deviceModel: Nokia 3.2, deviceName: DT89626EA1950609814, deviceScreenDensity: 320, deviceScreenSize: 720x1520, deviceUDID: DT89626EA1950609814, javascriptEnabled: true, locationContextEnabled: false, networkConnectionEnabled: true, newCommandTimeout: 120, noReset: true, noSign: true, pixelRatio: 2, platform: LINUX, platformName: Android, platformVersion: 10, statBarHeight: 56, takesScreenshot: true, viewportRect: {height: 1312, left: 0, top: 56, width: 720}, warnings: {}, webStorageEnabled: false}
Session ID: 86aac669-0e08-465b-80e4-c64a7dc9ab87
*** Element info: {Using=id, value=buttonContinue}">
      <![CDATA[org.openqa.selenium.WebDriverException: org.openqa.selenium.WebDriverException: An unknown server-side error occurred while processing the command. Original error: Could not proxy command to remote server. Original error: Error: socket hang up
Build info: version: '3.141.59', revision: 'e82be7d358', time: '2018-11-14T08:17:03'
System info: host: 'TIJO_PC', ip: '192.168.43.55', os.name: 'Windows 10', os.arch: 'amd64', os.version: '10.0', java.version: '13.0.2'
Driver info: io.appium.java_client.android.AndroidDriver
Capabilities {adbExecTimeout: 50000, appActivity: com.maf.android.share.prese..., appPackage: com.maf.dl.sharesit, autoGrantPermissions: true, automationName: uiautomator2, databaseEnabled: false, desired: {adbExecTimeout: 50000, appActivity: com.maf.android.share.prese..., appPackage: com.maf.dl.sharesit, autoGrantPermissions: true, automationName: uiautomator2, device: Android, deviceName: DT89626EA1950609814, newCommandTimeout: 120, noReset: true, noSign: true, platformName: android}, device: Android, deviceApiLevel: 29, deviceManufacturer: HMD Global, deviceModel: Nokia 3.2, deviceName: DT89626EA1950609814, deviceScreenDensity: 320, deviceScreenSize: 720x1520, deviceUDID: DT89626EA1950609814, javascriptEnabled: true, locationContextEnabled: false, networkConnectionEnabled: true, newCommandTimeout: 120, noReset: true, noSign: true, pixelRatio: 2, platform: LINUX, platformName: Android, platformVersion: 10, statBarHeight: 56, takesScreenshot: true, viewportRect: {height: 1312, left: 0, top: 56, width: 720}, warnings: {}, webStorageEnabled: false}
Session ID: 86aac669-0e08-465b-80e4-c64a7dc9ab87
*** Element info: {Using=id, value=buttonContinue}
at io.appium.java_client.pagefactory.AppiumElementLocator$WaitingFunction.apply(AppiumElementLocator.java:192)
at io.appium.java_client.pagefactory.AppiumElementLocator$WaitingFunction.apply(AppiumElementLocator.java:1)
at org.openqa.selenium.support.ui.FluentWait.until(FluentWait.java:249)
at io.appium.java_client.pagefactory.AppiumElementLocator.waitFor(AppiumElementLocator.java:99)
at io.appium.java_client.pagefactory.AppiumElementLocator.findElement(AppiumElementLocator.java:119)
at io.appium.java_client.pagefactory.interceptors.InterceptorOfASingleElement.intercept(InterceptorOfASingleElement.java:59)
at io.appium.java_client.android.AndroidElement$$EnhancerByCGLIB$$b598166c.click(<generated>)
at com.share.functions.SignInFunctions.SignContinue(SignInFunctions.java:186)
at com.share.testscript.SignIn.TC_SignIn_015(SignIn.java:450)
at java.base/java.util.ArrayList.forEach(ArrayList.java:1507)
Caused by: org.openqa.selenium.WebDriverException: An unknown server-side error occurred while processing the command. Original error: Could not proxy command to remote server. Original error: Error: socket hang up
Build info: version: '3.141.59', revision: 'e82be7d358', time: '2018-11-14T08:17:03'
System info: host: 'TIJO_PC', ip: '192.168.43.55', os.name: 'Windows 10', os.arch: 'amd64', os.version: '10.0', java.version: '13.0.2'
Driver info: io.appium.java_client.android.AndroidDriver
Capabilities {adbExecTimeout: 50000, appActivity: com.maf.android.share.prese..., appPackage: com.maf.dl.sharesit, autoGrantPermissions: true, automationName: uiautomator2, databaseEnabled: false, desired: {adbExecTimeout: 50000, appActivity: com.maf.android.share.prese..., appPackage: com.maf.dl.sharesit, autoGrantPermissions: true, automationName: uiautomator2, device: Android, deviceName: DT89626EA1950609814, newCommandTimeout: 120, noReset: true, noSign: true, platformName: android}, device: Android, deviceApiLevel: 29, deviceManufacturer: HMD Global, deviceModel: Nokia 3.2, deviceName: DT89626EA1950609814, deviceScreenDensity: 320, deviceScreenSize: 720x1520, deviceUDID: DT89626EA1950609814, javascriptEnabled: true, locationContextEnabled: false, networkConnectionEnabled: true, newCommandTimeout: 120, noReset: true, noSign: true, pixelRatio: 2, platform: LINUX, platformName: Android, platformVersion: 10, statBarHeight: 56, takesScreenshot: true, viewportRect: {height: 1312, left: 0, top: 56, width: 720}, warnings: {}, webStorageEnabled: false}
Session ID: 86aac669-0e08-465b-80e4-c64a7dc9ab87
*** Element info: {Using=id, value=buttonContinue}
at org.openqa.selenium.remote.http.W3CHttpResponseCodec.createException(W3CHttpResponseCodec.java:187)
at org.openqa.selenium.remote.http.W3CHttpResponseCodec.decode(W3CHttpResponseCodec.java:122)
at org.openqa.selenium.remote.http.W3CHttpResponseCodec.decode(W3CHttpResponseCodec.java:49)
at org.openqa.selenium.remote.HttpCommandExecutor.execute(HttpCommandExecutor.java:158)
at io.appium.java_client.remote.AppiumCommandExecutor.execute(AppiumCommandExecutor.java:239)
at org.openqa.selenium.remote.RemoteWebDriver.execute(RemoteWebDriver.java:552)
at io.appium.java_client.DefaultGenericMobileDriver.execute(DefaultGenericMobileDriver.java:41)
at io.appium.java_client.AppiumDriver.execute(AppiumDriver.java:1)
at io.appium.java_client.android.AndroidDriver.execute(AndroidDriver.java:1)
at org.openqa.selenium.remote.RemoteWebDriver.findElement(RemoteWebDriver.java:323)
at io.appium.java_client.DefaultGenericMobileDriver.findElement(DefaultGenericMobileDriver.java:61)
at io.appium.java_client.AppiumDriver.findElement(AppiumDriver.java:1)
at io.appium.java_client.android.AndroidDriver.findElement(AndroidDriver.java:1)
at org.openqa.selenium.remote.RemoteWebDriver.findElementById(RemoteWebDriver.java:372)
at io.appium.java_client.DefaultGenericMobileDriver.findElementById(DefaultGenericMobileDriver.java:69)
at io.appium.java_client.AppiumDriver.findElementById(AppiumDriver.java:1)
at io.appium.java_client.android.AndroidDriver.findElementById(AndroidDriver.java:1)
at org.openqa.selenium.By$ById.findElement(By.java:188)
at org.openqa.selenium.remote.RemoteWebDriver.findElement(RemoteWebDriver.java:315)
at io.appium.java_client.DefaultGenericMobileDriver.findElement(DefaultGenericMobileDriver.java:57)
at io.appium.java_client.AppiumDriver.findElement(AppiumDriver.java:1)
at io.appium.java_client.android.AndroidDriver.findElement(AndroidDriver.java:1)
at io.appium.java_client.pagefactory.bys.builder.ByChained.lambda$0(ByChained.java:38)
at org.openqa.selenium.support.ui.FluentWait.until(FluentWait.java:249)
at io.appium.java_client.pagefactory.bys.builder.ByChained.findElement(ByChained.java:72)
at org.openqa.selenium.remote.RemoteWebDriver.findElement(RemoteWebDriver.java:315)
at io.appium.java_client.DefaultGenericMobileDriver.findElement(DefaultGenericMobileDriver.java:57)
at io.appium.java_client.AppiumDriver.findElement(AppiumDriver.java:1)
at io.appium.java_client.android.AndroidDriver.findElement(AndroidDriver.java:1)
at io.appium.java_client.pagefactory.bys.ContentMappedBy.findElement(ContentMappedBy.java:50)
at org.openqa.selenium.remote.RemoteWebDriver.findElement(RemoteWebDriver.java:315)
at io.appium.java_client.DefaultGenericMobileDriver.findElement(DefaultGenericMobileDriver.java:57)
at io.appium.java_client.AppiumDriver.findElement(AppiumDriver.java:1)
at io.appium.java_client.android.AndroidDriver.findElement(AndroidDriver.java:1)
at io.appium.java_client.pagefactory.AppiumElementLocator.lambda$0(AppiumElementLocator.java:120)
at io.appium.java_client.pagefactory.AppiumElementLocator$WaitingFunction.apply(AppiumElementLocator.java:172)
... 36 more
... Removed 31 stack frames]]>
    </failure>
  </testcase> <!-- TC_SignIn_015 -->
  <testcase classname="com.share.testscript.SignIn" name="TC_SignIn_009_to_014" time="0.0">
    <skipped/>
  </testcase> <!-- TC_SignIn_009_to_014 -->
  <testcase classname="com.share.testscript.SignIn" name="TC_SignIn_009_to_014" time="0.0">
    <skipped/>
  </testcase> <!-- TC_SignIn_009_to_014 -->
  <testcase classname="com.share.testscript.SignIn" name="TC_SignIn_009_to_014" time="0.0">
    <skipped/>
  </testcase> <!-- TC_SignIn_009_to_014 -->
  <testcase classname="com.share.testscript.SignIn" name="TC_SignIn_009_to_014" time="0.0">
    <skipped/>
  </testcase> <!-- TC_SignIn_009_to_014 -->
  <testcase classname="com.share.testscript.SignIn" name="TC_SignIn_009_to_014" time="0.0">
    <skipped/>
  </testcase> <!-- TC_SignIn_009_to_014 -->
  <testcase classname="com.share.testscript.SignIn" name="TC_SignIn_009_to_014" time="0.0">
    <skipped/>
  </testcase> <!-- TC_SignIn_009_to_014 -->
  <testcase classname="com.share.testscript.SignIn" name="TC_SignIn_008" time="0.0">
    <skipped/>
  </testcase> <!-- TC_SignIn_008 -->
  <testcase classname="com.share.testscript.SignIn" name="TC_SignIn_003_004" time="0.0">
    <skipped/>
  </testcase> <!-- TC_SignIn_003_004 -->
  <testcase classname="com.share.testscript.SignIn" name="TC_SignIn_005" time="0.0">
    <skipped/>
  </testcase> <!-- TC_SignIn_005 -->
  <testcase classname="com.share.testscript.SignIn" name="TC_SignIn_001_002_007" time="0.0">
    <skipped/>
  </testcase> <!-- TC_SignIn_001_002_007 -->
  <testcase classname="com.share.general.DriverSetUp" name="@BeforeSuite SetUp" time="0.0">
    <ignored/>
  </testcase> <!-- @BeforeSuite SetUp -->
  <testcase classname="com.share.general.DriverSetUp" name="@BeforeSuite SetUp" time="0.0">
    <ignored/>
  </testcase> <!-- @BeforeSuite SetUp -->
  <testcase classname="com.share.general.DriverSetUp" name="@BeforeSuite SetUp" time="0.0">
    <ignored/>
  </testcase> <!-- @BeforeSuite SetUp -->
  <testcase classname="com.share.general.DriverSetUp" name="@BeforeTest CreateDriver" time="0.0">
    <ignored/>
  </testcase> <!-- @BeforeTest CreateDriver -->
  <testcase classname="com.share.general.DriverSetUp" name="@BeforeTest CreateDriver" time="0.0">
    <ignored/>
  </testcase> <!-- @BeforeTest CreateDriver -->
  <testcase classname="com.share.general.DriverSetUp" name="@BeforeTest CreateDriver" time="0.0">
    <ignored/>
  </testcase> <!-- @BeforeTest CreateDriver -->
  <testcase classname="com.share.general.DriverSetUp" name="@AfterSuite reportClose" time="0.0">
    <ignored/>
  </testcase> <!-- @AfterSuite reportClose -->
  <testcase classname="com.share.general.DriverSetUp" name="@AfterSuite reportClose" time="0.0">
    <ignored/>
  </testcase> <!-- @AfterSuite reportClose -->
  <testcase classname="com.share.general.DriverSetUp" name="@AfterSuite reportClose" time="0.0">
    <ignored/>
  </testcase> <!-- @AfterSuite reportClose -->
</testsuite> <!-- Regression -->
